#
# A fatal error has been detected by the Java Runtime Environment:
#
#  EXCEPTION_ACCESS_VIOLATION (0xc0000005) at pc=0x00007ffa0954362e, pid=6076, tid=14332
#
# JRE version: OpenJDK Runtime Environment AdoptOpenJDK-16.0.1+9 (16.0.1+9) (build 16.0.1+9)
# Java VM: OpenJDK 64-Bit Server VM AdoptOpenJDK-16.0.1+9 (16.0.1+9, mixed mode, sharing, tiered, compressed oops, compressed class ptrs, g1 gc, windows-amd64)
# Problematic frame:
# C  [native-platform-file-events.dll+0x2362e]
#
# No core dump will be written. Minidumps are not enabled by default on client versions of Windows
#
# If you would like to submit a bug report, please visit:
#   https://github.com/AdoptOpenJDK/openjdk-support/issues
# The crash happened outside the Java Virtual Machine in native code.
# See problematic frame for where to report the bug.
#

---------------  S U M M A R Y ------------

Command Line: --add-opens=java.base/java.util=ALL-UNNAMED --add-opens=java.base/java.lang=ALL-UNNAMED --add-opens=java.base/java.lang.invoke=ALL-UNNAMED --add-opens=java.base/java.util=ALL-UNNAMED --add-opens=java.prefs/java.util.prefs=ALL-UNNAMED --add-opens=java.prefs/java.util.prefs=ALL-UNNAMED --add-opens=java.base/java.nio.charset=ALL-UNNAMED --add-opens=java.base/java.net=ALL-UNNAMED --add-opens=java.base/java.util.concurrent.atomic=ALL-UNNAMED -XX:MaxMetaspaceSize=256m -XX:+HeapDumpOnOutOfMemoryError -Xms256m -Xmx512m -Dfile.encoding=windows-1252 -Duser.country=FR -Duser.language=fr -Duser.variant org.gradle.launcher.daemon.bootstrap.GradleDaemon 7.0

Host: Intel(R) Core(TM) i5-8400 CPU @ 2.80GHz, 6 cores, 15G,  Windows 10 , 64 bit Build 19041 (10.0.19041.1023)
Time: Wed Jul 21 12:22:19 2021 Paris, Madrid (heure duild 19041 (10.0.19041.1023) elapsed time: 2327.354719 seconds (0d 0h 38m 47s)

---------------  T H R E A D  ---------------

Current thread (0x000002192fd835b0):  JavaThread "File watcher server" daemon [_thread_in_native, id=14332, stack(0x000000afef100000,0x000000afef200000)]

Stack: [0x000000afef100000,0x000000afef200000],  sp=0x000000afef1fe9f0,  free space=1018k
Native frames: (J=compiled Java code, j=interpreted, Vv=VM code, C=native code)
C  [native-platform-file-events.dll+0x2362e]

Java frames: (J=compiled Java code, j=interpreted, Vv=VM code)
j  net.rubygrapefruit.platform.internal.jni.AbstractFileEventFunctions$NativeFileWatcher.executeRunLoop0(Ljava/lang/Object;)V+0
j  net.rubygrapefruit.platform.internal.jni.AbstractFileEventFunctions$NativeFileWatcher.access$100(Lnet/rubygrapefruit/platform/internal/jni/AbstractFileEventFunctions$NativeFileWatcher;Ljava/lang/Object;)V+2
j  net.rubygrapefruit.platform.internal.jni.AbstractFileEventFunctions$NativeFileWatcher$1.run()V+26
v  ~StubRoutines::call_stub

siginfo: EXCEPTION_ACCESS_VIOLATION (0xc0000005), reading address 0xffffffffffffffff


Register to memory mapping:

RIP=0x00007ffa0954362e native-platform-file-events.dll
RAX=0x007300650067006e is an unknown value
RBX=0x0000000000000001 is an unknown value
RCX=0x007300650067006e is an unknown value
RDX=0x000000afef1fea48 is pointing into the stack for thread: 0x000002192fd835b0
RSP=0x000000afef1fe9f0 is pointing into the stack for thread: 0x000002192fd835b0
RBP=0x000000afef1ff3e8 is pointing into the stack for thread: 0x000002192fd835b0
RSI=0x0 is NULL
RDI=0x00000000ffffffff is an unallocated location in the heap
R8 =0x000000afef1fea50 is pointing into the stack for thread: 0x000002192fd835b0
R9 =0x000000007ffea000 points into unknown readable memory: 0x00000000546c6148 | 48 61 6c 54 00 00 00 00
R10=0x00000000546c6148 is an unknown value
R11=0x000005c09e3c9d98 is an unknown value
R12=0x0 is NULL
R13={method} {0x00000219333489f8} 'executeRunLoop0' '(Ljava/lang/Object;)V' in 'net/rubygrapefruit/platform/internal/jni/AbstractFileEventFunctions$NativeFileWatcher'
R14=0x000000afef1ff410 is pointing into the stack for thread: 0x000002192fd835b0
R15=0x000002192fd835b0 is a thread


Registers:
RAX=0x007300650067006e, RBX=0x0000000000000001, RCX=0x007300650067006e, RDX=0x000000afef1fea48
RSP=0x000000afef1fe9f0, RBP=0x000000afef1ff3e8, RSI=0x0000000000000000, RDI=0x00000000ffffffff
R8 =0x000000afef1fea50, R9 =0x000000007ffea000, R10=0x00000000546c6148, R11=0x000005c09e3c9d98
R12=0x0000000000000000, R13=0x00000219333489f0, R14=0x000000afef1ff410, R15=0x000002192fd835b0
RIP=0x00007ffa0954362e, EFLAGS=0x0000000000010206

Top of Stack: (sp=0x000000afef1fe9f0)
0x000000afef1fe9f0:   0002cd67740f5b1c 0002cd676ccc4428
0x000000afef1fea00:   0002cd67740f5b1c 00007ffa0955e965
0x000000afef1fea10:   000000afef1feac8 000000afef1fea48
0x000000afef1fea20:   000000af00000000 000000afef1fea58
0x000000afef1fea30:   000000afef1f0001 0000072c8df5e9df
0x000000afef1fea40:   000000afef1fea50 0000000000000079
0x000000afef1fea50:   0002cd676ccc4428 0002cd67740f5b1c
0x000000afef1fea60:   00000000eab000d8 00007ffa0955e4f7
0x000000afef1fea70:   000000afef1feac8 000000afef1feac0
0x000000afef1fea80:   000002192f295cf0 00007ffa0954d473
0x000000afef1fea90:   000000af00000000 000000afeddfc360
0x000000afef1feaa0:   0002cd67740f5b1c 0000000000000079
0x000000afef1feab0:   000000af00000000 000000afef1feb20
0x000000afef1feac0:   00005271dddf61ac 0000000000000079
0x000000afef1fead0:   0000021933aa9780 00007ffa0954385c
0x000000afef1feae0:   007300650067006e 0000021900000003 

Instructions: (pc=0x00007ffa0954362e)
0x00007ffa0954352e:   8b 00 48 89 44 24 38 48 8b 44 24 38 48 89 44 24
0x00007ffa0954353e:   58 48 8b 84 24 b0 00 00 00 48 83 c0 08 48 89 44
0x00007ffa0954354e:   24 40 48 8d 54 24 70 48 8b 4c 24 40 e8 84 1a fe
0x00007ffa0954355e:   ff 48 8b 00 48 89 44 24 48 48 8b 44 24 48 48 89
0x00007ffa0954356e:   44 24 60 4c 8b 4c 24 50 4c 8b 44 24 58 48 8b 54
0x00007ffa0954357e:   24 60 48 8d 4c 24 78 e8 b2 48 fe ff 48 8d 4c 24
0x00007ffa0954358e:   78 e8 a8 20 fe ff 48 8b c8 ff 15 6b ba 16 00 89
0x00007ffa0954359e:   44 24 24 83 7c 24 24 ff 74 15 8b 44 24 24 83 e0
0x00007ffa095435ae:   10 85 c0 74 0a c7 44 24 28 01 00 00 00 eb 08 c7
0x00007ffa095435be:   44 24 28 00 00 00 00 0f b6 44 24 28 88 44 24 20
0x00007ffa095435ce:   48 8d 4c 24 78 e8 04 49 fe ff 0f b6 44 24 20 48
0x00007ffa095435de:   8b 8c 24 98 00 00 00 48 33 cc e8 35 fe fd ff 48
0x00007ffa095435ee:   81 c4 a8 00 00 00 c3 cc cc cc cc cc cc cc cc cc
0x00007ffa095435fe:   cc cc 48 89 4c 24 08 48 81 ec e8 00 00 00 48 8b
0x00007ffa0954360e:   05 a5 1a 15 00 48 33 c4 48 89 84 24 d0 00 00 00
0x00007ffa0954361e:   c7 44 24 30 00 00 00 00 48 8b 84 24 f0 00 00 00
0x00007ffa0954362e:   83 78 68 03 0f 84 02 01 00 00 48 8b 84 24 f0 00
0x00007ffa0954363e:   00 00 48 8b 48 28 ff 15 c6 b9 16 00 89 44 24 38
0x00007ffa0954364e:   83 7c 24 38 00 0f 85 d0 00 00 00 ba 07 00 00 00
0x00007ffa0954365e:   48 8b 0d e3 69 15 00 e8 cd d9 fd ff 88 44 24 34
0x00007ffa0954366e:   0f b6 44 24 34 85 c0 0f 84 90 00 00 00 ff 15 97
0x00007ffa0954367e:   b9 16 00 89 44 24 3c 48 8b 84 24 f0 00 00 00 48
0x00007ffa0954368e:   83 c0 08 48 8b d0 48 8d 8c 24 90 00 00 00 e8 cd
0x00007ffa0954369e:   5b fe ff 48 89 44 24 40 48 8b 44 24 40 48 89 44
0x00007ffa095436ae:   24 48 8b 44 24 30 83 c8 01 89 44 24 30 48 8b 4c
0x00007ffa095436be:   24 48 e8 4e 4d fe ff 48 89 44 24 50 48 8b 84 24
0x00007ffa095436ce:   f0 00 00 00 48 8b 40 28 48 89 44 24 58 8b 44 24
0x00007ffa095436de:   3c 89 44 24 28 48 8b 44 24 50 48 89 44 24 20 4c
0x00007ffa095436ee:   8b 4c 24 58 4c 8d 05 67 4f 11 00 ba 07 00 00 00
0x00007ffa095436fe:   48 8b 0d 43 69 15 00 e8 71 67 fe ff 90 8b 44 24
0x00007ffa0954370e:   30 83 e0 01 85 c0 74 13 83 64 24 30 fe 48 8d 8c
0x00007ffa0954371e:   24 90 00 00 00 e8 eb 1a fe ff 90 eb 00 48 8b 84 


Stack slot to memory mapping:
stack at sp + 0 slots: 0x0002cd67740f5b1c is an unknown value
stack at sp + 1 slots: 0x0002cd676ccc4428 is an unknown value
stack at sp + 2 slots: 0x0002cd67740f5b1c is an unknown value
stack at sp + 3 slots: 0x00007ffa0955e965 native-platform-file-events.dll
stack at sp + 4 slots: 0x000000afef1feac8 is pointing into the stack for thread: 0x000002192fd835b0
stack at sp + 5 slots: 0x000000afef1fea48 is pointing into the stack for thread: 0x000002192fd835b0
stack at sp + 6 slots: 0x000000af00000000 is an unknown value
stack at sp + 7 slots: 0x000000afef1fea58 is pointing into the stack for thread: 0x000002192fd835b0


---------------  P R O C E S S  ---------------

Threads class SMR info:
_java_thread_list=0x0000021931ea24c0, length=50, elements={
0x000002191236e4d0, 0x000002192d8ffa80, 0x000002192d900850, 0x000002192d916890,
0x000002192d9192b0, 0x000002192d919bc0, 0x000002192d91b4e0, 0x000002192d91c1d0,
0x000002192d924be0, 0x000002192d92aa50, 0x000002192e4d5220, 0x000002192e4d6160,
0x00000219306439b0, 0x00000219303b85f0, 0x000002192fbbd1a0, 0x000002192fd80090,
0x000002192fd81080, 0x000002192fd82070, 0x000002192fd835b0, 0x00000219308c95b0,
0x00000219308cbae0, 0x00000219308ce010, 0x00000219308ceab0, 0x00000219308c9b00,
0x00000219308cdac0, 0x00000219308ca050, 0x00000219308cf550, 0x00000219308ca5a0,
0x0000021931d84430, 0x0000021931d82ef0, 0x000002192fd80b30, 0x000002192fd815d0,
0x00000219308cc030, 0x00000219308cc580, 0x00000219308caaf0, 0x0000021931d829a0,
0x0000021931d87ea0, 0x0000021931d85420, 0x0000021931d83440, 0x0000021931d883f0,
0x0000021931d81f00, 0x0000021931d86eb0, 0x0000021931d83990, 0x0000021931d87950,
0x0000021931d85ec0, 0x0000021931d86960, 0x0000021931d80f10, 0x0000021931d819b0,
0x0000021931d86410, 0x0000021931d82450
}

Java Threads: ( => current thread )
  0x000002191236e4d0 JavaThread "main" [_thread_blocked, id=5356, stack(0x000000afeca00000,0x000000afecb00000)]
  0x000002192d8ffa80 JavaThread "Reference Handler" daemon [_thread_blocked, id=5504, stack(0x000000afed100000,0x000000afed200000)]
  0x000002192d900850 JavaThread "Finalizer" daemon [_thread_blocked, id=9980, stack(0x000000afed200000,0x000000afed300000)]
  0x000002192d916890 JavaThread "Signal Dispatcher" daemon [_thread_blocked, id=11664, stack(0x000000afed300000,0x000000afed400000)]
  0x000002192d9192b0 JavaThread "Attach Listener" daemon [_thread_blocked, id=6152, stack(0x000000afed400000,0x000000afed500000)]
  0x000002192d919bc0 JavaThread "Service Thread" daemon [_thread_blocked, id=532, stack(0x000000afed500000,0x000000afed600000)]
  0x000002192d91b4e0 JavaThread "Monitor Deflation Thread" daemon [_thread_blocked, id=4484, stack(0x000000afed600000,0x000000afed700000)]
  0x000002192d91c1d0 JavaThread "C2 CompilerThread0" daemon [_thread_blocked, id=6252, stack(0x000000afed700000,0x000000afed800000)]
  0x000002192d924be0 JavaThread "C1 CompilerThread0" daemon [_thread_blocked, id=9284, stack(0x000000afed800000,0x000000afed900000)]
  0x000002192d92aa50 JavaThread "Sweeper thread" daemon [_thread_blocked, id=12264, stack(0x000000afed900000,0x000000afeda00000)]
  0x000002192e4d5220 JavaThread "Common-Cleaner" daemon [_thread_blocked, id=4884, stack(0x000000afeda00000,0x000000afedb00000)]
  0x000002192e4d6160 JavaThread "Notification Thread" daemon [_thread_blocked, id=7108, stack(0x000000afedb00000,0x000000afedc00000)]
  0x00000219306439b0 JavaThread "Daemon health stats" [_thread_blocked, id=8160, stack(0x000000afee300000,0x000000afee400000)]
  0x00000219303b85f0 JavaThread "Incoming local TCP Connector on port 49627" [_thread_in_native, id=12316, stack(0x000000afee400000,0x000000afee500000)]
  0x000002192fbbd1a0 JavaThread "Daemon periodic checks" [_thread_blocked, id=12356, stack(0x000000afee500000,0x000000afee600000)]
  0x000002192fd80090 JavaThread "Cache worker for file hash cache (C:\Users\80010-02-10\.gradle\caches\7.0\fileHashes)" [_thread_blocked, id=7200, stack(0x000000afeed00000,0x000000afeee00000)]
  0x000002192fd81080 JavaThread "File lock request listener" [_thread_in_native, id=12972, stack(0x000000afeee00000,0x000000afeef00000)]
  0x000002192fd82070 JavaThread "Cache worker for journal cache (C:\Users\80010-02-10\.gradle\caches\journal-1)" [_thread_blocked, id=12016, stack(0x000000afeef00000,0x000000afef000000)]
=>0x000002192fd835b0 JavaThread "File watcher server" daemon [_thread_in_native, id=14332, stack(0x000000afef100000,0x000000afef200000)]
  0x00000219308c95b0 JavaThread "File watcher consumer" daemon [_thread_blocked, id=5576, stack(0x000000afef200000,0x000000afef300000)]
  0x00000219308cbae0 JavaThread "Cache worker for execution history cache (C:\Users\80010-02-10\.gradle\caches\7.0\executionHistory)" [_thread_blocked, id=4896, stack(0x000000afef600000,0x000000afef700000)]
  0x00000219308ce010 JavaThread "jar transforms" [_thread_blocked, id=6552, stack(0x000000afef800000,0x000000afef900000)]
  0x00000219308ceab0 JavaThread "jar transforms Thread 2" [_thread_blocked, id=12956, stack(0x000000afef900000,0x000000afefa00000)]
  0x00000219308c9b00 JavaThread "Cache worker for file content cache (C:\Users\80010-02-10\.gradle\caches\7.0\fileContent)" [_thread_blocked, id=5512, stack(0x000000afefa00000,0x000000afefb00000)]
  0x00000219308cdac0 JavaThread "jar transforms Thread 3" [_thread_blocked, id=7132, stack(0x000000afefb00000,0x000000afefc00000)]
  0x00000219308ca050 JavaThread "jar transforms Thread 4" [_thread_blocked, id=1700, stack(0x000000afefc00000,0x000000afefd00000)]
  0x00000219308cf550 JavaThread "jar transforms Thread 5" [_thread_blocked, id=13000, stack(0x000000afefd00000,0x000000afefe00000)]
  0x00000219308ca5a0 JavaThread "jar transforms Thread 6" [_thread_blocked, id=13916, stack(0x000000afefe00000,0x000000afeff00000)]
  0x0000021931d84430 JavaThread "Memory manager" [_thread_blocked, id=12628, stack(0x000000aff0700000,0x000000aff0800000)]
  0x0000021931d82ef0 JavaThread "Cache worker for Java compile cache (C:\Users\80010-02-10\.gradle\caches\7.0\javaCompile)" [_thread_blocked, id=10072, stack(0x000000aff0e00000,0x000000aff0f00000)]
  0x000002192fd80b30 JavaThread "Daemon Thread 3" [_thread_blocked, id=2612, stack(0x000000afec700000,0x000000afec800000)]
  0x000002192fd815d0 JavaThread "Daemon worker Thread 3" [_thread_in_native, id=6792, stack(0x000000afedd00000,0x000000afede00000)]
  0x00000219308cc030 JavaThread "Exec process Thread 7" [_thread_blocked, id=11336, stack(0x000000aff0c00000,0x000000aff0d00000)]
  0x00000219308cc580 JavaThread "Exec process Thread 8" [_thread_blocked, id=1184, stack(0x000000aff0d00000,0x000000aff0e00000)]
  0x00000219308caaf0 JavaThread "Exec process Thread 9" [_thread_blocked, id=13268, stack(0x000000aff0f00000,0x000000aff1000000)]
  0x0000021931d829a0 JavaThread "Handler for socket connection from /127.0.0.1:49627 to /127.0.0.1:59186" [_thread_in_native, id=13964, stack(0x000000afec800000,0x000000afec900000)]
  0x0000021931d87ea0 JavaThread "Cancel handler" [_thread_blocked, id=13396, stack(0x000000afec900000,0x000000afeca00000)]
  0x0000021931d85420 JavaThread "Asynchronous log dispatcher for DefaultDaemonConnection: socket connection from /127.0.0.1:49627 to /127.0.0.1:59186" [_thread_blocked, id=8436, stack(0x000000afee600000,0x000000afee700000)]
  0x0000021931d83440 JavaThread "Stdin handler" [_thread_blocked, id=2076, stack(0x000000afee700000,0x000000afee800000)]
  0x0000021931d883f0 JavaThread "Daemon client event forwarder" [_thread_blocked, id=6032, stack(0x000000afee800000,0x000000afee900000)]
  0x0000021931d81f00 JavaThread "Cache worker for file hash cache (U:\80010-02-10\Behzad\Projects\cases\.gradle\7.0\fileHashes)" [_thread_blocked, id=12584, stack(0x000000afee900000,0x000000afeea00000)]
  0x0000021931d86eb0 JavaThread "Cache worker for checksums cache (U:\80010-02-10\Behzad\Projects\cases\.gradle\checksums)" [_thread_blocked, id=14112, stack(0x000000afeea00000,0x000000afeeb00000)]
  0x0000021931d83990 JavaThread "Cache worker for cache directory md-rule (C:\Users\80010-02-10\.gradle\caches\7.0\md-rule)" [_thread_blocked, id=14144, stack(0x000000afeec00000,0x000000afeed00000)]
  0x0000021931d87950 JavaThread "Cache worker for dependencies-accessors (U:\80010-02-10\Behzad\Projects\cases\.gradle\7.0\dependencies-accessors)" [_thread_blocked, id=4148, stack(0x000000afef400000,0x000000afef500000)]
  0x0000021931d85ec0 JavaThread "Build operations" [_thread_blocked, id=13136, stack(0x000000afeff00000,0x000000aff0000000)]
  0x0000021931d86960 JavaThread "Build operations Thread 2" [_thread_blocked, id=12908, stack(0x000000aff0000000,0x000000aff0100000)]
  0x0000021931d80f10 JavaThread "Build operations Thread 3" [_thread_blocked, id=8796, stack(0x000000aff0100000,0x000000aff0200000)]
  0x0000021931d819b0 JavaThread "Build operations Thread 4" [_thread_blocked, id=13532, stack(0x000000aff0200000,0x000000aff0300000)]
  0x0000021931d86410 JavaThread "Build operations Thread 5" [_thread_blocked, id=6920, stack(0x000000aff0300000,0x000000aff0400000)]
  0x0000021931d82450 JavaThread "Build operations Thread 6" [_thread_blocked, id=4640, stack(0x000000aff0400000,0x000000aff0500000)]

Other Threads:
  0x000002192d8f9b10 VMThread "VM Thread" [stack: 0x000000afed000000,0x000000afed100000] [id=10236]
  0x000002192e4d8690 WatcherThread [stack: 0x000000afedc00000,0x000000afedd00000] [id=13400]
  0x0000021912394c30 GCTaskThread "GC Thread#0" [stack: 0x000000afecb00000,0x000000afecc00000] [id=14248]
  0x000002192edbdbd0 GCTaskThread "GC Thread#1" [stack: 0x000000afede00000,0x000000afedf00000] [id=9316]
  0x000002192ed35030 GCTaskThread "GC Thread#2" [stack: 0x000000afedf00000,0x000000afee000000] [id=7964]
  0x000002192ed35340 GCTaskThread "GC Thread#3" [stack: 0x000000afee000000,0x000000afee100000] [id=6408]
  0x000002192ed35650 GCTaskThread "GC Thread#4" [stack: 0x000000afee100000,0x000000afee200000] [id=10980]
  0x000002192ed35960 GCTaskThread "GC Thread#5" [stack: 0x000000afee200000,0x000000afee300000] [id=1168]
  0x0000021912399c80 ConcurrentGCThread "G1 Main Marker" [stack: 0x000000afecc00000,0x000000afecd00000] [id=9936]
  0x000002191239a680 ConcurrentGCThread "G1 Conc#0" [stack: 0x000000afecd00000,0x000000afece00000] [id=8604]
  0x000002193005a570 ConcurrentGCThread "G1 Conc#1" [stack: 0x000000afef700000,0x000000afef800000] [id=11008]
  0x000002191244e280 ConcurrentGCThread "G1 Refine#0" [stack: 0x000000afece00000,0x000000afecf00000] [id=9764]
  0x0000021935e203c0 ConcurrentGCThread "G1 Refine#1" [stack: 0x000000aff1000000,0x000000aff1100000] [id=8700]
  0x0000021935e20d80 ConcurrentGCThread "G1 Refine#2" [stack: 0x000000aff1100000,0x000000aff1200000] [id=4452]
  0x0000021935e20080 ConcurrentGCThread "G1 Refine#3" [stack: 0x000000aff1200000,0x000000aff1300000] [id=4400]
  0x0000021935e22ac0 ConcurrentGCThread "G1 Refine#4" [stack: 0x000000aff1300000,0x000000aff1400000] [id=12412]
  0x0000021935e23480 ConcurrentGCThread "G1 Refine#5" [stack: 0x000000aff1400000,0x000000aff1500000] [id=9304]
  0x000002192d7b44b0 ConcurrentGCThread "G1 Service" [stack: 0x000000afecf00000,0x000000afed000000] [id=13404]

Threads with active compile tasks:

VM state: not at safepoint (normal execution)

VM Mutex/Monitor currently owned by a thread: None

Heap address: 0x00000000e0000000, size: 512 MB, Compressed Oops mode: 32-bit

CDS archive(s) mapped at: [0x0000000800000000-0x0000000800bf0000-0x0000000800bf0000), size 12517376, SharedBaseAddress: 0x0000000800000000, ArchiveRelocationMode: 0.
Compressed class space mapped at: 0x0000000800c00000-0x000000080dc00000, reserved size: 218103808
Narrow klass base: 0x0000000800000000, Narrow klass shift: 3, Narrow klass range: 0x100000000

GC Precious Log:
 CPUs: 6 total, 6 available
 Memory: 16219M
 Large Page Support: Disabled
 NUMA Support: Disabled
 Compressed Oops: Enabled (32-bit)
 Heap Region Size: 1M
 Heap Min Capacity: 256M
 Heap Initial Capacity: 256M
 Heap Max Capacity: 512M
 Pre-touch: Disabled
 Parallel Workers: 6
 Concurrent Workers: 2
 Concurrent Refinement Workers: 6
 Periodic GC: Disabled

Heap:
 garbage-first heap   total 262144K, used 83791K [0x00000000e0000000, 0x0000000100000000)
  region size 1024K, 43 young (44032K), 5 survivors (5120K)
 Metaspace       used 59195K, committed 59776K, reserved 270336K
  class space    used 7725K, committed 8000K, reserved 212992K

Heap Regions: E=young(eden), S=young(survivor), O=old, HS=humongous(starts), HC=humongous(continues), CS=collection set, F=free, OA=open archive, CA=closed archive, TAMS=top-at-mark-start (previous, next)
|   0|0x00000000e0000000, 0x00000000e0100000, 0x00000000e0100000|100%| O|  |TAMS 0x00000000e0100000, 0x00000000e0000000| Untracked 
|   1|0x00000000e0100000, 0x00000000e0200000, 0x00000000e0200000|100%| O|  |TAMS 0x00000000e0200000, 0x00000000e0100000| Untracked 
|   2|0x00000000e0200000, 0x00000000e0300000, 0x00000000e0300000|100%| O|  |TAMS 0x00000000e0300000, 0x00000000e0200000| Untracked 
|   3|0x00000000e0300000, 0x00000000e0400000, 0x00000000e0400000|100%|HS|  |TAMS 0x00000000e0400000, 0x00000000e0300000| Complete 
|   4|0x00000000e0400000, 0x00000000e0500000, 0x00000000e0500000|100%|HC|  |TAMS 0x00000000e0500000, 0x00000000e0400000| Complete 
|   5|0x00000000e0500000, 0x00000000e0600000, 0x00000000e0600000|100%|HC|  |TAMS 0x00000000e0600000, 0x00000000e0500000| Complete 
|   6|0x00000000e0600000, 0x00000000e0700000, 0x00000000e0700000|100%| O|  |TAMS 0x00000000e0700000, 0x00000000e0600000| Untracked 
|   7|0x00000000e0700000, 0x00000000e0800000, 0x00000000e0800000|100%| O|  |TAMS 0x00000000e0800000, 0x00000000e0700000| Untracked 
|   8|0x00000000e0800000, 0x00000000e0900000, 0x00000000e0900000|100%| O|  |TAMS 0x00000000e0900000, 0x00000000e0800000| Untracked 
|   9|0x00000000e0900000, 0x00000000e0a00000, 0x00000000e0a00000|100%| O|  |TAMS 0x00000000e0a00000, 0x00000000e0900000| Untracked 
|  10|0x00000000e0a00000, 0x00000000e0b00000, 0x00000000e0b00000|100%| O|  |TAMS 0x00000000e0b00000, 0x00000000e0a00000| Untracked 
|  11|0x00000000e0b00000, 0x00000000e0c00000, 0x00000000e0c00000|100%| O|  |TAMS 0x00000000e0c00000, 0x00000000e0b00000| Untracked 
|  12|0x00000000e0c00000, 0x00000000e0d00000, 0x00000000e0d00000|100%| O|  |TAMS 0x00000000e0d00000, 0x00000000e0c00000| Untracked 
|  13|0x00000000e0d00000, 0x00000000e0e00000, 0x00000000e0e00000|100%| O|  |TAMS 0x00000000e0e00000, 0x00000000e0d00000| Untracked 
|  14|0x00000000e0e00000, 0x00000000e0f00000, 0x00000000e0f00000|100%| O|  |TAMS 0x00000000e0f00000, 0x00000000e0e00000| Untracked 
|  15|0x00000000e0f00000, 0x00000000e1000000, 0x00000000e1000000|100%| O|  |TAMS 0x00000000e1000000, 0x00000000e0f00000| Untracked 
|  16|0x00000000e1000000, 0x00000000e1100000, 0x00000000e1100000|100%| O|  |TAMS 0x00000000e1100000, 0x00000000e1000000| Untracked 
|  17|0x00000000e1100000, 0x00000000e1200000, 0x00000000e1200000|100%| O|  |TAMS 0x00000000e1200000, 0x00000000e1100000| Untracked 
|  18|0x00000000e1200000, 0x00000000e1300000, 0x00000000e1300000|100%| O|  |TAMS 0x00000000e1300000, 0x00000000e1200000| Untracked 
|  19|0x00000000e1300000, 0x00000000e1400000, 0x00000000e1400000|100%| O|  |TAMS 0x00000000e1400000, 0x00000000e1300000| Untracked 
|  20|0x00000000e1400000, 0x00000000e1500000, 0x00000000e1500000|100%| O|  |TAMS 0x00000000e1500000, 0x00000000e1400000| Untracked 
|  21|0x00000000e1500000, 0x00000000e1600000, 0x00000000e1600000|100%| O|  |TAMS 0x00000000e1600000, 0x00000000e1500000| Untracked 
|  22|0x00000000e1600000, 0x00000000e1700000, 0x00000000e1700000|100%| O|  |TAMS 0x00000000e1700000, 0x00000000e1600000| Untracked 
|  23|0x00000000e1700000, 0x00000000e1800000, 0x00000000e1800000|100%| O|  |TAMS 0x00000000e1800000, 0x00000000e1700000| Untracked 
|  24|0x00000000e1800000, 0x00000000e1900000, 0x00000000e1900000|100%| O|  |TAMS 0x00000000e1900000, 0x00000000e1800000| Untracked 
|  25|0x00000000e1900000, 0x00000000e1a00000, 0x00000000e1a00000|100%| O|  |TAMS 0x00000000e1a00000, 0x00000000e1900000| Untracked 
|  26|0x00000000e1a00000, 0x00000000e1b00000, 0x00000000e1b00000|100%| O|  |TAMS 0x00000000e1b00000, 0x00000000e1a00000| Untracked 
|  27|0x00000000e1b00000, 0x00000000e1c00000, 0x00000000e1c00000|100%| O|  |TAMS 0x00000000e1c00000, 0x00000000e1b00000| Untracked 
|  28|0x00000000e1c00000, 0x00000000e1d00000, 0x00000000e1d00000|100%| O|  |TAMS 0x00000000e1d00000, 0x00000000e1c00000| Untracked 
|  29|0x00000000e1d00000, 0x00000000e1e00000, 0x00000000e1e00000|100%| O|  |TAMS 0x00000000e1e00000, 0x00000000e1d00000| Untracked 
|  30|0x00000000e1e00000, 0x00000000e1f00000, 0x00000000e1f00000|100%| O|  |TAMS 0x00000000e1f00000, 0x00000000e1e00000| Untracked 
|  31|0x00000000e1f00000, 0x00000000e2000000, 0x00000000e2000000|100%| O|  |TAMS 0x00000000e2000000, 0x00000000e1f00000| Untracked 
|  32|0x00000000e2000000, 0x00000000e2100000, 0x00000000e2100000|100%| O|  |TAMS 0x00000000e2100000, 0x00000000e2000000| Untracked 
|  33|0x00000000e2100000, 0x00000000e2200000, 0x00000000e2200000|100%| O|  |TAMS 0x00000000e2200000, 0x00000000e2100000| Untracked 
|  34|0x00000000e2200000, 0x00000000e2300000, 0x00000000e2300000|100%| O|  |TAMS 0x00000000e2300000, 0x00000000e2200000| Untracked 
|  35|0x00000000e2300000, 0x00000000e2400000, 0x00000000e2400000|100%| O|  |TAMS 0x00000000e2400000, 0x00000000e2300000| Untracked 
|  36|0x00000000e2400000, 0x00000000e2500000, 0x00000000e2500000|100%| O|  |TAMS 0x00000000e2500000, 0x00000000e2400000| Untracked 
|  37|0x00000000e2500000, 0x00000000e2600000, 0x00000000e2600000|100%| O|  |TAMS 0x00000000e2600000, 0x00000000e2500000| Untracked 
|  38|0x00000000e2600000, 0x00000000e2700000, 0x00000000e2700000|100%| O|  |TAMS 0x00000000e2700000, 0x00000000e2600000| Untracked 
|  39|0x00000000e2700000, 0x00000000e2800000, 0x00000000e2800000|100%| O|  |TAMS 0x00000000e2800000, 0x00000000e2700000| Untracked 
|  40|0x00000000e2800000, 0x00000000e2900000, 0x00000000e2900000|100%| O|  |TAMS 0x00000000e2900000, 0x00000000e2800000| Untracked 
|  41|0x00000000e2900000, 0x00000000e293fe00, 0x00000000e2a00000| 24%| O|  |TAMS 0x00000000e293fe00, 0x00000000e2900000| Untracked 
|  42|0x00000000e2a00000, 0x00000000e2a00000, 0x00000000e2b00000|  0%| F|  |TAMS 0x00000000e2a00000, 0x00000000e2a00000| Untracked 
|  43|0x00000000e2b00000, 0x00000000e2b00000, 0x00000000e2c00000|  0%| F|  |TAMS 0x00000000e2b00000, 0x00000000e2b00000| Untracked 
|  44|0x00000000e2c00000, 0x00000000e2c00000, 0x00000000e2d00000|  0%| F|  |TAMS 0x00000000e2c00000, 0x00000000e2c00000| Untracked 
|  45|0x00000000e2d00000, 0x00000000e2d00000, 0x00000000e2e00000|  0%| F|  |TAMS 0x00000000e2d00000, 0x00000000e2d00000| Untracked 
|  46|0x00000000e2e00000, 0x00000000e2e00000, 0x00000000e2f00000|  0%| F|  |TAMS 0x00000000e2e00000, 0x00000000e2e00000| Untracked 
|  47|0x00000000e2f00000, 0x00000000e2f00000, 0x00000000e3000000|  0%| F|  |TAMS 0x00000000e2f00000, 0x00000000e2f00000| Untracked 
|  48|0x00000000e3000000, 0x00000000e3000000, 0x00000000e3100000|  0%| F|  |TAMS 0x00000000e3000000, 0x00000000e3000000| Untracked 
|  49|0x00000000e3100000, 0x00000000e3100000, 0x00000000e3200000|  0%| F|  |TAMS 0x00000000e3100000, 0x00000000e3100000| Untracked 
|  50|0x00000000e3200000, 0x00000000e3200000, 0x00000000e3300000|  0%| F|  |TAMS 0x00000000e3200000, 0x00000000e3200000| Untracked 
|  51|0x00000000e3300000, 0x00000000e3300000, 0x00000000e3400000|  0%| F|  |TAMS 0x00000000e3300000, 0x00000000e3300000| Untracked 
|  52|0x00000000e3400000, 0x00000000e3400000, 0x00000000e3500000|  0%| F|  |TAMS 0x00000000e3400000, 0x00000000e3400000| Untracked 
|  53|0x00000000e3500000, 0x00000000e3500000, 0x00000000e3600000|  0%| F|  |TAMS 0x00000000e3500000, 0x00000000e3500000| Untracked 
|  54|0x00000000e3600000, 0x00000000e3600000, 0x00000000e3700000|  0%| F|  |TAMS 0x00000000e3600000, 0x00000000e3600000| Untracked 
|  55|0x00000000e3700000, 0x00000000e3700000, 0x00000000e3800000|  0%| F|  |TAMS 0x00000000e3700000, 0x00000000e3700000| Untracked 
|  56|0x00000000e3800000, 0x00000000e3800000, 0x00000000e3900000|  0%| F|  |TAMS 0x00000000e3800000, 0x00000000e3800000| Untracked 
|  57|0x00000000e3900000, 0x00000000e3900000, 0x00000000e3a00000|  0%| F|  |TAMS 0x00000000e3900000, 0x00000000e3900000| Untracked 
|  58|0x00000000e3a00000, 0x00000000e3a00000, 0x00000000e3b00000|  0%| F|  |TAMS 0x00000000e3a00000, 0x00000000e3a00000| Untracked 
|  59|0x00000000e3b00000, 0x00000000e3b00000, 0x00000000e3c00000|  0%| F|  |TAMS 0x00000000e3b00000, 0x00000000e3b00000| Untracked 
|  60|0x00000000e3c00000, 0x00000000e3c00000, 0x00000000e3d00000|  0%| F|  |TAMS 0x00000000e3c00000, 0x00000000e3c00000| Untracked 
|  61|0x00000000e3d00000, 0x00000000e3d00000, 0x00000000e3e00000|  0%| F|  |TAMS 0x00000000e3d00000, 0x00000000e3d00000| Untracked 
|  62|0x00000000e3e00000, 0x00000000e3e00000, 0x00000000e3f00000|  0%| F|  |TAMS 0x00000000e3e00000, 0x00000000e3e00000| Untracked 
|  63|0x00000000e3f00000, 0x00000000e3f00000, 0x00000000e4000000|  0%| F|  |TAMS 0x00000000e3f00000, 0x00000000e3f00000| Untracked 
|  64|0x00000000e4000000, 0x00000000e4000000, 0x00000000e4100000|  0%| F|  |TAMS 0x00000000e4000000, 0x00000000e4000000| Untracked 
|  65|0x00000000e4100000, 0x00000000e4100000, 0x00000000e4200000|  0%| F|  |TAMS 0x00000000e4100000, 0x00000000e4100000| Untracked 
|  66|0x00000000e4200000, 0x00000000e4200000, 0x00000000e4300000|  0%| F|  |TAMS 0x00000000e4200000, 0x00000000e4200000| Untracked 
|  67|0x00000000e4300000, 0x00000000e4300000, 0x00000000e4400000|  0%| F|  |TAMS 0x00000000e4300000, 0x00000000e4300000| Untracked 
|  68|0x00000000e4400000, 0x00000000e4400000, 0x00000000e4500000|  0%| F|  |TAMS 0x00000000e4400000, 0x00000000e4400000| Untracked 
|  69|0x00000000e4500000, 0x00000000e4500000, 0x00000000e4600000|  0%| F|  |TAMS 0x00000000e4500000, 0x00000000e4500000| Untracked 
|  70|0x00000000e4600000, 0x00000000e4600000, 0x00000000e4700000|  0%| F|  |TAMS 0x00000000e4600000, 0x00000000e4600000| Untracked 
|  71|0x00000000e4700000, 0x00000000e4700000, 0x00000000e4800000|  0%| F|  |TAMS 0x00000000e4700000, 0x00000000e4700000| Untracked 
|  72|0x00000000e4800000, 0x00000000e4800000, 0x00000000e4900000|  0%| F|  |TAMS 0x00000000e4800000, 0x00000000e4800000| Untracked 
|  73|0x00000000e4900000, 0x00000000e4900000, 0x00000000e4a00000|  0%| F|  |TAMS 0x00000000e4900000, 0x00000000e4900000| Untracked 
|  74|0x00000000e4a00000, 0x00000000e4a00000, 0x00000000e4b00000|  0%| F|  |TAMS 0x00000000e4a00000, 0x00000000e4a00000| Untracked 
|  75|0x00000000e4b00000, 0x00000000e4b00000, 0x00000000e4c00000|  0%| F|  |TAMS 0x00000000e4b00000, 0x00000000e4b00000| Untracked 
|  76|0x00000000e4c00000, 0x00000000e4c00000, 0x00000000e4d00000|  0%| F|  |TAMS 0x00000000e4c00000, 0x00000000e4c00000| Untracked 
|  77|0x00000000e4d00000, 0x00000000e4d00000, 0x00000000e4e00000|  0%| F|  |TAMS 0x00000000e4d00000, 0x00000000e4d00000| Untracked 
|  78|0x00000000e4e00000, 0x00000000e4e00000, 0x00000000e4f00000|  0%| F|  |TAMS 0x00000000e4e00000, 0x00000000e4e00000| Untracked 
|  79|0x00000000e4f00000, 0x00000000e4f00000, 0x00000000e5000000|  0%| F|  |TAMS 0x00000000e4f00000, 0x00000000e4f00000| Untracked 
|  80|0x00000000e5000000, 0x00000000e5000000, 0x00000000e5100000|  0%| F|  |TAMS 0x00000000e5000000, 0x00000000e5000000| Untracked 
|  81|0x00000000e5100000, 0x00000000e5100000, 0x00000000e5200000|  0%| F|  |TAMS 0x00000000e5100000, 0x00000000e5100000| Untracked 
|  82|0x00000000e5200000, 0x00000000e5200000, 0x00000000e5300000|  0%| F|  |TAMS 0x00000000e5200000, 0x00000000e5200000| Untracked 
|  83|0x00000000e5300000, 0x00000000e5300000, 0x00000000e5400000|  0%| F|  |TAMS 0x00000000e5300000, 0x00000000e5300000| Untracked 
|  84|0x00000000e5400000, 0x00000000e5400000, 0x00000000e5500000|  0%| F|  |TAMS 0x00000000e5400000, 0x00000000e5400000| Untracked 
|  85|0x00000000e5500000, 0x00000000e5500000, 0x00000000e5600000|  0%| F|  |TAMS 0x00000000e5500000, 0x00000000e5500000| Untracked 
|  86|0x00000000e5600000, 0x00000000e5600000, 0x00000000e5700000|  0%| F|  |TAMS 0x00000000e5600000, 0x00000000e5600000| Untracked 
|  87|0x00000000e5700000, 0x00000000e5700000, 0x00000000e5800000|  0%| F|  |TAMS 0x00000000e5700000, 0x00000000e5700000| Untracked 
|  88|0x00000000e5800000, 0x00000000e5800000, 0x00000000e5900000|  0%| F|  |TAMS 0x00000000e5800000, 0x00000000e5800000| Untracked 
|  89|0x00000000e5900000, 0x00000000e5900000, 0x00000000e5a00000|  0%| F|  |TAMS 0x00000000e5900000, 0x00000000e5900000| Untracked 
|  90|0x00000000e5a00000, 0x00000000e5a00000, 0x00000000e5b00000|  0%| F|  |TAMS 0x00000000e5a00000, 0x00000000e5a00000| Untracked 
|  91|0x00000000e5b00000, 0x00000000e5b00000, 0x00000000e5c00000|  0%| F|  |TAMS 0x00000000e5b00000, 0x00000000e5b00000| Untracked 
|  92|0x00000000e5c00000, 0x00000000e5c00000, 0x00000000e5d00000|  0%| F|  |TAMS 0x00000000e5c00000, 0x00000000e5c00000| Untracked 
|  93|0x00000000e5d00000, 0x00000000e5d00000, 0x00000000e5e00000|  0%| F|  |TAMS 0x00000000e5d00000, 0x00000000e5d00000| Untracked 
|  94|0x00000000e5e00000, 0x00000000e5e00000, 0x00000000e5f00000|  0%| F|  |TAMS 0x00000000e5e00000, 0x00000000e5e00000| Untracked 
|  95|0x00000000e5f00000, 0x00000000e5f00000, 0x00000000e6000000|  0%| F|  |TAMS 0x00000000e5f00000, 0x00000000e5f00000| Untracked 
|  96|0x00000000e6000000, 0x00000000e6000000, 0x00000000e6100000|  0%| F|  |TAMS 0x00000000e6000000, 0x00000000e6000000| Untracked 
|  97|0x00000000e6100000, 0x00000000e6100000, 0x00000000e6200000|  0%| F|  |TAMS 0x00000000e6100000, 0x00000000e6100000| Untracked 
|  98|0x00000000e6200000, 0x00000000e6200000, 0x00000000e6300000|  0%| F|  |TAMS 0x00000000e6200000, 0x00000000e6200000| Untracked 
|  99|0x00000000e6300000, 0x00000000e6300000, 0x00000000e6400000|  0%| F|  |TAMS 0x00000000e6300000, 0x00000000e6300000| Untracked 
| 100|0x00000000e6400000, 0x00000000e6400000, 0x00000000e6500000|  0%| F|  |TAMS 0x00000000e6400000, 0x00000000e6400000| Untracked 
| 101|0x00000000e6500000, 0x00000000e6500000, 0x00000000e6600000|  0%| F|  |TAMS 0x00000000e6500000, 0x00000000e6500000| Untracked 
| 102|0x00000000e6600000, 0x00000000e6600000, 0x00000000e6700000|  0%| F|  |TAMS 0x00000000e6600000, 0x00000000e6600000| Untracked 
| 103|0x00000000e6700000, 0x00000000e6700000, 0x00000000e6800000|  0%| F|  |TAMS 0x00000000e6700000, 0x00000000e6700000| Untracked 
| 104|0x00000000e6800000, 0x00000000e6800000, 0x00000000e6900000|  0%| F|  |TAMS 0x00000000e6800000, 0x00000000e6800000| Untracked 
| 105|0x00000000e6900000, 0x00000000e6900000, 0x00000000e6a00000|  0%| F|  |TAMS 0x00000000e6900000, 0x00000000e6900000| Untracked 
| 106|0x00000000e6a00000, 0x00000000e6a00000, 0x00000000e6b00000|  0%| F|  |TAMS 0x00000000e6a00000, 0x00000000e6a00000| Untracked 
| 107|0x00000000e6b00000, 0x00000000e6b00000, 0x00000000e6c00000|  0%| F|  |TAMS 0x00000000e6b00000, 0x00000000e6b00000| Untracked 
| 108|0x00000000e6c00000, 0x00000000e6c00000, 0x00000000e6d00000|  0%| F|  |TAMS 0x00000000e6c00000, 0x00000000e6c00000| Untracked 
| 109|0x00000000e6d00000, 0x00000000e6d00000, 0x00000000e6e00000|  0%| F|  |TAMS 0x00000000e6d00000, 0x00000000e6d00000| Untracked 
| 110|0x00000000e6e00000, 0x00000000e6e00000, 0x00000000e6f00000|  0%| F|  |TAMS 0x00000000e6e00000, 0x00000000e6e00000| Untracked 
| 111|0x00000000e6f00000, 0x00000000e6f00000, 0x00000000e7000000|  0%| F|  |TAMS 0x00000000e6f00000, 0x00000000e6f00000| Untracked 
| 112|0x00000000e7000000, 0x00000000e7000000, 0x00000000e7100000|  0%| F|  |TAMS 0x00000000e7000000, 0x00000000e7000000| Untracked 
| 113|0x00000000e7100000, 0x00000000e7100000, 0x00000000e7200000|  0%| F|  |TAMS 0x00000000e7100000, 0x00000000e7100000| Untracked 
| 114|0x00000000e7200000, 0x00000000e7200000, 0x00000000e7300000|  0%| F|  |TAMS 0x00000000e7200000, 0x00000000e7200000| Untracked 
| 115|0x00000000e7300000, 0x00000000e7300000, 0x00000000e7400000|  0%| F|  |TAMS 0x00000000e7300000, 0x00000000e7300000| Untracked 
| 116|0x00000000e7400000, 0x00000000e7400000, 0x00000000e7500000|  0%| F|  |TAMS 0x00000000e7400000, 0x00000000e7400000| Untracked 
| 117|0x00000000e7500000, 0x00000000e7500000, 0x00000000e7600000|  0%| F|  |TAMS 0x00000000e7500000, 0x00000000e7500000| Untracked 
| 118|0x00000000e7600000, 0x00000000e7600000, 0x00000000e7700000|  0%| F|  |TAMS 0x00000000e7600000, 0x00000000e7600000| Untracked 
| 119|0x00000000e7700000, 0x00000000e7700000, 0x00000000e7800000|  0%| F|  |TAMS 0x00000000e7700000, 0x00000000e7700000| Untracked 
| 120|0x00000000e7800000, 0x00000000e7800000, 0x00000000e7900000|  0%| F|  |TAMS 0x00000000e7800000, 0x00000000e7800000| Untracked 
| 121|0x00000000e7900000, 0x00000000e7900000, 0x00000000e7a00000|  0%| F|  |TAMS 0x00000000e7900000, 0x00000000e7900000| Untracked 
| 122|0x00000000e7a00000, 0x00000000e7a00000, 0x00000000e7b00000|  0%| F|  |TAMS 0x00000000e7a00000, 0x00000000e7a00000| Untracked 
| 123|0x00000000e7b00000, 0x00000000e7b00000, 0x00000000e7c00000|  0%| F|  |TAMS 0x00000000e7b00000, 0x00000000e7b00000| Untracked 
| 124|0x00000000e7c00000, 0x00000000e7c00000, 0x00000000e7d00000|  0%| F|  |TAMS 0x00000000e7c00000, 0x00000000e7c00000| Untracked 
| 125|0x00000000e7d00000, 0x00000000e7d00000, 0x00000000e7e00000|  0%| F|  |TAMS 0x00000000e7d00000, 0x00000000e7d00000| Untracked 
| 126|0x00000000e7e00000, 0x00000000e7e00000, 0x00000000e7f00000|  0%| F|  |TAMS 0x00000000e7e00000, 0x00000000e7e00000| Untracked 
| 127|0x00000000e7f00000, 0x00000000e7f00000, 0x00000000e8000000|  0%| F|  |TAMS 0x00000000e7f00000, 0x00000000e7f00000| Untracked 
| 128|0x00000000e8000000, 0x00000000e8000000, 0x00000000e8100000|  0%| F|  |TAMS 0x00000000e8000000, 0x00000000e8000000| Untracked 
| 129|0x00000000e8100000, 0x00000000e8100000, 0x00000000e8200000|  0%| F|  |TAMS 0x00000000e8100000, 0x00000000e8100000| Untracked 
| 130|0x00000000e8200000, 0x00000000e8200000, 0x00000000e8300000|  0%| F|  |TAMS 0x00000000e8200000, 0x00000000e8200000| Untracked 
| 131|0x00000000e8300000, 0x00000000e8300000, 0x00000000e8400000|  0%| F|  |TAMS 0x00000000e8300000, 0x00000000e8300000| Untracked 
| 132|0x00000000e8400000, 0x00000000e8400000, 0x00000000e8500000|  0%| F|  |TAMS 0x00000000e8400000, 0x00000000e8400000| Untracked 
| 133|0x00000000e8500000, 0x00000000e8500000, 0x00000000e8600000|  0%| F|  |TAMS 0x00000000e8500000, 0x00000000e8500000| Untracked 
| 134|0x00000000e8600000, 0x00000000e8600000, 0x00000000e8700000|  0%| F|  |TAMS 0x00000000e8600000, 0x00000000e8600000| Untracked 
| 135|0x00000000e8700000, 0x00000000e8700000, 0x00000000e8800000|  0%| F|  |TAMS 0x00000000e8700000, 0x00000000e8700000| Untracked 
| 136|0x00000000e8800000, 0x00000000e8800000, 0x00000000e8900000|  0%| F|  |TAMS 0x00000000e8800000, 0x00000000e8800000| Untracked 
| 137|0x00000000e8900000, 0x00000000e8900000, 0x00000000e8a00000|  0%| F|  |TAMS 0x00000000e8900000, 0x00000000e8900000| Untracked 
| 138|0x00000000e8a00000, 0x00000000e8a00000, 0x00000000e8b00000|  0%| F|  |TAMS 0x00000000e8a00000, 0x00000000e8a00000| Untracked 
| 139|0x00000000e8b00000, 0x00000000e8b00000, 0x00000000e8c00000|  0%| F|  |TAMS 0x00000000e8b00000, 0x00000000e8b00000| Untracked 
| 140|0x00000000e8c00000, 0x00000000e8c00000, 0x00000000e8d00000|  0%| F|  |TAMS 0x00000000e8c00000, 0x00000000e8c00000| Untracked 
| 141|0x00000000e8d00000, 0x00000000e8d00000, 0x00000000e8e00000|  0%| F|  |TAMS 0x00000000e8d00000, 0x00000000e8d00000| Untracked 
| 142|0x00000000e8e00000, 0x00000000e8e00000, 0x00000000e8f00000|  0%| F|  |TAMS 0x00000000e8e00000, 0x00000000e8e00000| Untracked 
| 143|0x00000000e8f00000, 0x00000000e8f00000, 0x00000000e9000000|  0%| F|  |TAMS 0x00000000e8f00000, 0x00000000e8f00000| Untracked 
| 144|0x00000000e9000000, 0x00000000e9000000, 0x00000000e9100000|  0%| F|  |TAMS 0x00000000e9000000, 0x00000000e9000000| Untracked 
| 145|0x00000000e9100000, 0x00000000e9100000, 0x00000000e9200000|  0%| F|  |TAMS 0x00000000e9100000, 0x00000000e9100000| Untracked 
| 146|0x00000000e9200000, 0x00000000e9200000, 0x00000000e9300000|  0%| F|  |TAMS 0x00000000e9200000, 0x00000000e9200000| Untracked 
| 147|0x00000000e9300000, 0x00000000e9300000, 0x00000000e9400000|  0%| F|  |TAMS 0x00000000e9300000, 0x00000000e9300000| Untracked 
| 148|0x00000000e9400000, 0x00000000e9400000, 0x00000000e9500000|  0%| F|  |TAMS 0x00000000e9400000, 0x00000000e9400000| Untracked 
| 149|0x00000000e9500000, 0x00000000e9500000, 0x00000000e9600000|  0%| F|  |TAMS 0x00000000e9500000, 0x00000000e9500000| Untracked 
| 150|0x00000000e9600000, 0x00000000e9600000, 0x00000000e9700000|  0%| F|  |TAMS 0x00000000e9600000, 0x00000000e9600000| Untracked 
| 151|0x00000000e9700000, 0x00000000e9700000, 0x00000000e9800000|  0%| F|  |TAMS 0x00000000e9700000, 0x00000000e9700000| Untracked 
| 152|0x00000000e9800000, 0x00000000e9893f20, 0x00000000e9900000| 57%| S|CS|TAMS 0x00000000e9800000, 0x00000000e9800000| Complete 
| 153|0x00000000e9900000, 0x00000000e9a00000, 0x00000000e9a00000|100%| S|CS|TAMS 0x00000000e9900000, 0x00000000e9900000| Complete 
| 154|0x00000000e9a00000, 0x00000000e9b00000, 0x00000000e9b00000|100%| S|CS|TAMS 0x00000000e9a00000, 0x00000000e9a00000| Complete 
| 155|0x00000000e9b00000, 0x00000000e9c00000, 0x00000000e9c00000|100%| S|CS|TAMS 0x00000000e9b00000, 0x00000000e9b00000| Complete 
| 156|0x00000000e9c00000, 0x00000000e9d00000, 0x00000000e9d00000|100%| S|CS|TAMS 0x00000000e9c00000, 0x00000000e9c00000| Complete 
| 157|0x00000000e9d00000, 0x00000000e9d00000, 0x00000000e9e00000|  0%| F|  |TAMS 0x00000000e9d00000, 0x00000000e9d00000| Untracked 
| 158|0x00000000e9e00000, 0x00000000e9e00000, 0x00000000e9f00000|  0%| F|  |TAMS 0x00000000e9e00000, 0x00000000e9e00000| Untracked 
| 159|0x00000000e9f00000, 0x00000000e9f00000, 0x00000000ea000000|  0%| F|  |TAMS 0x00000000e9f00000, 0x00000000e9f00000| Untracked 
| 160|0x00000000ea000000, 0x00000000ea000000, 0x00000000ea100000|  0%| F|  |TAMS 0x00000000ea000000, 0x00000000ea000000| Untracked 
| 161|0x00000000ea100000, 0x00000000ea100000, 0x00000000ea200000|  0%| F|  |TAMS 0x00000000ea100000, 0x00000000ea100000| Untracked 
| 162|0x00000000ea200000, 0x00000000ea200000, 0x00000000ea300000|  0%| F|  |TAMS 0x00000000ea200000, 0x00000000ea200000| Untracked 
| 163|0x00000000ea300000, 0x00000000ea300000, 0x00000000ea400000|  0%| F|  |TAMS 0x00000000ea300000, 0x00000000ea300000| Untracked 
| 164|0x00000000ea400000, 0x00000000ea400000, 0x00000000ea500000|  0%| F|  |TAMS 0x00000000ea400000, 0x00000000ea400000| Untracked 
| 165|0x00000000ea500000, 0x00000000ea500000, 0x00000000ea600000|  0%| F|  |TAMS 0x00000000ea500000, 0x00000000ea500000| Untracked 
| 166|0x00000000ea600000, 0x00000000ea600000, 0x00000000ea700000|  0%| F|  |TAMS 0x00000000ea600000, 0x00000000ea600000| Untracked 
| 167|0x00000000ea700000, 0x00000000ea700000, 0x00000000ea800000|  0%| F|  |TAMS 0x00000000ea700000, 0x00000000ea700000| Untracked 
| 168|0x00000000ea800000, 0x00000000ea800000, 0x00000000ea900000|  0%| F|  |TAMS 0x00000000ea800000, 0x00000000ea800000| Untracked 
| 169|0x00000000ea900000, 0x00000000ea900000, 0x00000000eaa00000|  0%| F|  |TAMS 0x00000000ea900000, 0x00000000ea900000| Untracked 
| 170|0x00000000eaa00000, 0x00000000eaa00000, 0x00000000eab00000|  0%| F|  |TAMS 0x00000000eaa00000, 0x00000000eaa00000| Untracked 
| 171|0x00000000eab00000, 0x00000000eab00000, 0x00000000eac00000|  0%| F|  |TAMS 0x00000000eab00000, 0x00000000eab00000| Untracked 
| 172|0x00000000eac00000, 0x00000000eac00000, 0x00000000ead00000|  0%| F|  |TAMS 0x00000000eac00000, 0x00000000eac00000| Untracked 
| 173|0x00000000ead00000, 0x00000000ead00000, 0x00000000eae00000|  0%| F|  |TAMS 0x00000000ead00000, 0x00000000ead00000| Untracked 
| 174|0x00000000eae00000, 0x00000000eae00000, 0x00000000eaf00000|  0%| F|  |TAMS 0x00000000eae00000, 0x00000000eae00000| Untracked 
| 175|0x00000000eaf00000, 0x00000000eaf00000, 0x00000000eb000000|  0%| F|  |TAMS 0x00000000eaf00000, 0x00000000eaf00000| Untracked 
| 176|0x00000000eb000000, 0x00000000eb000000, 0x00000000eb100000|  0%| F|  |TAMS 0x00000000eb000000, 0x00000000eb000000| Untracked 
| 177|0x00000000eb100000, 0x00000000eb100000, 0x00000000eb200000|  0%| F|  |TAMS 0x00000000eb100000, 0x00000000eb100000| Untracked 
| 178|0x00000000eb200000, 0x00000000eb200000, 0x00000000eb300000|  0%| F|  |TAMS 0x00000000eb200000, 0x00000000eb200000| Untracked 
| 179|0x00000000eb300000, 0x00000000eb300000, 0x00000000eb400000|  0%| F|  |TAMS 0x00000000eb300000, 0x00000000eb300000| Untracked 
| 180|0x00000000eb400000, 0x00000000eb400000, 0x00000000eb500000|  0%| F|  |TAMS 0x00000000eb400000, 0x00000000eb400000| Untracked 
| 181|0x00000000eb500000, 0x00000000eb500000, 0x00000000eb600000|  0%| F|  |TAMS 0x00000000eb500000, 0x00000000eb500000| Untracked 
| 182|0x00000000eb600000, 0x00000000eb600000, 0x00000000eb700000|  0%| F|  |TAMS 0x00000000eb600000, 0x00000000eb600000| Untracked 
| 183|0x00000000eb700000, 0x00000000eb700000, 0x00000000eb800000|  0%| F|  |TAMS 0x00000000eb700000, 0x00000000eb700000| Untracked 
| 184|0x00000000eb800000, 0x00000000eb800000, 0x00000000eb900000|  0%| F|  |TAMS 0x00000000eb800000, 0x00000000eb800000| Untracked 
| 185|0x00000000eb900000, 0x00000000eb900000, 0x00000000eba00000|  0%| F|  |TAMS 0x00000000eb900000, 0x00000000eb900000| Untracked 
| 186|0x00000000eba00000, 0x00000000eba00000, 0x00000000ebb00000|  0%| F|  |TAMS 0x00000000eba00000, 0x00000000eba00000| Untracked 
| 187|0x00000000ebb00000, 0x00000000ebb00000, 0x00000000ebc00000|  0%| F|  |TAMS 0x00000000ebb00000, 0x00000000ebb00000| Untracked 
| 188|0x00000000ebc00000, 0x00000000ebc00000, 0x00000000ebd00000|  0%| F|  |TAMS 0x00000000ebc00000, 0x00000000ebc00000| Untracked 
| 189|0x00000000ebd00000, 0x00000000ebd00000, 0x00000000ebe00000|  0%| F|  |TAMS 0x00000000ebd00000, 0x00000000ebd00000| Untracked 
| 190|0x00000000ebe00000, 0x00000000ebe00000, 0x00000000ebf00000|  0%| F|  |TAMS 0x00000000ebe00000, 0x00000000ebe00000| Untracked 
| 191|0x00000000ebf00000, 0x00000000ebf00000, 0x00000000ec000000|  0%| F|  |TAMS 0x00000000ebf00000, 0x00000000ebf00000| Untracked 
| 192|0x00000000ec000000, 0x00000000ec000000, 0x00000000ec100000|  0%| F|  |TAMS 0x00000000ec000000, 0x00000000ec000000| Untracked 
| 193|0x00000000ec100000, 0x00000000ec100000, 0x00000000ec200000|  0%| F|  |TAMS 0x00000000ec100000, 0x00000000ec100000| Untracked 
| 194|0x00000000ec200000, 0x00000000ec200000, 0x00000000ec300000|  0%| F|  |TAMS 0x00000000ec200000, 0x00000000ec200000| Untracked 
| 195|0x00000000ec300000, 0x00000000ec300000, 0x00000000ec400000|  0%| F|  |TAMS 0x00000000ec300000, 0x00000000ec300000| Untracked 
| 196|0x00000000ec400000, 0x00000000ec400000, 0x00000000ec500000|  0%| F|  |TAMS 0x00000000ec400000, 0x00000000ec400000| Untracked 
| 197|0x00000000ec500000, 0x00000000ec500000, 0x00000000ec600000|  0%| F|  |TAMS 0x00000000ec500000, 0x00000000ec500000| Untracked 
| 198|0x00000000ec600000, 0x00000000ec600000, 0x00000000ec700000|  0%| F|  |TAMS 0x00000000ec600000, 0x00000000ec600000| Untracked 
| 199|0x00000000ec700000, 0x00000000ec700000, 0x00000000ec800000|  0%| F|  |TAMS 0x00000000ec700000, 0x00000000ec700000| Untracked 
| 200|0x00000000ec800000, 0x00000000ec800000, 0x00000000ec900000|  0%| F|  |TAMS 0x00000000ec800000, 0x00000000ec800000| Untracked 
| 201|0x00000000ec900000, 0x00000000ec900000, 0x00000000eca00000|  0%| F|  |TAMS 0x00000000ec900000, 0x00000000ec900000| Untracked 
| 202|0x00000000eca00000, 0x00000000eca00000, 0x00000000ecb00000|  0%| F|  |TAMS 0x00000000eca00000, 0x00000000eca00000| Untracked 
| 203|0x00000000ecb00000, 0x00000000ecb00000, 0x00000000ecc00000|  0%| F|  |TAMS 0x00000000ecb00000, 0x00000000ecb00000| Untracked 
| 204|0x00000000ecc00000, 0x00000000ecc00000, 0x00000000ecd00000|  0%| F|  |TAMS 0x00000000ecc00000, 0x00000000ecc00000| Untracked 
| 205|0x00000000ecd00000, 0x00000000ecd00000, 0x00000000ece00000|  0%| F|  |TAMS 0x00000000ecd00000, 0x00000000ecd00000| Untracked 
| 206|0x00000000ece00000, 0x00000000ece00000, 0x00000000ecf00000|  0%| F|  |TAMS 0x00000000ece00000, 0x00000000ece00000| Untracked 
| 207|0x00000000ecf00000, 0x00000000ecf00000, 0x00000000ed000000|  0%| F|  |TAMS 0x00000000ecf00000, 0x00000000ecf00000| Untracked 
| 208|0x00000000ed000000, 0x00000000ed000000, 0x00000000ed100000|  0%| F|  |TAMS 0x00000000ed000000, 0x00000000ed000000| Untracked 
| 209|0x00000000ed100000, 0x00000000ed100000, 0x00000000ed200000|  0%| F|  |TAMS 0x00000000ed100000, 0x00000000ed100000| Untracked 
| 210|0x00000000ed200000, 0x00000000ed200000, 0x00000000ed300000|  0%| F|  |TAMS 0x00000000ed200000, 0x00000000ed200000| Untracked 
| 211|0x00000000ed300000, 0x00000000ed300000, 0x00000000ed400000|  0%| F|  |TAMS 0x00000000ed300000, 0x00000000ed300000| Untracked 
| 212|0x00000000ed400000, 0x00000000ed400000, 0x00000000ed500000|  0%| F|  |TAMS 0x00000000ed400000, 0x00000000ed400000| Untracked 
| 213|0x00000000ed500000, 0x00000000ed500000, 0x00000000ed600000|  0%| F|  |TAMS 0x00000000ed500000, 0x00000000ed500000| Untracked 
| 214|0x00000000ed600000, 0x00000000ed600000, 0x00000000ed700000|  0%| F|  |TAMS 0x00000000ed600000, 0x00000000ed600000| Untracked 
| 215|0x00000000ed700000, 0x00000000ed700000, 0x00000000ed800000|  0%| F|  |TAMS 0x00000000ed700000, 0x00000000ed700000| Untracked 
| 216|0x00000000ed800000, 0x00000000ed800000, 0x00000000ed900000|  0%| F|  |TAMS 0x00000000ed800000, 0x00000000ed800000| Untracked 
| 217|0x00000000ed900000, 0x00000000ed900000, 0x00000000eda00000|  0%| F|  |TAMS 0x00000000ed900000, 0x00000000ed900000| Untracked 
| 218|0x00000000eda00000, 0x00000000edb00000, 0x00000000edb00000|100%| E|  |TAMS 0x00000000eda00000, 0x00000000eda00000| Complete 
| 219|0x00000000edb00000, 0x00000000edc00000, 0x00000000edc00000|100%| E|CS|TAMS 0x00000000edb00000, 0x00000000edb00000| Complete 
| 220|0x00000000edc00000, 0x00000000edd00000, 0x00000000edd00000|100%| E|CS|TAMS 0x00000000edc00000, 0x00000000edc00000| Complete 
| 221|0x00000000edd00000, 0x00000000ede00000, 0x00000000ede00000|100%| E|CS|TAMS 0x00000000edd00000, 0x00000000edd00000| Complete 
| 222|0x00000000ede00000, 0x00000000edf00000, 0x00000000edf00000|100%| E|CS|TAMS 0x00000000ede00000, 0x00000000ede00000| Complete 
| 223|0x00000000edf00000, 0x00000000ee000000, 0x00000000ee000000|100%| E|CS|TAMS 0x00000000edf00000, 0x00000000edf00000| Complete 
| 224|0x00000000ee000000, 0x00000000ee100000, 0x00000000ee100000|100%| E|CS|TAMS 0x00000000ee000000, 0x00000000ee000000| Complete 
| 225|0x00000000ee100000, 0x00000000ee200000, 0x00000000ee200000|100%| E|CS|TAMS 0x00000000ee100000, 0x00000000ee100000| Complete 
| 226|0x00000000ee200000, 0x00000000ee300000, 0x00000000ee300000|100%| E|CS|TAMS 0x00000000ee200000, 0x00000000ee200000| Complete 
| 227|0x00000000ee300000, 0x00000000ee400000, 0x00000000ee400000|100%| E|CS|TAMS 0x00000000ee300000, 0x00000000ee300000| Complete 
| 228|0x00000000ee400000, 0x00000000ee500000, 0x00000000ee500000|100%| E|CS|TAMS 0x00000000ee400000, 0x00000000ee400000| Complete 
| 229|0x00000000ee500000, 0x00000000ee600000, 0x00000000ee600000|100%| E|CS|TAMS 0x00000000ee500000, 0x00000000ee500000| Complete 
| 230|0x00000000ee600000, 0x00000000ee700000, 0x00000000ee700000|100%| E|CS|TAMS 0x00000000ee600000, 0x00000000ee600000| Complete 
| 231|0x00000000ee700000, 0x00000000ee800000, 0x00000000ee800000|100%| E|CS|TAMS 0x00000000ee700000, 0x00000000ee700000| Complete 
| 232|0x00000000ee800000, 0x00000000ee900000, 0x00000000ee900000|100%| E|CS|TAMS 0x00000000ee800000, 0x00000000ee800000| Complete 
| 233|0x00000000ee900000, 0x00000000eea00000, 0x00000000eea00000|100%| E|CS|TAMS 0x00000000ee900000, 0x00000000ee900000| Complete 
| 234|0x00000000eea00000, 0x00000000eeb00000, 0x00000000eeb00000|100%| E|CS|TAMS 0x00000000eea00000, 0x00000000eea00000| Complete 
| 235|0x00000000eeb00000, 0x00000000eec00000, 0x00000000eec00000|100%| E|CS|TAMS 0x00000000eeb00000, 0x00000000eeb00000| Complete 
| 236|0x00000000eec00000, 0x00000000eed00000, 0x00000000eed00000|100%| E|CS|TAMS 0x00000000eec00000, 0x00000000eec00000| Complete 
| 237|0x00000000eed00000, 0x00000000eee00000, 0x00000000eee00000|100%| E|  |TAMS 0x00000000eed00000, 0x00000000eed00000| Complete 
| 238|0x00000000eee00000, 0x00000000eef00000, 0x00000000eef00000|100%| E|CS|TAMS 0x00000000eee00000, 0x00000000eee00000| Complete 
| 239|0x00000000eef00000, 0x00000000ef000000, 0x00000000ef000000|100%| E|CS|TAMS 0x00000000eef00000, 0x00000000eef00000| Complete 
| 240|0x00000000ef000000, 0x00000000ef100000, 0x00000000ef100000|100%| E|CS|TAMS 0x00000000ef000000, 0x00000000ef000000| Complete 
| 241|0x00000000ef100000, 0x00000000ef200000, 0x00000000ef200000|100%| E|CS|TAMS 0x00000000ef100000, 0x00000000ef100000| Complete 
| 242|0x00000000ef200000, 0x00000000ef300000, 0x00000000ef300000|100%| E|CS|TAMS 0x00000000ef200000, 0x00000000ef200000| Complete 
| 243|0x00000000ef300000, 0x00000000ef400000, 0x00000000ef400000|100%| E|CS|TAMS 0x00000000ef300000, 0x00000000ef300000| Complete 
| 244|0x00000000ef400000, 0x00000000ef500000, 0x00000000ef500000|100%| E|CS|TAMS 0x00000000ef400000, 0x00000000ef400000| Complete 
| 245|0x00000000ef500000, 0x00000000ef600000, 0x00000000ef600000|100%| E|CS|TAMS 0x00000000ef500000, 0x00000000ef500000| Complete 
| 246|0x00000000ef600000, 0x00000000ef700000, 0x00000000ef700000|100%| E|CS|TAMS 0x00000000ef600000, 0x00000000ef600000| Complete 
| 247|0x00000000ef700000, 0x00000000ef800000, 0x00000000ef800000|100%| E|CS|TAMS 0x00000000ef700000, 0x00000000ef700000| Complete 
| 248|0x00000000ef800000, 0x00000000ef900000, 0x00000000ef900000|100%| E|CS|TAMS 0x00000000ef800000, 0x00000000ef800000| Complete 
| 249|0x00000000ef900000, 0x00000000efa00000, 0x00000000efa00000|100%| E|CS|TAMS 0x00000000ef900000, 0x00000000ef900000| Complete 
| 250|0x00000000efa00000, 0x00000000efb00000, 0x00000000efb00000|100%| E|CS|TAMS 0x00000000efa00000, 0x00000000efa00000| Complete 
| 251|0x00000000efb00000, 0x00000000efc00000, 0x00000000efc00000|100%| E|CS|TAMS 0x00000000efb00000, 0x00000000efb00000| Complete 
| 252|0x00000000efc00000, 0x00000000efd00000, 0x00000000efd00000|100%| E|CS|TAMS 0x00000000efc00000, 0x00000000efc00000| Complete 
| 253|0x00000000efd00000, 0x00000000efe00000, 0x00000000efe00000|100%| E|CS|TAMS 0x00000000efd00000, 0x00000000efd00000| Complete 
| 254|0x00000000efe00000, 0x00000000eff00000, 0x00000000eff00000|100%| E|CS|TAMS 0x00000000efe00000, 0x00000000efe00000| Complete 
| 255|0x00000000eff00000, 0x00000000f0000000, 0x00000000f0000000|100%| E|CS|TAMS 0x00000000eff00000, 0x00000000eff00000| Complete 

Card table byte_map: [0x0000021929f30000,0x000002192a030000] _byte_map_base: 0x0000021929830000

Marking Bits (Prev, Next): (CMBitMap*) 0x0000021912395270, (CMBitMap*) 0x0000021912395230
 Prev Bits: [0x000002192a930000, 0x000002192b130000)
 Next Bits: [0x000002192a130000, 0x000002192a930000)

Polling page: 0x0000021911b50000

Metaspace:

Usage:
  Non-class:     50.26 MB used.
      Class:      7.54 MB used.
       Both:     57.81 MB used.

Virtual space:
  Non-class space:       56.00 MB reserved,      50.56 MB ( 90%) committed,  7 nodes.
      Class space:      208.00 MB reserved,       7.81 MB (  4%) committed,  1 nodes.
              Both:      264.00 MB reserved,      58.38 MB ( 22%) committed. 

Chunk freelists:
   Non-Class:  1.27 MB
       Class:  226.00 KB
        Both:  1.49 MB

MaxMetaspaceSize: 256.00 MB
CompressedClassSpaceSize: 208.00 MB
 - commit_granule_bytes: 65536.
 - commit_granule_words: 8192.
 - virtual_space_node_default_size: 1048576.
 - enlarge_chunks_in_place: 1.
 - new_chunks_are_fully_committed: 0.
 - uncommit_free_chunks: 1.
 - use_allocation_guard: 0.
 - handle_deallocations: 1.


Internal statistics:

num_allocs_failed_limit: 9.
num_arena_births: 972.
num_arena_deaths: 186.
num_vsnodes_births: 8.
num_vsnodes_deaths: 0.
num_space_committed: 934.
num_space_uncommitted: 0.
num_chunks_returned_to_freelist: 232.
num_chunks_taken_from_freelist: 3459.
num_chunk_merges: 72.
num_chunk_splits: 2136.
num_chunks_enlarged: 1324.
num_purges: 2.

CodeHeap 'non-profiled nmethods': size=120000Kb used=5229Kb max_used=5229Kb free=114770Kb
 bounds [0x00000219227f0000, 0x0000021922d10000, 0x0000021929d20000]
CodeHeap 'profiled nmethods': size=120000Kb used=18372Kb max_used=18372Kb free=101628Kb
 bounds [0x000002191b2c0000, 0x000002191c4c0000, 0x00000219227f0000]
CodeHeap 'non-nmethods': size=5760Kb used=2352Kb max_used=2494Kb free=3407Kb
 bounds [0x000002191ad20000, 0x000002191afb0000, 0x000002191b2c0000]
 total_blobs=10259 nmethods=9390 adapters=781
 compilation: enabled
              stopped_count=0, restarted_count=0
 full_count=0

Compilation events (20 events):
Event: 2327.335 Thread 0x000002192d924be0 10243       3       java.util.stream.FindOps$FindSink$OfInt$$Lambda$62/0x800000062::get (8 bytes)
Event: 2327.335 Thread 0x000002192d91c1d0 nmethod 10242 0x0000021922d0b190 code [0x0000021922d0b320, 0x0000021922d0b458]
Event: 2327.335 Thread 0x000002192d924be0 nmethod 10243 0x000002191c4a8290 code [0x000002191c4a8440, 0x000002191c4a86d8]
Event: 2327.335 Thread 0x000002192d924be0 10248       3       java.util.stream.IntPipeline::forEachWithCancel (37 bytes)
Event: 2327.335 Thread 0x000002192d924be0 nmethod 10248 0x000002191c4a8810 code [0x000002191c4a8a40, 0x000002191c4a9308]
Event: 2327.335 Thread 0x000002192d924be0 10244       3       java.util.stream.FindOps$FindSink$OfInt::<init> (5 bytes)
Event: 2327.335 Thread 0x000002192d924be0 nmethod 10244 0x000002191c4a9590 code [0x000002191c4a9740, 0x000002191c4a98f8]
Event: 2327.335 Thread 0x000002192d924be0 10245       3       java.util.stream.IntPipeline$10::opWrapSink (10 bytes)
Event: 2327.335 Thread 0x000002192d924be0 nmethod 10245 0x000002191c4a9a10 code [0x000002191c4a9c00, 0x000002191c4aa1c8]
Event: 2327.335 Thread 0x000002192d924be0 10246       3       java.util.stream.IntPipeline$10$1::<init> (11 bytes)
Event: 2327.335 Thread 0x000002192d924be0 nmethod 10246 0x000002191c4aa390 code [0x000002191c4aa560, 0x000002191c4aaa68]
Event: 2327.335 Thread 0x000002192d924be0 10247       3       java.util.stream.IntPipeline$10$1::begin (13 bytes)
Event: 2327.336 Thread 0x000002192d924be0 nmethod 10247 0x000002191c4aac10 code [0x000002191c4aadc0, 0x000002191c4aafa8]
Event: 2327.336 Thread 0x000002192d924be0 10249       3       java.util.stream.IntPipeline::adapt (35 bytes)
Event: 2327.336 Thread 0x000002192d924be0 nmethod 10249 0x000002191c4ab090 code [0x000002191c4ab280, 0x000002191c4ab7f8]
Event: 2327.336 Thread 0x000002192d924be0 10250       3       java.util.stream.IntPipeline::adapt (37 bytes)
Event: 2327.336 Thread 0x000002192d924be0 nmethod 10250 0x000002191c4ab990 code [0x000002191c4abba0, 0x000002191c4ac268]
Event: 2327.336 Thread 0x000002192d924be0 10251       3       java.util.stream.IntPipeline$10$1::accept (27 bytes)
Event: 2327.336 Thread 0x000002192d924be0 nmethod 10251 0x000002191c4ac410 code [0x000002191c4ac600, 0x000002191c4acae8]
Event: 2327.346 Thread 0x000002192d924be0 10252   !   3       sun.nio.ch.FileLockTable::remove (162 bytes)

GC Heap History (14 events):
Event: 0.427 GC heap before
{Heap before GC invocations=0 (full 0):
 garbage-first heap   total 262144K, used 26624K [0x00000000e0000000, 0x0000000100000000)
  region size 1024K, 21 young (21504K), 0 survivors (0K)
 Metaspace       used 3179K, committed 3328K, reserved 221184K
  class space    used 384K, committed 448K, reserved 212992K
}
Event: 0.429 GC heap after
{Heap after GC invocations=1 (full 0):
 garbage-first heap   total 262144K, used 9448K [0x00000000e0000000, 0x0000000100000000)
  region size 1024K, 3 young (3072K), 3 survivors (3072K)
 Metaspace       used 3179K, committed 3328K, reserved 221184K
  class space    used 384K, committed 448K, reserved 212992K
}
Event: 0.663 GC heap before
{Heap before GC invocations=1 (full 0):
 garbage-first heap   total 262144K, used 34024K [0x00000000e0000000, 0x0000000100000000)
  region size 1024K, 27 young (27648K), 3 survivors (3072K)
 Metaspace       used 4117K, committed 4288K, reserved 221184K
  class space    used 481K, committed 576K, reserved 212992K
}
Event: 0.665 GC heap after
{Heap after GC invocations=2 (full 0):
 garbage-first heap   total 262144K, used 9616K [0x00000000e0000000, 0x0000000100000000)
  region size 1024K, 1 young (1024K), 1 survivors (1024K)
 Metaspace       used 4117K, committed 4288K, reserved 221184K
  class space    used 481K, committed 576K, reserved 212992K
}
Event: 1.926 GC heap before
{Heap before GC invocations=2 (full 0):
 garbage-first heap   total 262144K, used 119184K [0x00000000e0000000, 0x0000000100000000)
  region size 1024K, 109 young (111616K), 1 survivors (1024K)
 Metaspace       used 20968K, committed 21248K, reserved 237568K
  class space    used 3035K, committed 3200K, reserved 212992K
}
Event: 1.931 GC heap after
{Heap after GC invocations=3 (full 0):
 garbage-first heap   total 262144K, used 19555K [0x00000000e0000000, 0x0000000100000000)
  region size 1024K, 11 young (11264K), 11 survivors (11264K)
 Metaspace       used 20968K, committed 21248K, reserved 237568K
  class space    used 3035K, committed 3200K, reserved 212992K
}
Event: 2.851 GC heap before
{Heap before GC invocations=4 (full 0):
 garbage-first heap   total 262144K, used 119907K [0x00000000e0000000, 0x0000000100000000)
  region size 1024K, 107 young (109568K), 11 survivors (11264K)
 Metaspace       used 35148K, committed 35520K, reserved 245760K
  class space    used 4653K, committed 4864K, reserved 212992K
}
Event: 2.859 GC heap after
{Heap after GC invocations=5 (full 0):
 garbage-first heap   total 262144K, used 28483K [0x00000000e0000000, 0x0000000100000000)
  region size 1024K, 19 young (19456K), 19 survivors (19456K)
 Metaspace       used 35148K, committed 35520K, reserved 245760K
  class space    used 4653K, committed 4864K, reserved 212992K
}
Event: 4.334 GC heap before
{Heap before GC invocations=6 (full 0):
 garbage-first heap   total 262144K, used 164675K [0x00000000e0000000, 0x0000000100000000)
  region size 1024K, 153 young (156672K), 19 survivors (19456K)
 Metaspace       used 53506K, committed 54016K, reserved 262144K
  class space    used 7286K, committed 7488K, reserved 212992K
}
Event: 4.349 GC heap after
{Heap after GC invocations=7 (full 0):
 garbage-first heap   total 262144K, used 43648K [0x00000000e0000000, 0x0000000100000000)
  region size 1024K, 20 young (20480K), 20 survivors (20480K)
 Metaspace       used 53506K, committed 54016K, reserved 262144K
  class space    used 7286K, committed 7488K, reserved 212992K
}
Event: 947.869 GC heap before
{Heap before GC invocations=7 (full 0):
 garbage-first heap   total 262144K, used 178816K [0x00000000e0000000, 0x0000000100000000)
  region size 1024K, 153 young (156672K), 20 survivors (20480K)
 Metaspace       used 58059K, committed 58624K, reserved 270336K
  class space    used 7708K, committed 8000K, reserved 212992K
}
Event: 947.879 GC heap after
{Heap after GC invocations=8 (full 0):
 garbage-first heap   total 262144K, used 47070K [0x00000000e0000000, 0x0000000100000000)
  region size 1024K, 5 young (5120K), 5 survivors (5120K)
 Metaspace       used 58059K, committed 58624K, reserved 270336K
  class space    used 7708K, committed 8000K, reserved 212992K
}
Event: 2292.700 GC heap before
{Heap before GC invocations=8 (full 0):
 garbage-first heap   total 262144K, used 146398K [0x00000000e0000000, 0x0000000100000000)
  region size 1024K, 104 young (106496K), 5 survivors (5120K)
 Metaspace       used 58940K, committed 59456K, reserved 270336K
  class space    used 7729K, committed 8000K, reserved 212992K
}
Event: 2292.705 GC heap after
{Heap after GC invocations=9 (full 0):
 garbage-first heap   total 262144K, used 46927K [0x00000000e0000000, 0x0000000100000000)
  region size 1024K, 5 young (5120K), 5 survivors (5120K)
 Metaspace       used 58940K, committed 59456K, reserved 270336K
  class space    used 7729K, committed 8000K, reserved 212992K
}

Deoptimization events (20 events):
Event: 2314.357 Thread 0x00000219308c95b0 DEOPT PACKING pc=0x0000021922b865a8 sp=0x000000afef2fd170
Event: 2314.357 Thread 0x00000219308c95b0 DEOPT UNPACKING pc=0x000002191ad6d72e sp=0x000000afef2fd100 mode 2
Event: 2316.626 Thread 0x0000021931d829a0 DEOPT PACKING pc=0x000002191b5a26ac sp=0x000000afec8fd9d0
Event: 2316.626 Thread 0x0000021931d829a0 DEOPT UNPACKING pc=0x000002191ad6dece sp=0x000000afec8fce48 mode 0
Event: 2316.635 Thread 0x0000021931d829a0 DEOPT PACKING pc=0x000002191b5a26ac sp=0x000000afec8fd760
Event: 2316.635 Thread 0x0000021931d829a0 DEOPT UNPACKING pc=0x000002191ad6dece sp=0x000000afec8fcbd8 mode 0
Event: 2316.690 Thread 0x000002192fd815d0 Uncommon trap: trap_request=0xffffff45 fr.pc=0x000002192298388c relative=0x00000000000008cc
Event: 2316.690 Thread 0x000002192fd815d0 Uncommon trap: reason=unstable_if action=reinterpret pc=0x000002192298388c method=java.lang.ref.SoftReference.get()Ljava/lang/Object; @ 6 c2
Event: 2316.690 Thread 0x000002192fd815d0 DEOPT PACKING pc=0x000002192298388c sp=0x000000afeddfaea0
Event: 2316.690 Thread 0x000002192fd815d0 DEOPT UNPACKING pc=0x000002191ad6d72e sp=0x000000afeddfadb8 mode 2
Event: 2316.702 Thread 0x000002192fd815d0 Uncommon trap: trap_request=0xffffff45 fr.pc=0x0000021922a7a2c0 relative=0x0000000000000120
Event: 2316.702 Thread 0x000002192fd815d0 Uncommon trap: reason=unstable_if action=reinterpret pc=0x0000021922a7a2c0 method=java.lang.ref.SoftReference.get()Ljava/lang/Object; @ 6 c2
Event: 2316.702 Thread 0x000002192fd815d0 DEOPT PACKING pc=0x0000021922a7a2c0 sp=0x000000afeddf9aa0
Event: 2316.702 Thread 0x000002192fd815d0 DEOPT UNPACKING pc=0x000002191ad6d72e sp=0x000000afeddf99e8 mode 2
Event: 2316.795 Thread 0x000002192fd815d0 DEOPT PACKING pc=0x000002191b53666e sp=0x000000afeddf7bf0
Event: 2316.795 Thread 0x000002192fd815d0 DEOPT UNPACKING pc=0x000002191ad6dece sp=0x000000afeddf70b8 mode 0
Event: 2317.042 Thread 0x0000021931d87400 DEOPT PACKING pc=0x000002191bf2bae3 sp=0x000000aff05f8430
Event: 2317.042 Thread 0x0000021931d87400 DEOPT UNPACKING pc=0x000002191ad6dece sp=0x000000aff05f7950 mode 0
Event: 2317.055 Thread 0x0000021931d87400 DEOPT PACKING pc=0x000002191bf264ac sp=0x000000aff05f6fd0
Event: 2317.055 Thread 0x0000021931d87400 DEOPT UNPACKING pc=0x000002191ad6dece sp=0x000000aff05f6498 mode 0

Classes unloaded (20 events):
Event: 2292.729 Thread 0x000002192d8f9b10 Unloading class 0x0000000800d12400 'jdk/internal/reflect/GeneratedSerializationConstructorAccessor1'
Event: 2292.729 Thread 0x000002192d8f9b10 Unloading class 0x0000000800ce2400 'java/lang/invoke/LambdaForm$DMH+0x0000000800ce2400'
Event: 2292.729 Thread 0x000002192d8f9b10 Unloading class 0x0000000800ce1c00 'java/lang/invoke/LambdaForm$DMH+0x0000000800ce1c00'
Event: 2292.729 Thread 0x000002192d8f9b10 Unloading class 0x0000000800ce1800 'java/lang/invoke/LambdaForm$MH+0x0000000800ce1800'
Event: 2292.729 Thread 0x000002192d8f9b10 Unloading class 0x0000000800ce1400 'java/lang/invoke/LambdaForm$MH+0x0000000800ce1400'
Event: 2292.729 Thread 0x000002192d8f9b10 Unloading class 0x0000000800ce1000 'java/lang/invoke/LambdaForm$MH+0x0000000800ce1000'
Event: 2292.730 Thread 0x000002192d8f9b10 Unloading class 0x0000000800ce0c00 'java/lang/invoke/LambdaForm$MH+0x0000000800ce0c00'
Event: 2292.730 Thread 0x000002192d8f9b10 Unloading class 0x0000000800ce0800 'java/lang/invoke/LambdaForm$MH+0x0000000800ce0800'
Event: 2292.730 Thread 0x000002192d8f9b10 Unloading class 0x0000000800ce0400 'java/lang/invoke/LambdaForm$MH+0x0000000800ce0400'
Event: 2292.730 Thread 0x000002192d8f9b10 Unloading class 0x0000000800ce0000 'java/lang/invoke/LambdaForm$MH+0x0000000800ce0000'
Event: 2292.730 Thread 0x000002192d8f9b10 Unloading class 0x0000000800cc3000 'java/lang/invoke/LambdaForm$MH+0x0000000800cc3000'
Event: 2292.730 Thread 0x000002192d8f9b10 Unloading class 0x0000000800cc2800 'java/lang/invoke/LambdaForm$MH+0x0000000800cc2800'
Event: 2292.730 Thread 0x000002192d8f9b10 Unloading class 0x0000000800cc2400 'java/lang/invoke/LambdaForm$MH+0x0000000800cc2400'
Event: 2292.730 Thread 0x000002192d8f9b10 Unloading class 0x0000000800cc2000 'java/lang/invoke/LambdaForm$MH+0x0000000800cc2000'
Event: 2292.730 Thread 0x000002192d8f9b10 Unloading class 0x0000000800cc1c00 'java/lang/invoke/LambdaForm$MH+0x0000000800cc1c00'
Event: 2292.730 Thread 0x000002192d8f9b10 Unloading class 0x0000000800cc1400 'java/lang/invoke/LambdaForm$MH+0x0000000800cc1400'
Event: 2292.730 Thread 0x000002192d8f9b10 Unloading class 0x0000000800c22c00 'java/lang/invoke/LambdaForm$MH+0x0000000800c22c00'
Event: 2292.730 Thread 0x000002192d8f9b10 Unloading class 0x0000000800c22800 'java/lang/invoke/LambdaForm$MH+0x0000000800c22800'
Event: 2292.730 Thread 0x000002192d8f9b10 Unloading class 0x0000000800c22000 'java/lang/invoke/LambdaForm$MH+0x0000000800c22000'
Event: 2292.730 Thread 0x000002192d8f9b10 Unloading class 0x0000000800c20400 'java/lang/invoke/LambdaForm$MH+0x0000000800c20400'

Classes redefined (0 events):
No events

Internal exceptions (20 events):
Event: 2317.038 Thread 0x0000021931d87400 Exception <a 'sun/nio/fs/WindowsException'{0x00000000ee40e2c0}> (0x00000000ee40e2c0) 
thrown [e:\jenkins\tmp\workspace\build\src\src\hotspot\share\prims\jni.cpp, line 579]
Event: 2317.038 Thread 0x0000021931d87400 Exception <a 'sun/nio/fs/WindowsException'{0x00000000ee40e588}> (0x00000000ee40e588) 
thrown [e:\jenkins\tmp\workspace\build\src\src\hotspot\share\prims\jni.cpp, line 579]
Event: 2317.039 Thread 0x0000021931d87400 Exception <a 'sun/nio/fs/WindowsException'{0x00000000ee4140a8}> (0x00000000ee4140a8) 
thrown [e:\jenkins\tmp\workspace\build\src\src\hotspot\share\prims\jni.cpp, line 579]
Event: 2317.039 Thread 0x0000021931d87400 Exception <a 'sun/nio/fs/WindowsException'{0x00000000ee414398}> (0x00000000ee414398) 
thrown [e:\jenkins\tmp\workspace\build\src\src\hotspot\share\prims\jni.cpp, line 579]
Event: 2317.041 Thread 0x0000021931d87400 Exception <a 'sun/nio/fs/WindowsException'{0x00000000ee4522b0}> (0x00000000ee4522b0) 
thrown [e:\jenkins\tmp\workspace\build\src\src\hotspot\share\prims\jni.cpp, line 579]
Event: 2317.041 Thread 0x0000021931d87400 Exception <a 'sun/nio/fs/WindowsException'{0x00000000ee4525a0}> (0x00000000ee4525a0) 
thrown [e:\jenkins\tmp\workspace\build\src\src\hotspot\share\prims\jni.cpp, line 579]
Event: 2317.043 Thread 0x0000021931d87400 Exception <a 'sun/nio/fs/WindowsException'{0x00000000ee34f3a8}> (0x00000000ee34f3a8) 
thrown [e:\jenkins\tmp\workspace\build\src\src\hotspot\share\prims\jni.cpp, line 579]
Event: 2317.043 Thread 0x0000021931d87400 Exception <a 'sun/nio/fs/WindowsException'{0x00000000ee34f6c8}> (0x00000000ee34f6c8) 
thrown [e:\jenkins\tmp\workspace\build\src\src\hotspot\share\prims\jni.cpp, line 579]
Event: 2317.045 Thread 0x0000021931d87400 Exception <a 'sun/nio/fs/WindowsException'{0x00000000ee2a8cb8}> (0x00000000ee2a8cb8) 
thrown [e:\jenkins\tmp\workspace\build\src\src\hotspot\share\prims\jni.cpp, line 579]
Event: 2317.045 Thread 0x0000021931d87400 Exception <a 'sun/nio/fs/WindowsException'{0x00000000ee2a8fc8}> (0x00000000ee2a8fc8) 
thrown [e:\jenkins\tmp\workspace\build\src\src\hotspot\share\prims\jni.cpp, line 579]
Event: 2317.048 Thread 0x0000021931d87400 Exception <a 'sun/nio/fs/WindowsException'{0x00000000ee2feda0}> (0x00000000ee2feda0) 
thrown [e:\jenkins\tmp\workspace\build\src\src\hotspot\share\prims\jni.cpp, line 579]
Event: 2317.048 Thread 0x0000021931d87400 Exception <a 'sun/nio/fs/WindowsException'{0x00000000ee2ff090}> (0x00000000ee2ff090) 
thrown [e:\jenkins\tmp\workspace\build\src\src\hotspot\share\prims\jni.cpp, line 579]
Event: 2317.056 Thread 0x0000021931d87400 Exception <a 'sun/nio/fs/WindowsException'{0x00000000edd960f8}> (0x00000000edd960f8) 
thrown [e:\jenkins\tmp\workspace\build\src\src\hotspot\share\prims\jni.cpp, line 579]
Event: 2317.056 Thread 0x0000021931d87400 Exception <a 'sun/nio/fs/WindowsException'{0x00000000edd96410}> (0x00000000edd96410) 
thrown [e:\jenkins\tmp\workspace\build\src\src\hotspot\share\prims\jni.cpp, line 579]
Event: 2317.061 Thread 0x0000021931d87400 Exception <a 'sun/nio/fs/WindowsException'{0x00000000edb27728}> (0x00000000edb27728) 
thrown [e:\jenkins\tmp\workspace\build\src\src\hotspot\share\prims\jni.cpp, line 579]
Event: 2317.061 Thread 0x0000021931d87400 Exception <a 'sun/nio/fs/WindowsException'{0x00000000edb27a48}> (0x00000000edb27a48) 
thrown [e:\jenkins\tmp\workspace\build\src\src\hotspot\share\prims\jni.cpp, line 579]
Event: 2317.062 Thread 0x0000021931d87400 Exception <a 'sun/nio/fs/WindowsException'{0x00000000edb406a8}> (0x00000000edb406a8) 
thrown [e:\jenkins\tmp\workspace\build\src\src\hotspot\share\prims\jni.cpp, line 579]
Event: 2317.062 Thread 0x0000021931d87400 Exception <a 'sun/nio/fs/WindowsException'{0x00000000edb40988}> (0x00000000edb40988) 
thrown [e:\jenkins\tmp\workspace\build\src\src\hotspot\share\prims\jni.cpp, line 579]
Event: 2317.067 Thread 0x0000021931d87400 Exception <a 'sun/nio/fs/WindowsException'{0x00000000edb9e030}> (0x00000000edb9e030) 
thrown [e:\jenkins\tmp\workspace\build\src\src\hotspot\share\prims\jni.cpp, line 579]
Event: 2317.067 Thread 0x0000021931d87400 Exception <a 'sun/nio/fs/WindowsException'{0x00000000edb9f4b0}> (0x00000000edb9f4b0) 
thrown [e:\jenkins\tmp\workspace\build\src\src\hotspot\share\prims\jni.cpp, line 579]

Events (20 events):
Event: 2316.808 Thread 0x00000219308cfaa0 Thread added: 0x00000219308cfaa0
Event: 2316.808 Thread 0x00000219308c9060 Thread added: 0x00000219308c9060
Event: 2316.813 Thread 0x00000219308cd570 Thread added: 0x00000219308cd570
Event: 2316.879 Thread 0x00000219308cb040 Thread added: 0x00000219308cb040
Event: 2316.979 Thread 0x000002193192b6a0 Thread exited: 0x000002193192b6a0
Event: 2317.004 Executing  VM operation: ICBufferFull
Event: 2317.004 Executing  VM operation: ICBufferFull done
Event: 2317.031 Thread 0x000002193192b110 Thread added: 0x000002193192b110
Event: 2317.064 Executing  VM operation: ICBufferFull
Event: 2317.064 Executing  VM operation: ICBufferFull done
Event: 2319.073 Executing  VM operation: Cleanup
Event: 2319.073 Executing  VM operation: Cleanup done
Event: 2321.025 Thread 0x000002193192b110 Thread exited: 0x000002193192b110
Event: 2327.334 Thread 0x00000219308cd020 Thread exited: 0x00000219308cd020
Event: 2327.334 Thread 0x00000219308c9060 Thread exited: 0x00000219308c9060
Event: 2327.334 Thread 0x0000021931d87400 Thread exited: 0x0000021931d87400
Event: 2327.334 Thread 0x00000219308cfaa0 Thread exited: 0x00000219308cfaa0
Event: 2327.334 Thread 0x00000219308c85c0 Thread exited: 0x00000219308c85c0
Event: 2327.343 Thread 0x0000021931d85970 Thread exited: 0x0000021931d85970
Event: 2327.343 Thread 0x0000021931d81460 Thread exited: 0x0000021931d81460


Dynamic libraries:
0x00007ff778500000 - 0x00007ff77850e000 	C:\Program Files\AdoptOpenJDK\jdk-16.0.1.9-hotspot\bin\java.exe
0x00007ffa6ca70000 - 0x00007ffa6cc65000 	C:\WINDOWS\SYSTEM32\ntdll.dll
0x00007ffa6bb50000 - 0x00007ffa6bc0d000 	C:\WINDOWS\System32\KERNEL32.DLL
0x00007ffa6a530000 - 0x00007ffa6a7f9000 	C:\WINDOWS\System32\KERNELBASE.dll
0x00007ffa6a8a0000 - 0x00007ffa6a9a0000 	C:\WINDOWS\System32\ucrtbase.dll
0x00007ffa63d70000 - 0x00007ffa63d88000 	C:\Program Files\AdoptOpenJDK\jdk-16.0.1.9-hotspot\bin\jli.dll
0x00007ffa63c00000 - 0x00007ffa63c19000 	C:\Program Files\AdoptOpenJDK\jdk-16.0.1.9-hotspot\bin\VCRUNTIME140.dll
0x00007ffa6c890000 - 0x00007ffa6ca30000 	C:\WINDOWS\System32\USER32.dll
0x00007ffa6a4b0000 - 0x00007ffa6a4d2000 	C:\WINDOWS\System32\win32u.dll
0x00007ffa497a0000 - 0x00007ffa49a3a000 	C:\WINDOWS\WinSxS\amd64_microsoft.windows.common-controls_6595b64144ccf1df_6.0.19041.1083_none_60bbe31371f34e71\COMCTL32.dll
0x00007ffa6c280000 - 0x00007ffa6c2aa000 	C:\WINDOWS\System32\GDI32.dll
0x00007ffa6c130000 - 0x00007ffa6c1ce000 	C:\WINDOWS\System32\msvcrt.dll
0x00007ffa6a3a0000 - 0x00007ffa6a4ab000 	C:\WINDOWS\System32\gdi32full.dll
0x00007ffa6a800000 - 0x00007ffa6a89d000 	C:\WINDOWS\System32\msvcp_win.dll
0x00007ffa6b070000 - 0x00007ffa6b0a0000 	C:\WINDOWS\System32\IMM32.DLL
0x00007ffa65570000 - 0x00007ffa6557c000 	C:\Program Files\AdoptOpenJDK\jdk-16.0.1.9-hotspot\bin\vcruntime140_1.dll
0x00007ffa5a610000 - 0x00007ffa5a6a1000 	C:\Program Files\AdoptOpenJDK\jdk-16.0.1.9-hotspot\bin\msvcp140.dll
0x00007ffa06350000 - 0x00007ffa06f88000 	C:\Program Files\AdoptOpenJDK\jdk-16.0.1.9-hotspot\bin\server\jvm.dll
0x00007ffa6c6d0000 - 0x00007ffa6c77c000 	C:\WINDOWS\System32\ADVAPI32.dll
0x00007ffa6afc0000 - 0x00007ffa6b05b000 	C:\WINDOWS\System32\sechost.dll
0x00007ffa6c4b0000 - 0x00007ffa6c5da000 	C:\WINDOWS\System32\RPCRT4.dll
0x00007ffa6b840000 - 0x00007ffa6b848000 	C:\WINDOWS\System32\PSAPI.DLL
0x00007ffa44d10000 - 0x00007ffa44d19000 	C:\WINDOWS\SYSTEM32\WSOCK32.dll
0x00007ffa4d770000 - 0x00007ffa4d797000 	C:\WINDOWS\SYSTEM32\WINMM.dll
0x00007ffa62420000 - 0x00007ffa6242a000 	C:\WINDOWS\SYSTEM32\VERSION.dll
0x00007ffa6c660000 - 0x00007ffa6c6cb000 	C:\WINDOWS\System32\WS2_32.dll
0x00007ffa68100000 - 0x00007ffa68112000 	C:\WINDOWS\SYSTEM32\kernel.appcore.dll
0x00007ffa63f30000 - 0x00007ffa63f3a000 	C:\Program Files\AdoptOpenJDK\jdk-16.0.1.9-hotspot\bin\jimage.dll
0x00007ffa64fb0000 - 0x00007ffa65194000 	C:\WINDOWS\SYSTEM32\DBGHELP.DLL
0x00007ffa64da0000 - 0x00007ffa64dcc000 	C:\WINDOWS\SYSTEM32\dbgcore.DLL
0x00007ffa6aa50000 - 0x00007ffa6aad3000 	C:\WINDOWS\System32\bcryptPrimitives.dll
0x00007ffa5b280000 - 0x00007ffa5b2a5000 	C:\Program Files\AdoptOpenJDK\jdk-16.0.1.9-hotspot\bin\java.dll
0x00007ffa6b100000 - 0x00007ffa6b83f000 	C:\WINDOWS\System32\SHELL32.dll
0x00007ffa68300000 - 0x00007ffa68a91000 	C:\WINDOWS\SYSTEM32\windows.storage.dll
0x00007ffa6bdd0000 - 0x00007ffa6c125000 	C:\WINDOWS\System32\combase.dll
0x00007ffa69c20000 - 0x00007ffa69c4c000 	C:\WINDOWS\SYSTEM32\Wldp.dll
0x00007ffa6c1d0000 - 0x00007ffa6c27e000 	C:\WINDOWS\System32\SHCORE.dll
0x00007ffa6c780000 - 0x00007ffa6c7d5000 	C:\WINDOWS\System32\shlwapi.dll
0x00007ffa6a0f0000 - 0x00007ffa6a10f000 	C:\WINDOWS\SYSTEM32\profapi.dll
0x00007ffa5f850000 - 0x00007ffa5f869000 	C:\Program Files\AdoptOpenJDK\jdk-16.0.1.9-hotspot\bin\net.dll
0x00007ffa63580000 - 0x00007ffa6368a000 	C:\WINDOWS\SYSTEM32\WINHTTP.dll
0x00007ffa69980000 - 0x00007ffa699ea000 	C:\WINDOWS\system32\mswsock.dll
0x00007ffa5b260000 - 0x00007ffa5b273000 	C:\Program Files\AdoptOpenJDK\jdk-16.0.1.9-hotspot\bin\nio.dll
0x00007ffa5ae10000 - 0x00007ffa5ae28000 	C:\Program Files\AdoptOpenJDK\jdk-16.0.1.9-hotspot\bin\zip.dll
0x00007ffa63920000 - 0x00007ffa63930000 	C:\Program Files\AdoptOpenJDK\jdk-16.0.1.9-hotspot\bin\verify.dll
0x00007ffa5aef0000 - 0x00007ffa5af17000 	C:\Users\80010-02-10\.gradle\native\49d0259a56938c7f99b2704e745ce422c4f750a7a20b539a32ccef96729676b1\windows-amd64\native-platform.dll
0x00007ffa09520000 - 0x00007ffa096b6000 	C:\Users\80010-02-10\.gradle\native\12488b8bf47d2d4c9fbf2f6322a914ad602e24e48041cd04a747c6da556b65c4\windows-amd64\native-platform-file-events.dll
0x00007ffa627f0000 - 0x00007ffa627f9000 	C:\Program Files\AdoptOpenJDK\jdk-16.0.1.9-hotspot\bin\management.dll
0x00007ffa5f730000 - 0x00007ffa5f73b000 	C:\Program Files\AdoptOpenJDK\jdk-16.0.1.9-hotspot\bin\management_ext.dll
0x00007ffa69b60000 - 0x00007ffa69b78000 	C:\WINDOWS\SYSTEM32\CRYPTSP.dll
0x00007ffa69250000 - 0x00007ffa69284000 	C:\WINDOWS\system32\rsaenh.dll
0x00007ffa6a310000 - 0x00007ffa6a337000 	C:\WINDOWS\System32\bcrypt.dll
0x00007ffa6a0b0000 - 0x00007ffa6a0de000 	C:\WINDOWS\SYSTEM32\USERENV.dll
0x00007ffa69b80000 - 0x00007ffa69b8c000 	C:\WINDOWS\SYSTEM32\CRYPTBASE.dll
0x00007ffa69600000 - 0x00007ffa6963b000 	C:\WINDOWS\SYSTEM32\IPHLPAPI.DLL
0x00007ffa6b060000 - 0x00007ffa6b068000 	C:\WINDOWS\System32\NSI.dll
0x00007ffa659a0000 - 0x00007ffa659b7000 	C:\WINDOWS\SYSTEM32\dhcpcsvc6.DLL
0x00007ffa65950000 - 0x00007ffa6596d000 	C:\WINDOWS\SYSTEM32\dhcpcsvc.DLL
0x00007ffa69640000 - 0x00007ffa6970c000 	C:\WINDOWS\SYSTEM32\DNSAPI.dll
0x00007ffa5cfb0000 - 0x00007ffa5cfbe000 	C:\Program Files\AdoptOpenJDK\jdk-16.0.1.9-hotspot\bin\sunmscapi.dll
0x00007ffa6a1b0000 - 0x00007ffa6a30f000 	C:\WINDOWS\System32\CRYPT32.dll
0x00007ffa69c90000 - 0x00007ffa69cb7000 	C:\WINDOWS\SYSTEM32\ncrypt.dll
0x00007ffa69c50000 - 0x00007ffa69c8b000 	C:\WINDOWS\SYSTEM32\NTASN1.dll
0x00007ffa5ce80000 - 0x00007ffa5ce87000 	C:\WINDOWS\system32\wshunix.dll

dbghelp: loaded successfully - version: 4.0.5 - missing functions: none
symbol engine: initialized successfully - sym options: 0x614 - pdb path: .;C:\Program Files\AdoptOpenJDK\jdk-16.0.1.9-hotspot\bin;C:\WINDOWS\SYSTEM32;C:\WINDOWS\WinSxS\amd64_microsoft.windows.common-controls_6595b64144ccf1df_6.0.19041.1083_none_60bbe31371f34e71;C:\Program Files\AdoptOpenJDK\jdk-16.0.1.9-hotspot\bin\server;C:\Users\80010-02-10\.gradle\native\49d0259a56938c7f99b2704e745ce422c4f750a7a20b539a32ccef96729676b1\windows-amd64;C:\Users\80010-02-10\.gradle\native\12488b8bf47d2d4c9fbf2f6322a914ad602e24e48041cd04a747c6da556b65c4\windows-amd64

VM Arguments:
jvm_args: --add-opens=java.base/java.util=ALL-UNNAMED --add-opens=java.base/java.lang=ALL-UNNAMED --add-opens=java.base/java.lang.invoke=ALL-UNNAMED --add-opens=java.base/java.util=ALL-UNNAMED --add-opens=java.prefs/java.util.prefs=ALL-UNNAMED --add-opens=java.prefs/java.util.prefs=ALL-UNNAMED --add-opens=java.base/java.nio.charset=ALL-UNNAMED --add-opens=java.base/java.net=ALL-UNNAMED --add-opens=java.base/java.util.concurrent.atomic=ALL-UNNAMED -XX:MaxMetaspaceSize=256m -XX:+HeapDumpOnOutOfMemoryError -Xms256m -Xmx512m -Dfile.encoding=windows-1252 -Duser.country=FR -Duser.language=fr -Duser.variant 
java_command: org.gradle.launcher.daemon.bootstrap.GradleDaemon 7.0
java_class_path (initial): C:\Users\80010-02-10\.gradle\wrapper\dists\gradle-7.0-bin\2p9ebqfz6ilrfozi676ogco7n\gradle-7.0\lib\gradle-launcher-7.0.jar
Launcher Type: SUN_STANDARD

[Global flags]
     intx CICompilerCount                          = 3                                         {product} {ergonomic}
   size_t CompressedClassSpaceSize                 = 218103808                                 {product} {ergonomic}
     uint ConcGCThreads                            = 2                                         {product} {ergonomic}
     uint G1ConcRefinementThreads                  = 6                                         {product} {ergonomic}
   size_t G1HeapRegionSize                         = 1048576                                   {product} {ergonomic}
    uintx GCDrainStackTargetSize                   = 64                                        {product} {ergonomic}
     bool HeapDumpOnOutOfMemoryError               = true                                   {manageable} {command line}
   size_t InitialHeapSize                          = 268435456                                 {product} {command line}
   size_t MarkStackSize                            = 4194304                                   {product} {ergonomic}
   size_t MaxHeapSize                              = 536870912                                 {product} {command line}
   size_t MaxMetaspaceSize                         = 268435456                                 {product} {command line}
   size_t MaxNewSize                               = 321912832                                 {product} {ergonomic}
   size_t MinHeapDeltaBytes                        = 1048576                                   {product} {ergonomic}
   size_t MinHeapSize                              = 268435456                                 {product} {command line}
    uintx NonNMethodCodeHeapSize                   = 5832780                                {pd product} {ergonomic}
    uintx NonProfiledCodeHeapSize                  = 122912730                              {pd product} {ergonomic}
    uintx ProfiledCodeHeapSize                     = 122912730                              {pd product} {ergonomic}
    uintx ReservedCodeCacheSize                    = 251658240                              {pd product} {ergonomic}
     bool SegmentedCodeCache                       = true                                      {product} {ergonomic}
   size_t SoftMaxHeapSize                          = 536870912                              {manageable} {ergonomic}
     bool UseCompressedClassPointers               = true                           {product lp64_product} {ergonomic}
     bool UseCompressedOops                        = true                           {product lp64_product} {ergonomic}
     bool UseG1GC                                  = true                                      {product} {ergonomic}
     bool UseLargePagesIndividualAllocation        = false                                  {pd product} {ergonomic}

Logging:
Log output configuration:
 #0: stdout all=warning uptime,level,tags
 #1: stderr all=off uptime,level,tags

Environment Variables:
JAVA_HOME=C:\Program Files\AdoptOpenJDK\jdk-16.0.1.9-hotspot\
PATH=C:\Program Files\AdoptOpenJDK\jdk-16.0.1.9-hotspot\bin;C:\Program Files (x86)\Common Files\Oracle\Java\javapath;C:\WINDOWS\system32;C:\WINDOWS;C:\WINDOWS\System32\Wbem;C:\WINDOWS\System32\WindowsPowerShell\v1.0\;C:\WINDOWS\System32\OpenSSH\;C:\Program Files (x86)\Microsoft VS Code\bin;C:\Program Files\dotnet\;C:\Program Files\Microsoft SQL Server\130\Tools\Binn\;C:\Program Files\Microsoft SQL Server\Client SDK\ODBC\170\Tools\Binn\;C:\ProgramData\ComposerSetup\bin;C:\Program Files\Symfony;C:\php-7.4.20;C:\Program Files\Git\cmd;C:\Users\80010-02-10\AppData\Local\Microsoft\WindowsApps;C:\Users\80010-02-10\AppData\Roaming\Composer\vendor\bin;C:\Program Files\JetBrains\PhpStorm 2021.1.3\bin;;C:\Program Files\JetBrains\IntelliJ IDEA 2021.1.3\bin;
USERNAME=80010-02-10
OS=Windows_NT
PROCESSOR_IDENTIFIER=Intel64 Family 6 Model 158 Stepping 10, GenuineIntel



---------------  S Y S T E M  ---------------

OS:
 Windows 10 , 64 bit Build 19041 (10.0.19041.1023)
OS uptime: 9 days 3:06 hours

CPU: total 6 (initial active 6) (6 cores per cpu, 1 threads per core) family 6 model 158 stepping 10 microcode 0xb4, cx8, cmov, fxsr, mmx, 3dnowpref, sse, sse2, sse3, ssse3, sse4.1, sse4.2, popcnt, lzcnt, tsc, tscinvbit, avx, avx2, aes, erms, clmul, bmi1, bmi2, adx, fma, vzeroupper, clflush, clflushopt

Memory: 4k page, system-wide physical 16219M (8594M free)
TotalPageFile size 18651M (AvailPageFile size 8424M)
current process WorkingSet (physical memory assigned to process): 382M, peak: 423M
current process commit charge ("private bytes"): 464M, peak: 504M

vm_info: OpenJDK 64-Bit Server VM (16.0.1+9) for windows-amd64 JRE (16.0.1+9), built on Apr 21 2021 12:30:27 by "" with MS VC++ 16.7 (VS2019)

END.
