#
# A fatal error has been detected by the Java Runtime Environment:
#
#  EXCEPTION_ACCESS_VIOLATION (0xc0000005) at pc=0x00007ffa0954362e, pid=10024, tid=4888
#
# JRE version: OpenJDK Runtime Environment AdoptOpenJDK-16.0.1+9 (16.0.1+9) (build 16.0.1+9)
# Java VM: OpenJDK 64-Bit Server VM AdoptOpenJDK-16.0.1+9 (16.0.1+9, mixed mode, sharing, tiered, compressed oops, compressed class ptrs, g1 gc, windows-amd64)
# Problematic frame:
# C  [native-platform-file-events.dll+0x2362e]
#
# No core dump will be written. Minidumps are not enabled by default on client versions of Windows
#
# If you would like to submit a bug report, please visit:
#   https://github.com/AdoptOpenJDK/openjdk-support/issues
# The crash happened outside the Java Virtual Machine in native code.
# See problematic frame for where to report the bug.
#

---------------  S U M M A R Y ------------

Command Line: --add-opens=java.base/java.util=ALL-UNNAMED --add-opens=java.base/java.lang=ALL-UNNAMED --add-opens=java.base/java.lang.invoke=ALL-UNNAMED --add-opens=java.base/java.util=ALL-UNNAMED --add-opens=java.prefs/java.util.prefs=ALL-UNNAMED --add-opens=java.prefs/java.util.prefs=ALL-UNNAMED --add-opens=java.base/java.nio.charset=ALL-UNNAMED --add-opens=java.base/java.net=ALL-UNNAMED --add-opens=java.base/java.util.concurrent.atomic=ALL-UNNAMED -XX:MaxMetaspaceSize=256m -XX:+HeapDumpOnOutOfMemoryError -Xms256m -Xmx512m -Dfile.encoding=windows-1252 -Duser.country=FR -Duser.language=fr -Duser.variant org.gradle.launcher.daemon.bootstrap.GradleDaemon 7.0

Host: Intel(R) Core(TM) i5-8400 CPU @ 2.80GHz, 6 cores, 15G,  Windows 10 , 64 bit Build 19041 (10.0.19041.1023)
Time: Wed Jul 21 11:23:41 2021 Paris, Madrid (heure duild 19041 (10.0.19041.1023) elapsed time: 33.278674 seconds (0d 0h 0m 33s)

---------------  T H R E A D  ---------------

Current thread (0x000001663ec212c0):  JavaThread "File watcher server" daemon [_thread_in_native, id=4888, stack(0x0000001e9f600000,0x0000001e9f700000)]

Stack: [0x0000001e9f600000,0x0000001e9f700000],  sp=0x0000001e9f6fe8a0,  free space=1018k
Native frames: (J=compiled Java code, j=interpreted, Vv=VM code, C=native code)
C  [native-platform-file-events.dll+0x2362e]

Java frames: (J=compiled Java code, j=interpreted, Vv=VM code)
j  net.rubygrapefruit.platform.internal.jni.AbstractFileEventFunctions$NativeFileWatcher.executeRunLoop0(Ljava/lang/Object;)V+0
j  net.rubygrapefruit.platform.internal.jni.AbstractFileEventFunctions$NativeFileWatcher.access$100(Lnet/rubygrapefruit/platform/internal/jni/AbstractFileEventFunctions$NativeFileWatcher;Ljava/lang/Object;)V+2
j  net.rubygrapefruit.platform.internal.jni.AbstractFileEventFunctions$NativeFileWatcher$1.run()V+26
v  ~StubRoutines::call_stub

siginfo: EXCEPTION_ACCESS_VIOLATION (0xc0000005), reading address 0xffffffffffffffff


Register to memory mapping:

RIP=0x00007ffa0954362e native-platform-file-events.dll
RAX=0x2473636974736974 is an unknown value
RBX=0x0000000000000001 is an unknown value
RCX=0x2473636974736974 is an unknown value
RDX=0x0000001e9f6fe8f8 is pointing into the stack for thread: 0x000001663ec212c0
RSP=0x0000001e9f6fe8a0 is pointing into the stack for thread: 0x000001663ec212c0
RBP=0x0000001e9f6ff298 is pointing into the stack for thread: 0x000001663ec212c0
RSI=0x0 is NULL
RDI=0x00000000ffffffff is an unallocated location in the heap
R8 =0x0000001e9f6fe900 is pointing into the stack for thread: 0x000001663ec212c0
R9 =0x000000007ffea000 points into unknown readable memory: 0x00000000546c6148 | 48 61 6c 54 00 00 00 00
R10=0x00000000546c6148 is an unknown value
R11=0x000005c09e3c9d98 is an unknown value
R12=0x0 is NULL
R13={method} {0x0000016641346188} 'executeRunLoop0' '(Ljava/lang/Object;)V' in 'net/rubygrapefruit/platform/internal/jni/AbstractFileEventFunctions$NativeFileWatcher'
R14=0x0000001e9f6ff2c0 is pointing into the stack for thread: 0x000001663ec212c0
R15=0x000001663ec212c0 is a thread


Registers:
RAX=0x2473636974736974, RBX=0x0000000000000001, RCX=0x2473636974736974, RDX=0x0000001e9f6fe8f8
RSP=0x0000001e9f6fe8a0, RBP=0x0000001e9f6ff298, RSI=0x0000000000000000, RDI=0x00000000ffffffff
R8 =0x0000001e9f6fe900, R9 =0x000000007ffea000, R10=0x00000000546c6148, R11=0x000005c09e3c9d98
R12=0x0000000000000000, R13=0x0000016641346180, R14=0x0000001e9f6ff2c0, R15=0x000001663ec212c0
RIP=0x00007ffa0954362e, EFLAGS=0x0000000000010206

Top of Stack: (sp=0x0000001e9f6fe8a0)
0x0000001e9f6fe8a0:   0002ca34460de458 0002ca3446032338
0x0000001e9f6fe8b0:   0002ca34460de458 00007ffa0955e965
0x0000001e9f6fe8c0:   0000001e9f6fe978 0000001e9f6fe8f8
0x0000001e9f6fe8d0:   0000001e00000000 0000001e9f6fe908
0x0000001e9f6fe8e0:   0000001e9f6f0001 000007245cdc4c86
0x0000001e9f6fe8f0:   0000001e9f6fe900 0000000000000000
0x0000001e9f6fe900:   0002ca3446032338 0002ca34460de458
0x0000001e9f6fe910:   00000000ea9000d8 00007ffa0955e4f7
0x0000001e9f6fe920:   0000001e9f6fe978 0000001e9f6fe970
0x0000001e9f6fe930:   000001663d3db7d0 00007ffa0954d473
0x0000001e9f6fe940:   0000001e00000000 0000001e9eefbc20
0x0000001e9f6fe950:   0002ca34460de458 0000000000000000
0x0000001e9f6fe960:   0000001e00000000 0000001e9f6fe9d0
0x0000001e9f6fe970:   00002f3a50820c4b 0000000000000000
0x0000001e9f6fe980:   000001663f929b40 00007ffa0954385c
0x0000001e9f6fe990:   2473636974736974 0000016600000003 

Instructions: (pc=0x00007ffa0954362e)
0x00007ffa0954352e:   8b 00 48 89 44 24 38 48 8b 44 24 38 48 89 44 24
0x00007ffa0954353e:   58 48 8b 84 24 b0 00 00 00 48 83 c0 08 48 89 44
0x00007ffa0954354e:   24 40 48 8d 54 24 70 48 8b 4c 24 40 e8 84 1a fe
0x00007ffa0954355e:   ff 48 8b 00 48 89 44 24 48 48 8b 44 24 48 48 89
0x00007ffa0954356e:   44 24 60 4c 8b 4c 24 50 4c 8b 44 24 58 48 8b 54
0x00007ffa0954357e:   24 60 48 8d 4c 24 78 e8 b2 48 fe ff 48 8d 4c 24
0x00007ffa0954358e:   78 e8 a8 20 fe ff 48 8b c8 ff 15 6b ba 16 00 89
0x00007ffa0954359e:   44 24 24 83 7c 24 24 ff 74 15 8b 44 24 24 83 e0
0x00007ffa095435ae:   10 85 c0 74 0a c7 44 24 28 01 00 00 00 eb 08 c7
0x00007ffa095435be:   44 24 28 00 00 00 00 0f b6 44 24 28 88 44 24 20
0x00007ffa095435ce:   48 8d 4c 24 78 e8 04 49 fe ff 0f b6 44 24 20 48
0x00007ffa095435de:   8b 8c 24 98 00 00 00 48 33 cc e8 35 fe fd ff 48
0x00007ffa095435ee:   81 c4 a8 00 00 00 c3 cc cc cc cc cc cc cc cc cc
0x00007ffa095435fe:   cc cc 48 89 4c 24 08 48 81 ec e8 00 00 00 48 8b
0x00007ffa0954360e:   05 a5 1a 15 00 48 33 c4 48 89 84 24 d0 00 00 00
0x00007ffa0954361e:   c7 44 24 30 00 00 00 00 48 8b 84 24 f0 00 00 00
0x00007ffa0954362e:   83 78 68 03 0f 84 02 01 00 00 48 8b 84 24 f0 00
0x00007ffa0954363e:   00 00 48 8b 48 28 ff 15 c6 b9 16 00 89 44 24 38
0x00007ffa0954364e:   83 7c 24 38 00 0f 85 d0 00 00 00 ba 07 00 00 00
0x00007ffa0954365e:   48 8b 0d e3 69 15 00 e8 cd d9 fd ff 88 44 24 34
0x00007ffa0954366e:   0f b6 44 24 34 85 c0 0f 84 90 00 00 00 ff 15 97
0x00007ffa0954367e:   b9 16 00 89 44 24 3c 48 8b 84 24 f0 00 00 00 48
0x00007ffa0954368e:   83 c0 08 48 8b d0 48 8d 8c 24 90 00 00 00 e8 cd
0x00007ffa0954369e:   5b fe ff 48 89 44 24 40 48 8b 44 24 40 48 89 44
0x00007ffa095436ae:   24 48 8b 44 24 30 83 c8 01 89 44 24 30 48 8b 4c
0x00007ffa095436be:   24 48 e8 4e 4d fe ff 48 89 44 24 50 48 8b 84 24
0x00007ffa095436ce:   f0 00 00 00 48 8b 40 28 48 89 44 24 58 8b 44 24
0x00007ffa095436de:   3c 89 44 24 28 48 8b 44 24 50 48 89 44 24 20 4c
0x00007ffa095436ee:   8b 4c 24 58 4c 8d 05 67 4f 11 00 ba 07 00 00 00
0x00007ffa095436fe:   48 8b 0d 43 69 15 00 e8 71 67 fe ff 90 8b 44 24
0x00007ffa0954370e:   30 83 e0 01 85 c0 74 13 83 64 24 30 fe 48 8d 8c
0x00007ffa0954371e:   24 90 00 00 00 e8 eb 1a fe ff 90 eb 00 48 8b 84 


Stack slot to memory mapping:
stack at sp + 0 slots: 0x0002ca34460de458 is an unknown value
stack at sp + 1 slots: 0x0002ca3446032338 is an unknown value
stack at sp + 2 slots: 0x0002ca34460de458 is an unknown value
stack at sp + 3 slots: 0x00007ffa0955e965 native-platform-file-events.dll
stack at sp + 4 slots: 0x0000001e9f6fe978 is pointing into the stack for thread: 0x000001663ec212c0
stack at sp + 5 slots: 0x0000001e9f6fe8f8 is pointing into the stack for thread: 0x000001663ec212c0
stack at sp + 6 slots: 0x0000001e00000000 is an unknown value
stack at sp + 7 slots: 0x0000001e9f6fe908 is pointing into the stack for thread: 0x000001663ec212c0


---------------  P R O C E S S  ---------------

Threads class SMR info:
_java_thread_list=0x000001663f929ab0, length=52, elements={
0x000001661e3f9fb0, 0x000001663bb6cd80, 0x000001663bb6db50, 0x000001663bb84950,
0x000001663bb87270, 0x000001663bb887b0, 0x000001663bb8a4e0, 0x000001663bb8d0f0,
0x000001663bb8da40, 0x000001663bb943b0, 0x000001663c600300, 0x000001663c606840,
0x000001663d069460, 0x000001663ed98db0, 0x000001663ed99850, 0x000001663ed99300,
0x000001663ed96330, 0x000001663ed96dd0, 0x000001663ed97dc0, 0x000001663ed98310,
0x000001663ed98860, 0x000001663ed97320, 0x000001663ed96880, 0x000001663ec202d0,
0x000001663ec1fd80, 0x000001663ec222b0, 0x000001663ec212c0, 0x000001663ec21810,
0x000001663ec20820, 0x000001663ec22800, 0x000001663ec1f830, 0x000001663fcb88f0,
0x000001663fcb7900, 0x000001663fcbb370, 0x000001663fcba380, 0x000001663fcb73b0,
0x000001663fcb9390, 0x000001663fcbc360, 0x000001663fcbce00, 0x000001663fcb7e50,
0x000001663fcb6e60, 0x000001663fcb63c0, 0x000001663fcb98e0, 0x000001663fcb9e30,
0x000001663fcba8d0, 0x000001663fcbc8b0, 0x00000166423e8b40, 0x00000166423e6b60,
0x00000166439b8690, 0x00000166439b46d0, 0x00000166439b5170, 0x000001663c70aa00
}

Java Threads: ( => current thread )
  0x000001661e3f9fb0 JavaThread "main" [_thread_blocked, id=5080, stack(0x0000001e9ce00000,0x0000001e9cf00000)]
  0x000001663bb6cd80 JavaThread "Reference Handler" daemon [_thread_blocked, id=8796, stack(0x0000001e9d500000,0x0000001e9d600000)]
  0x000001663bb6db50 JavaThread "Finalizer" daemon [_thread_blocked, id=8092, stack(0x0000001e9d600000,0x0000001e9d700000)]
  0x000001663bb84950 JavaThread "Signal Dispatcher" daemon [_thread_blocked, id=2180, stack(0x0000001e9d700000,0x0000001e9d800000)]
  0x000001663bb87270 JavaThread "Attach Listener" daemon [_thread_blocked, id=6316, stack(0x0000001e9d800000,0x0000001e9d900000)]
  0x000001663bb887b0 JavaThread "Service Thread" daemon [_thread_blocked, id=13480, stack(0x0000001e9d900000,0x0000001e9da00000)]
  0x000001663bb8a4e0 JavaThread "Monitor Deflation Thread" daemon [_thread_blocked, id=8456, stack(0x0000001e9da00000,0x0000001e9db00000)]
  0x000001663bb8d0f0 JavaThread "C2 CompilerThread0" daemon [_thread_blocked, id=7296, stack(0x0000001e9db00000,0x0000001e9dc00000)]
  0x000001663bb8da40 JavaThread "C1 CompilerThread0" daemon [_thread_blocked, id=3120, stack(0x0000001e9dc00000,0x0000001e9dd00000)]
  0x000001663bb943b0 JavaThread "Sweeper thread" daemon [_thread_blocked, id=6332, stack(0x0000001e9dd00000,0x0000001e9de00000)]
  0x000001663c600300 JavaThread "Common-Cleaner" daemon [_thread_blocked, id=6844, stack(0x0000001e9de00000,0x0000001e9df00000)]
  0x000001663c606840 JavaThread "Notification Thread" daemon [_thread_blocked, id=9556, stack(0x0000001e9df00000,0x0000001e9e000000)]
  0x000001663d069460 JavaThread "Daemon health stats" [_thread_blocked, id=12832, stack(0x0000001e9e800000,0x0000001e9e900000)]
  0x000001663ed98db0 JavaThread "Incoming local TCP Connector on port 57429" [_thread_in_native, id=6432, stack(0x0000001e9e900000,0x0000001e9ea00000)]
  0x000001663ed99850 JavaThread "Daemon periodic checks" [_thread_blocked, id=8836, stack(0x0000001e9ea00000,0x0000001e9eb00000)]
  0x000001663ed99300 JavaThread "Daemon" [_thread_blocked, id=11468, stack(0x0000001e9eb00000,0x0000001e9ec00000)]
  0x000001663ed96330 JavaThread "Handler for socket connection from /127.0.0.1:57429 to /127.0.0.1:57430" [_thread_in_native, id=912, stack(0x0000001e9ec00000,0x0000001e9ed00000)]
  0x000001663ed96dd0 JavaThread "Cancel handler" [_thread_blocked, id=2324, stack(0x0000001e9ed00000,0x0000001e9ee00000)]
  0x000001663ed97dc0 JavaThread "Daemon worker" [_thread_in_vm, id=8136, stack(0x0000001e9ee00000,0x0000001e9ef00000)]
  0x000001663ed98310 JavaThread "Asynchronous log dispatcher for DefaultDaemonConnection: socket connection from /127.0.0.1:57429 to /127.0.0.1:57430" [_thread_blocked, id=1732, stack(0x0000001e9ef00000,0x0000001e9f000000)]
  0x000001663ed98860 JavaThread "Stdin handler" [_thread_blocked, id=8848, stack(0x0000001e9f000000,0x0000001e9f100000)]
  0x000001663ed97320 JavaThread "Daemon client event forwarder" [_thread_blocked, id=10484, stack(0x0000001e9f100000,0x0000001e9f200000)]
  0x000001663ed96880 JavaThread "Cache worker for file hash cache (C:\Users\80010-02-10\.gradle\caches\7.0\fileHashes)" [_thread_blocked, id=11700, stack(0x0000001e9f200000,0x0000001e9f300000)]
  0x000001663ec202d0 JavaThread "File lock request listener" [_thread_in_native, id=1224, stack(0x0000001e9f300000,0x0000001e9f400000)]
  0x000001663ec1fd80 JavaThread "Cache worker for journal cache (C:\Users\80010-02-10\.gradle\caches\journal-1)" [_thread_blocked, id=6696, stack(0x0000001e9f400000,0x0000001e9f500000)]
  0x000001663ec222b0 JavaThread "Cache worker for file hash cache (U:\80010-02-10\Behzad\Projects\cases\.gradle\7.0\fileHashes)" [_thread_blocked, id=11940, stack(0x0000001e9f500000,0x0000001e9f600000)]
=>0x000001663ec212c0 JavaThread "File watcher server" daemon [_thread_in_native, id=4888, stack(0x0000001e9f600000,0x0000001e9f700000)]
  0x000001663ec21810 JavaThread "File watcher consumer" daemon [_thread_blocked, id=11360, stack(0x0000001e9f700000,0x0000001e9f800000)]
  0x000001663ec20820 JavaThread "Cache worker for checksums cache (U:\80010-02-10\Behzad\Projects\cases\.gradle\checksums)" [_thread_blocked, id=13832, stack(0x0000001e9f800000,0x0000001e9f900000)]
  0x000001663ec22800 JavaThread "Cache worker for cache directory md-rule (C:\Users\80010-02-10\.gradle\caches\7.0\md-rule)" [_thread_blocked, id=13788, stack(0x0000001e9fa00000,0x0000001e9fb00000)]
  0x000001663ec1f830 JavaThread "Cache worker for execution history cache (C:\Users\80010-02-10\.gradle\caches\7.0\executionHistory)" [_thread_blocked, id=12960, stack(0x0000001e9fb00000,0x0000001e9fc00000)]
  0x000001663fcb88f0 JavaThread "jar transforms" [_thread_blocked, id=2880, stack(0x0000001e9fd00000,0x0000001e9fe00000)]
  0x000001663fcb7900 JavaThread "jar transforms Thread 2" [_thread_blocked, id=14232, stack(0x0000001e9fe00000,0x0000001e9ff00000)]
  0x000001663fcbb370 JavaThread "Cache worker for file content cache (C:\Users\80010-02-10\.gradle\caches\7.0\fileContent)" [_thread_blocked, id=4468, stack(0x0000001e9ff00000,0x0000001ea0000000)]
  0x000001663fcba380 JavaThread "jar transforms Thread 3" [_thread_blocked, id=4252, stack(0x0000001ea0000000,0x0000001ea0100000)]
  0x000001663fcb73b0 JavaThread "jar transforms Thread 4" [_thread_blocked, id=344, stack(0x0000001ea0100000,0x0000001ea0200000)]
  0x000001663fcb9390 JavaThread "jar transforms Thread 5" [_thread_blocked, id=2840, stack(0x0000001ea0200000,0x0000001ea0300000)]
  0x000001663fcbc360 JavaThread "jar transforms Thread 6" [_thread_blocked, id=14308, stack(0x0000001ea0300000,0x0000001ea0400000)]
  0x000001663fcbce00 JavaThread "Cache worker for dependencies-accessors (U:\80010-02-10\Behzad\Projects\cases\.gradle\7.0\dependencies-accessors)" [_thread_blocked, id=1172, stack(0x0000001ea0400000,0x0000001ea0500000)]
  0x000001663fcb7e50 JavaThread "Build operations" [_thread_blocked, id=2836, stack(0x0000001ea0600000,0x0000001ea0700000)]
  0x000001663fcb6e60 JavaThread "Build operations Thread 2" [_thread_blocked, id=12316, stack(0x0000001ea0700000,0x0000001ea0800000)]
  0x000001663fcb63c0 JavaThread "Build operations Thread 3" [_thread_blocked, id=11932, stack(0x0000001ea0800000,0x0000001ea0900000)]
  0x000001663fcb98e0 JavaThread "Build operations Thread 4" [_thread_blocked, id=6408, stack(0x0000001ea0900000,0x0000001ea0a00000)]
  0x000001663fcb9e30 JavaThread "Build operations Thread 5" [_thread_blocked, id=2848, stack(0x0000001ea0a00000,0x0000001ea0b00000)]
  0x000001663fcba8d0 JavaThread "Build operations Thread 6" [_thread_blocked, id=8196, stack(0x0000001ea0b00000,0x0000001ea0c00000)]
  0x000001663fcbc8b0 JavaThread "Memory manager" [_thread_blocked, id=6892, stack(0x0000001ea0c00000,0x0000001ea0d00000)]
  0x00000166423e8b40 JavaThread "Cache worker for Java compile cache (C:\Users\80010-02-10\.gradle\caches\7.0\javaCompile)" [_thread_blocked, id=6324, stack(0x0000001ea1300000,0x0000001ea1400000)]
  0x00000166423e6b60 JavaThread "Exec process" [_thread_blocked, id=6784, stack(0x0000001ea1800000,0x0000001ea1900000)]
  0x00000166439b8690 JavaThread "Exec process Thread 2" [_thread_blocked, id=12952, stack(0x0000001ea1900000,0x0000001ea1a00000)]
  0x00000166439b46d0 JavaThread "Exec process Thread 3" [_thread_blocked, id=1168, stack(0x0000001ea1a00000,0x0000001ea1b00000)]
  0x00000166439b5170 JavaThread "File lock release action executor" [_thread_blocked, id=9240, stack(0x0000001ea1b00000,0x0000001ea1c00000)]
  0x000001663c70aa00 JavaThread "C2 CompilerThread1" daemon [_thread_blocked, id=1748, stack(0x0000001e9f900000,0x0000001e9fa00000)]

Other Threads:
  0x000001663bb6a280 VMThread "VM Thread" [stack: 0x0000001e9d400000,0x0000001e9d500000] [id=876]
  0x000001663c608d70 WatcherThread [stack: 0x0000001e9e000000,0x0000001e9e100000] [id=7756]
  0x0000016620609120 GCTaskThread "GC Thread#0" [stack: 0x0000001e9cf00000,0x0000001e9d000000] [id=12852]
  0x000001663ce7a4f0 GCTaskThread "GC Thread#1" [stack: 0x0000001e9e200000,0x0000001e9e300000] [id=14196]
  0x000001663c92df10 GCTaskThread "GC Thread#2" [stack: 0x0000001e9e300000,0x0000001e9e400000] [id=6340]
  0x000001663d0f2790 GCTaskThread "GC Thread#3" [stack: 0x0000001e9e400000,0x0000001e9e500000] [id=11472]
  0x000001663d0f2aa0 GCTaskThread "GC Thread#4" [stack: 0x0000001e9e500000,0x0000001e9e600000] [id=292]
  0x000001663d0f2db0 GCTaskThread "GC Thread#5" [stack: 0x0000001e9e600000,0x0000001e9e700000] [id=4904]
  0x000001662060e170 ConcurrentGCThread "G1 Main Marker" [stack: 0x0000001e9d000000,0x0000001e9d100000] [id=12520]
  0x000001662060eb70 ConcurrentGCThread "G1 Conc#0" [stack: 0x0000001e9d100000,0x0000001e9d200000] [id=4292]
  0x000001663e42cd70 ConcurrentGCThread "G1 Conc#1" [stack: 0x0000001e9fc00000,0x0000001e9fd00000] [id=11596]
  0x00000166206bbaa0 ConcurrentGCThread "G1 Refine#0" [stack: 0x0000001e9d200000,0x0000001e9d300000] [id=11500]
  0x000001663cd50020 ConcurrentGCThread "G1 Refine#1" [stack: 0x0000001e9e700000,0x0000001e9e800000] [id=13716]
  0x000001663fdeae60 ConcurrentGCThread "G1 Refine#2" [stack: 0x0000001ea1500000,0x0000001ea1600000] [id=9576]
  0x000001663fdeb1a0 ConcurrentGCThread "G1 Refine#3" [stack: 0x0000001ea1600000,0x0000001ea1700000] [id=10980]
  0x000001663fdeb4e0 ConcurrentGCThread "G1 Refine#4" [stack: 0x0000001ea1700000,0x0000001ea1800000] [id=7820]
  0x00000166206bc4b0 ConcurrentGCThread "G1 Service" [stack: 0x0000001e9d300000,0x0000001e9d400000] [id=4428]

Threads with active compile tasks:

VM state: not at safepoint (normal execution)

VM Mutex/Monitor currently owned by a thread: None

Heap address: 0x00000000e0000000, size: 512 MB, Compressed Oops mode: 32-bit

CDS archive(s) mapped at: [0x0000000800000000-0x0000000800bf0000-0x0000000800bf0000), size 12517376, SharedBaseAddress: 0x0000000800000000, ArchiveRelocationMode: 0.
Compressed class space mapped at: 0x0000000800c00000-0x000000080dc00000, reserved size: 218103808
Narrow klass base: 0x0000000800000000, Narrow klass shift: 3, Narrow klass range: 0x100000000

GC Precious Log:
 CPUs: 6 total, 6 available
 Memory: 16219M
 Large Page Support: Disabled
 NUMA Support: Disabled
 Compressed Oops: Enabled (32-bit)
 Heap Region Size: 1M
 Heap Min Capacity: 256M
 Heap Initial Capacity: 256M
 Heap Max Capacity: 512M
 Pre-touch: Disabled
 Parallel Workers: 6
 Concurrent Workers: 2
 Concurrent Refinement Workers: 6
 Periodic GC: Disabled

Heap:
 garbage-first heap   total 262144K, used 62311K [0x00000000e0000000, 0x0000000100000000)
  region size 1024K, 39 young (39936K), 20 survivors (20480K)
 Metaspace       used 55313K, committed 55808K, reserved 262144K
  class space    used 7516K, committed 7744K, reserved 212992K

Heap Regions: E=young(eden), S=young(survivor), O=old, HS=humongous(starts), HC=humongous(continues), CS=collection set, F=free, OA=open archive, CA=closed archive, TAMS=top-at-mark-start (previous, next)
|   0|0x00000000e0000000, 0x00000000e0100000, 0x00000000e0100000|100%| O|  |TAMS 0x00000000e0100000, 0x00000000e0000000| Untracked 
|   1|0x00000000e0100000, 0x00000000e0200000, 0x00000000e0200000|100%| O|  |TAMS 0x00000000e01fd000, 0x00000000e0100000| Untracked 
|   2|0x00000000e0200000, 0x00000000e0300000, 0x00000000e0300000|100%| O|  |TAMS 0x00000000e0200000, 0x00000000e0200000| Untracked 
|   3|0x00000000e0300000, 0x00000000e0400000, 0x00000000e0400000|100%|HS|  |TAMS 0x00000000e0400000, 0x00000000e0300000| Complete 
|   4|0x00000000e0400000, 0x00000000e0500000, 0x00000000e0500000|100%|HC|  |TAMS 0x00000000e0500000, 0x00000000e0400000| Complete 
|   5|0x00000000e0500000, 0x00000000e0600000, 0x00000000e0600000|100%|HC|  |TAMS 0x00000000e0600000, 0x00000000e0500000| Complete 
|   6|0x00000000e0600000, 0x00000000e0700000, 0x00000000e0700000|100%| O|  |TAMS 0x00000000e0700000, 0x00000000e0600000| Untracked 
|   7|0x00000000e0700000, 0x00000000e0800000, 0x00000000e0800000|100%| O|  |TAMS 0x00000000e0800000, 0x00000000e0700000| Untracked 
|   8|0x00000000e0800000, 0x00000000e0900000, 0x00000000e0900000|100%| O|  |TAMS 0x00000000e0900000, 0x00000000e0800000| Untracked 
|   9|0x00000000e0900000, 0x00000000e0a00000, 0x00000000e0a00000|100%| O|  |TAMS 0x00000000e0a00000, 0x00000000e0900000| Untracked 
|  10|0x00000000e0a00000, 0x00000000e0b00000, 0x00000000e0b00000|100%| O|  |TAMS 0x00000000e0a00000, 0x00000000e0a00000| Untracked 
|  11|0x00000000e0b00000, 0x00000000e0c00000, 0x00000000e0c00000|100%| O|  |TAMS 0x00000000e0b00000, 0x00000000e0b00000| Untracked 
|  12|0x00000000e0c00000, 0x00000000e0d00000, 0x00000000e0d00000|100%| O|  |TAMS 0x00000000e0c00000, 0x00000000e0c00000| Untracked 
|  13|0x00000000e0d00000, 0x00000000e0e00000, 0x00000000e0e00000|100%| O|  |TAMS 0x00000000e0d00000, 0x00000000e0d00000| Untracked 
|  14|0x00000000e0e00000, 0x00000000e0f00000, 0x00000000e0f00000|100%| O|  |TAMS 0x00000000e0e00000, 0x00000000e0e00000| Untracked 
|  15|0x00000000e0f00000, 0x00000000e1000000, 0x00000000e1000000|100%| O|  |TAMS 0x00000000e0f00000, 0x00000000e0f00000| Untracked 
|  16|0x00000000e1000000, 0x00000000e1100000, 0x00000000e1100000|100%| O|  |TAMS 0x00000000e1000000, 0x00000000e1000000| Untracked 
|  17|0x00000000e1100000, 0x00000000e1200000, 0x00000000e1200000|100%| O|  |TAMS 0x00000000e1100000, 0x00000000e1100000| Untracked 
|  18|0x00000000e1200000, 0x00000000e1300000, 0x00000000e1300000|100%| O|  |TAMS 0x00000000e1200000, 0x00000000e1200000| Untracked 
|  19|0x00000000e1300000, 0x00000000e1400000, 0x00000000e1400000|100%| O|  |TAMS 0x00000000e1300000, 0x00000000e1300000| Untracked 
|  20|0x00000000e1400000, 0x00000000e1500000, 0x00000000e1500000|100%| O|  |TAMS 0x00000000e1400000, 0x00000000e1400000| Untracked 
|  21|0x00000000e1500000, 0x00000000e1600000, 0x00000000e1600000|100%| O|  |TAMS 0x00000000e1500000, 0x00000000e1500000| Untracked 
|  22|0x00000000e1600000, 0x00000000e16d9e00, 0x00000000e1700000| 85%| O|  |TAMS 0x00000000e1600000, 0x00000000e1600000| Untracked 
|  23|0x00000000e1700000, 0x00000000e1700000, 0x00000000e1800000|  0%| F|  |TAMS 0x00000000e1700000, 0x00000000e1700000| Untracked 
|  24|0x00000000e1800000, 0x00000000e1800000, 0x00000000e1900000|  0%| F|  |TAMS 0x00000000e1800000, 0x00000000e1800000| Untracked 
|  25|0x00000000e1900000, 0x00000000e1900000, 0x00000000e1a00000|  0%| F|  |TAMS 0x00000000e1900000, 0x00000000e1900000| Untracked 
|  26|0x00000000e1a00000, 0x00000000e1a00000, 0x00000000e1b00000|  0%| F|  |TAMS 0x00000000e1a00000, 0x00000000e1a00000| Untracked 
|  27|0x00000000e1b00000, 0x00000000e1b00000, 0x00000000e1c00000|  0%| F|  |TAMS 0x00000000e1b00000, 0x00000000e1b00000| Untracked 
|  28|0x00000000e1c00000, 0x00000000e1c00000, 0x00000000e1d00000|  0%| F|  |TAMS 0x00000000e1c00000, 0x00000000e1c00000| Untracked 
|  29|0x00000000e1d00000, 0x00000000e1d00000, 0x00000000e1e00000|  0%| F|  |TAMS 0x00000000e1d00000, 0x00000000e1d00000| Untracked 
|  30|0x00000000e1e00000, 0x00000000e1e00000, 0x00000000e1f00000|  0%| F|  |TAMS 0x00000000e1e00000, 0x00000000e1e00000| Untracked 
|  31|0x00000000e1f00000, 0x00000000e1f00000, 0x00000000e2000000|  0%| F|  |TAMS 0x00000000e1f00000, 0x00000000e1f00000| Untracked 
|  32|0x00000000e2000000, 0x00000000e2000000, 0x00000000e2100000|  0%| F|  |TAMS 0x00000000e2000000, 0x00000000e2000000| Untracked 
|  33|0x00000000e2100000, 0x00000000e2100000, 0x00000000e2200000|  0%| F|  |TAMS 0x00000000e2100000, 0x00000000e2100000| Untracked 
|  34|0x00000000e2200000, 0x00000000e2200000, 0x00000000e2300000|  0%| F|  |TAMS 0x00000000e2200000, 0x00000000e2200000| Untracked 
|  35|0x00000000e2300000, 0x00000000e2300000, 0x00000000e2400000|  0%| F|  |TAMS 0x00000000e2300000, 0x00000000e2300000| Untracked 
|  36|0x00000000e2400000, 0x00000000e2400000, 0x00000000e2500000|  0%| F|  |TAMS 0x00000000e2400000, 0x00000000e2400000| Untracked 
|  37|0x00000000e2500000, 0x00000000e2500000, 0x00000000e2600000|  0%| F|  |TAMS 0x00000000e2500000, 0x00000000e2500000| Untracked 
|  38|0x00000000e2600000, 0x00000000e2600000, 0x00000000e2700000|  0%| F|  |TAMS 0x00000000e2600000, 0x00000000e2600000| Untracked 
|  39|0x00000000e2700000, 0x00000000e2700000, 0x00000000e2800000|  0%| F|  |TAMS 0x00000000e2700000, 0x00000000e2700000| Untracked 
|  40|0x00000000e2800000, 0x00000000e2800000, 0x00000000e2900000|  0%| F|  |TAMS 0x00000000e2800000, 0x00000000e2800000| Untracked 
|  41|0x00000000e2900000, 0x00000000e2900000, 0x00000000e2a00000|  0%| F|  |TAMS 0x00000000e2900000, 0x00000000e2900000| Untracked 
|  42|0x00000000e2a00000, 0x00000000e2a00000, 0x00000000e2b00000|  0%| F|  |TAMS 0x00000000e2a00000, 0x00000000e2a00000| Untracked 
|  43|0x00000000e2b00000, 0x00000000e2b00000, 0x00000000e2c00000|  0%| F|  |TAMS 0x00000000e2b00000, 0x00000000e2b00000| Untracked 
|  44|0x00000000e2c00000, 0x00000000e2c00000, 0x00000000e2d00000|  0%| F|  |TAMS 0x00000000e2c00000, 0x00000000e2c00000| Untracked 
|  45|0x00000000e2d00000, 0x00000000e2d00000, 0x00000000e2e00000|  0%| F|  |TAMS 0x00000000e2d00000, 0x00000000e2d00000| Untracked 
|  46|0x00000000e2e00000, 0x00000000e2e00000, 0x00000000e2f00000|  0%| F|  |TAMS 0x00000000e2e00000, 0x00000000e2e00000| Untracked 
|  47|0x00000000e2f00000, 0x00000000e2f00000, 0x00000000e3000000|  0%| F|  |TAMS 0x00000000e2f00000, 0x00000000e2f00000| Untracked 
|  48|0x00000000e3000000, 0x00000000e3000000, 0x00000000e3100000|  0%| F|  |TAMS 0x00000000e3000000, 0x00000000e3000000| Untracked 
|  49|0x00000000e3100000, 0x00000000e3100000, 0x00000000e3200000|  0%| F|  |TAMS 0x00000000e3100000, 0x00000000e3100000| Untracked 
|  50|0x00000000e3200000, 0x00000000e3200000, 0x00000000e3300000|  0%| F|  |TAMS 0x00000000e3200000, 0x00000000e3200000| Untracked 
|  51|0x00000000e3300000, 0x00000000e3300000, 0x00000000e3400000|  0%| F|  |TAMS 0x00000000e3300000, 0x00000000e3300000| Untracked 
|  52|0x00000000e3400000, 0x00000000e3400000, 0x00000000e3500000|  0%| F|  |TAMS 0x00000000e3400000, 0x00000000e3400000| Untracked 
|  53|0x00000000e3500000, 0x00000000e3500000, 0x00000000e3600000|  0%| F|  |TAMS 0x00000000e3500000, 0x00000000e3500000| Untracked 
|  54|0x00000000e3600000, 0x00000000e3600000, 0x00000000e3700000|  0%| F|  |TAMS 0x00000000e3600000, 0x00000000e3600000| Untracked 
|  55|0x00000000e3700000, 0x00000000e3700000, 0x00000000e3800000|  0%| F|  |TAMS 0x00000000e3700000, 0x00000000e3700000| Untracked 
|  56|0x00000000e3800000, 0x00000000e3800000, 0x00000000e3900000|  0%| F|  |TAMS 0x00000000e3800000, 0x00000000e3800000| Untracked 
|  57|0x00000000e3900000, 0x00000000e3900000, 0x00000000e3a00000|  0%| F|  |TAMS 0x00000000e3900000, 0x00000000e3900000| Untracked 
|  58|0x00000000e3a00000, 0x00000000e3a00000, 0x00000000e3b00000|  0%| F|  |TAMS 0x00000000e3a00000, 0x00000000e3a00000| Untracked 
|  59|0x00000000e3b00000, 0x00000000e3b00000, 0x00000000e3c00000|  0%| F|  |TAMS 0x00000000e3b00000, 0x00000000e3b00000| Untracked 
|  60|0x00000000e3c00000, 0x00000000e3c00000, 0x00000000e3d00000|  0%| F|  |TAMS 0x00000000e3c00000, 0x00000000e3c00000| Untracked 
|  61|0x00000000e3d00000, 0x00000000e3d00000, 0x00000000e3e00000|  0%| F|  |TAMS 0x00000000e3d00000, 0x00000000e3d00000| Untracked 
|  62|0x00000000e3e00000, 0x00000000e3e00000, 0x00000000e3f00000|  0%| F|  |TAMS 0x00000000e3e00000, 0x00000000e3e00000| Untracked 
|  63|0x00000000e3f00000, 0x00000000e3f00000, 0x00000000e4000000|  0%| F|  |TAMS 0x00000000e3f00000, 0x00000000e3f00000| Untracked 
|  64|0x00000000e4000000, 0x00000000e4000000, 0x00000000e4100000|  0%| F|  |TAMS 0x00000000e4000000, 0x00000000e4000000| Untracked 
|  65|0x00000000e4100000, 0x00000000e4100000, 0x00000000e4200000|  0%| F|  |TAMS 0x00000000e4100000, 0x00000000e4100000| Untracked 
|  66|0x00000000e4200000, 0x00000000e4200000, 0x00000000e4300000|  0%| F|  |TAMS 0x00000000e4200000, 0x00000000e4200000| Untracked 
|  67|0x00000000e4300000, 0x00000000e4300000, 0x00000000e4400000|  0%| F|  |TAMS 0x00000000e4300000, 0x00000000e4300000| Untracked 
|  68|0x00000000e4400000, 0x00000000e4400000, 0x00000000e4500000|  0%| F|  |TAMS 0x00000000e4400000, 0x00000000e4400000| Untracked 
|  69|0x00000000e4500000, 0x00000000e4500000, 0x00000000e4600000|  0%| F|  |TAMS 0x00000000e4500000, 0x00000000e4500000| Untracked 
|  70|0x00000000e4600000, 0x00000000e4600000, 0x00000000e4700000|  0%| F|  |TAMS 0x00000000e4600000, 0x00000000e4600000| Untracked 
|  71|0x00000000e4700000, 0x00000000e4700000, 0x00000000e4800000|  0%| F|  |TAMS 0x00000000e4700000, 0x00000000e4700000| Untracked 
|  72|0x00000000e4800000, 0x00000000e4800000, 0x00000000e4900000|  0%| F|  |TAMS 0x00000000e4800000, 0x00000000e4800000| Untracked 
|  73|0x00000000e4900000, 0x00000000e4900000, 0x00000000e4a00000|  0%| F|  |TAMS 0x00000000e4900000, 0x00000000e4900000| Untracked 
|  74|0x00000000e4a00000, 0x00000000e4a00000, 0x00000000e4b00000|  0%| F|  |TAMS 0x00000000e4a00000, 0x00000000e4a00000| Untracked 
|  75|0x00000000e4b00000, 0x00000000e4b00000, 0x00000000e4c00000|  0%| F|  |TAMS 0x00000000e4b00000, 0x00000000e4b00000| Untracked 
|  76|0x00000000e4c00000, 0x00000000e4c00000, 0x00000000e4d00000|  0%| F|  |TAMS 0x00000000e4c00000, 0x00000000e4c00000| Untracked 
|  77|0x00000000e4d00000, 0x00000000e4d00000, 0x00000000e4e00000|  0%| F|  |TAMS 0x00000000e4d00000, 0x00000000e4d00000| Untracked 
|  78|0x00000000e4e00000, 0x00000000e4e00000, 0x00000000e4f00000|  0%| F|  |TAMS 0x00000000e4e00000, 0x00000000e4e00000| Untracked 
|  79|0x00000000e4f00000, 0x00000000e4f00000, 0x00000000e5000000|  0%| F|  |TAMS 0x00000000e4f00000, 0x00000000e4f00000| Untracked 
|  80|0x00000000e5000000, 0x00000000e5000000, 0x00000000e5100000|  0%| F|  |TAMS 0x00000000e5000000, 0x00000000e5000000| Untracked 
|  81|0x00000000e5100000, 0x00000000e5100000, 0x00000000e5200000|  0%| F|  |TAMS 0x00000000e5100000, 0x00000000e5100000| Untracked 
|  82|0x00000000e5200000, 0x00000000e5200000, 0x00000000e5300000|  0%| F|  |TAMS 0x00000000e5200000, 0x00000000e5200000| Untracked 
|  83|0x00000000e5300000, 0x00000000e5400000, 0x00000000e5400000|100%| S|CS|TAMS 0x00000000e5300000, 0x00000000e5300000| Complete 
|  84|0x00000000e5400000, 0x00000000e5500000, 0x00000000e5500000|100%| S|CS|TAMS 0x00000000e5400000, 0x00000000e5400000| Complete 
|  85|0x00000000e5500000, 0x00000000e5600000, 0x00000000e5600000|100%| S|CS|TAMS 0x00000000e5500000, 0x00000000e5500000| Complete 
|  86|0x00000000e5600000, 0x00000000e5700000, 0x00000000e5700000|100%| S|CS|TAMS 0x00000000e5600000, 0x00000000e5600000| Complete 
|  87|0x00000000e5700000, 0x00000000e5800000, 0x00000000e5800000|100%| S|CS|TAMS 0x00000000e5700000, 0x00000000e5700000| Complete 
|  88|0x00000000e5800000, 0x00000000e5900000, 0x00000000e5900000|100%| S|CS|TAMS 0x00000000e5800000, 0x00000000e5800000| Complete 
|  89|0x00000000e5900000, 0x00000000e5a00000, 0x00000000e5a00000|100%| S|CS|TAMS 0x00000000e5900000, 0x00000000e5900000| Complete 
|  90|0x00000000e5a00000, 0x00000000e5b00000, 0x00000000e5b00000|100%| S|CS|TAMS 0x00000000e5a00000, 0x00000000e5a00000| Complete 
|  91|0x00000000e5b00000, 0x00000000e5c00000, 0x00000000e5c00000|100%| S|CS|TAMS 0x00000000e5b00000, 0x00000000e5b00000| Complete 
|  92|0x00000000e5c00000, 0x00000000e5d00000, 0x00000000e5d00000|100%| S|CS|TAMS 0x00000000e5c00000, 0x00000000e5c00000| Complete 
|  93|0x00000000e5d00000, 0x00000000e5e00000, 0x00000000e5e00000|100%| S|CS|TAMS 0x00000000e5d00000, 0x00000000e5d00000| Complete 
|  94|0x00000000e5e00000, 0x00000000e5f00000, 0x00000000e5f00000|100%| S|CS|TAMS 0x00000000e5e00000, 0x00000000e5e00000| Complete 
|  95|0x00000000e5f00000, 0x00000000e6000000, 0x00000000e6000000|100%| S|CS|TAMS 0x00000000e5f00000, 0x00000000e5f00000| Complete 
|  96|0x00000000e6000000, 0x00000000e6100000, 0x00000000e6100000|100%| S|CS|TAMS 0x00000000e6000000, 0x00000000e6000000| Complete 
|  97|0x00000000e6100000, 0x00000000e6200000, 0x00000000e6200000|100%| S|CS|TAMS 0x00000000e6100000, 0x00000000e6100000| Complete 
|  98|0x00000000e6200000, 0x00000000e6300000, 0x00000000e6300000|100%| S|CS|TAMS 0x00000000e6200000, 0x00000000e6200000| Complete 
|  99|0x00000000e6300000, 0x00000000e6400000, 0x00000000e6400000|100%| S|CS|TAMS 0x00000000e6300000, 0x00000000e6300000| Complete 
| 100|0x00000000e6400000, 0x00000000e6500000, 0x00000000e6500000|100%| S|CS|TAMS 0x00000000e6400000, 0x00000000e6400000| Complete 
| 101|0x00000000e6500000, 0x00000000e6600000, 0x00000000e6600000|100%| S|CS|TAMS 0x00000000e6500000, 0x00000000e6500000| Complete 
| 102|0x00000000e6600000, 0x00000000e6700000, 0x00000000e6700000|100%| S|CS|TAMS 0x00000000e6600000, 0x00000000e6600000| Complete 
| 103|0x00000000e6700000, 0x00000000e6700000, 0x00000000e6800000|  0%| F|  |TAMS 0x00000000e6700000, 0x00000000e6700000| Untracked 
| 104|0x00000000e6800000, 0x00000000e6800000, 0x00000000e6900000|  0%| F|  |TAMS 0x00000000e6800000, 0x00000000e6800000| Untracked 
| 105|0x00000000e6900000, 0x00000000e6900000, 0x00000000e6a00000|  0%| F|  |TAMS 0x00000000e6900000, 0x00000000e6900000| Untracked 
| 106|0x00000000e6a00000, 0x00000000e6a00000, 0x00000000e6b00000|  0%| F|  |TAMS 0x00000000e6a00000, 0x00000000e6a00000| Untracked 
| 107|0x00000000e6b00000, 0x00000000e6b00000, 0x00000000e6c00000|  0%| F|  |TAMS 0x00000000e6b00000, 0x00000000e6b00000| Untracked 
| 108|0x00000000e6c00000, 0x00000000e6c00000, 0x00000000e6d00000|  0%| F|  |TAMS 0x00000000e6c00000, 0x00000000e6c00000| Untracked 
| 109|0x00000000e6d00000, 0x00000000e6d00000, 0x00000000e6e00000|  0%| F|  |TAMS 0x00000000e6d00000, 0x00000000e6d00000| Untracked 
| 110|0x00000000e6e00000, 0x00000000e6e00000, 0x00000000e6f00000|  0%| F|  |TAMS 0x00000000e6e00000, 0x00000000e6e00000| Untracked 
| 111|0x00000000e6f00000, 0x00000000e6f00000, 0x00000000e7000000|  0%| F|  |TAMS 0x00000000e6f00000, 0x00000000e6f00000| Untracked 
| 112|0x00000000e7000000, 0x00000000e7000000, 0x00000000e7100000|  0%| F|  |TAMS 0x00000000e7000000, 0x00000000e7000000| Untracked 
| 113|0x00000000e7100000, 0x00000000e7100000, 0x00000000e7200000|  0%| F|  |TAMS 0x00000000e7100000, 0x00000000e7100000| Untracked 
| 114|0x00000000e7200000, 0x00000000e7200000, 0x00000000e7300000|  0%| F|  |TAMS 0x00000000e7200000, 0x00000000e7200000| Untracked 
| 115|0x00000000e7300000, 0x00000000e7300000, 0x00000000e7400000|  0%| F|  |TAMS 0x00000000e7300000, 0x00000000e7300000| Untracked 
| 116|0x00000000e7400000, 0x00000000e7400000, 0x00000000e7500000|  0%| F|  |TAMS 0x00000000e7400000, 0x00000000e7400000| Untracked 
| 117|0x00000000e7500000, 0x00000000e7500000, 0x00000000e7600000|  0%| F|  |TAMS 0x00000000e7500000, 0x00000000e7500000| Untracked 
| 118|0x00000000e7600000, 0x00000000e7600000, 0x00000000e7700000|  0%| F|  |TAMS 0x00000000e7600000, 0x00000000e7600000| Untracked 
| 119|0x00000000e7700000, 0x00000000e7700000, 0x00000000e7800000|  0%| F|  |TAMS 0x00000000e7700000, 0x00000000e7700000| Untracked 
| 120|0x00000000e7800000, 0x00000000e7800000, 0x00000000e7900000|  0%| F|  |TAMS 0x00000000e7800000, 0x00000000e7800000| Untracked 
| 121|0x00000000e7900000, 0x00000000e7900000, 0x00000000e7a00000|  0%| F|  |TAMS 0x00000000e7900000, 0x00000000e7900000| Untracked 
| 122|0x00000000e7a00000, 0x00000000e7a00000, 0x00000000e7b00000|  0%| F|  |TAMS 0x00000000e7a00000, 0x00000000e7a00000| Untracked 
| 123|0x00000000e7b00000, 0x00000000e7b00000, 0x00000000e7c00000|  0%| F|  |TAMS 0x00000000e7b00000, 0x00000000e7b00000| Untracked 
| 124|0x00000000e7c00000, 0x00000000e7c00000, 0x00000000e7d00000|  0%| F|  |TAMS 0x00000000e7c00000, 0x00000000e7c00000| Untracked 
| 125|0x00000000e7d00000, 0x00000000e7d00000, 0x00000000e7e00000|  0%| F|  |TAMS 0x00000000e7d00000, 0x00000000e7d00000| Untracked 
| 126|0x00000000e7e00000, 0x00000000e7e00000, 0x00000000e7f00000|  0%| F|  |TAMS 0x00000000e7e00000, 0x00000000e7e00000| Untracked 
| 127|0x00000000e7f00000, 0x00000000e7f00000, 0x00000000e8000000|  0%| F|  |TAMS 0x00000000e7f00000, 0x00000000e7f00000| Untracked 
| 128|0x00000000e8000000, 0x00000000e8000000, 0x00000000e8100000|  0%| F|  |TAMS 0x00000000e8000000, 0x00000000e8000000| Untracked 
| 129|0x00000000e8100000, 0x00000000e8100000, 0x00000000e8200000|  0%| F|  |TAMS 0x00000000e8100000, 0x00000000e8100000| Untracked 
| 130|0x00000000e8200000, 0x00000000e8200000, 0x00000000e8300000|  0%| F|  |TAMS 0x00000000e8200000, 0x00000000e8200000| Untracked 
| 131|0x00000000e8300000, 0x00000000e8300000, 0x00000000e8400000|  0%| F|  |TAMS 0x00000000e8300000, 0x00000000e8300000| Untracked 
| 132|0x00000000e8400000, 0x00000000e8400000, 0x00000000e8500000|  0%| F|  |TAMS 0x00000000e8400000, 0x00000000e8400000| Untracked 
| 133|0x00000000e8500000, 0x00000000e8500000, 0x00000000e8600000|  0%| F|  |TAMS 0x00000000e8500000, 0x00000000e8500000| Untracked 
| 134|0x00000000e8600000, 0x00000000e8600000, 0x00000000e8700000|  0%| F|  |TAMS 0x00000000e8600000, 0x00000000e8600000| Untracked 
| 135|0x00000000e8700000, 0x00000000e8700000, 0x00000000e8800000|  0%| F|  |TAMS 0x00000000e8700000, 0x00000000e8700000| Untracked 
| 136|0x00000000e8800000, 0x00000000e8800000, 0x00000000e8900000|  0%| F|  |TAMS 0x00000000e8800000, 0x00000000e8800000| Untracked 
| 137|0x00000000e8900000, 0x00000000e8900000, 0x00000000e8a00000|  0%| F|  |TAMS 0x00000000e8900000, 0x00000000e8900000| Untracked 
| 138|0x00000000e8a00000, 0x00000000e8a00000, 0x00000000e8b00000|  0%| F|  |TAMS 0x00000000e8a00000, 0x00000000e8a00000| Untracked 
| 139|0x00000000e8b00000, 0x00000000e8b00000, 0x00000000e8c00000|  0%| F|  |TAMS 0x00000000e8b00000, 0x00000000e8b00000| Untracked 
| 140|0x00000000e8c00000, 0x00000000e8c00000, 0x00000000e8d00000|  0%| F|  |TAMS 0x00000000e8c00000, 0x00000000e8c00000| Untracked 
| 141|0x00000000e8d00000, 0x00000000e8d00000, 0x00000000e8e00000|  0%| F|  |TAMS 0x00000000e8d00000, 0x00000000e8d00000| Untracked 
| 142|0x00000000e8e00000, 0x00000000e8e00000, 0x00000000e8f00000|  0%| F|  |TAMS 0x00000000e8e00000, 0x00000000e8e00000| Untracked 
| 143|0x00000000e8f00000, 0x00000000e8f00000, 0x00000000e9000000|  0%| F|  |TAMS 0x00000000e8f00000, 0x00000000e8f00000| Untracked 
| 144|0x00000000e9000000, 0x00000000e9000000, 0x00000000e9100000|  0%| F|  |TAMS 0x00000000e9000000, 0x00000000e9000000| Untracked 
| 145|0x00000000e9100000, 0x00000000e9100000, 0x00000000e9200000|  0%| F|  |TAMS 0x00000000e9100000, 0x00000000e9100000| Untracked 
| 146|0x00000000e9200000, 0x00000000e9200000, 0x00000000e9300000|  0%| F|  |TAMS 0x00000000e9200000, 0x00000000e9200000| Untracked 
| 147|0x00000000e9300000, 0x00000000e9300000, 0x00000000e9400000|  0%| F|  |TAMS 0x00000000e9300000, 0x00000000e9300000| Untracked 
| 148|0x00000000e9400000, 0x00000000e9400000, 0x00000000e9500000|  0%| F|  |TAMS 0x00000000e9400000, 0x00000000e9400000| Untracked 
| 149|0x00000000e9500000, 0x00000000e9500000, 0x00000000e9600000|  0%| F|  |TAMS 0x00000000e9500000, 0x00000000e9500000| Untracked 
| 150|0x00000000e9600000, 0x00000000e9600000, 0x00000000e9700000|  0%| F|  |TAMS 0x00000000e9600000, 0x00000000e9600000| Untracked 
| 151|0x00000000e9700000, 0x00000000e9700000, 0x00000000e9800000|  0%| F|  |TAMS 0x00000000e9700000, 0x00000000e9700000| Untracked 
| 152|0x00000000e9800000, 0x00000000e9800000, 0x00000000e9900000|  0%| F|  |TAMS 0x00000000e9800000, 0x00000000e9800000| Untracked 
| 153|0x00000000e9900000, 0x00000000e9900000, 0x00000000e9a00000|  0%| F|  |TAMS 0x00000000e9900000, 0x00000000e9900000| Untracked 
| 154|0x00000000e9a00000, 0x00000000e9a00000, 0x00000000e9b00000|  0%| F|  |TAMS 0x00000000e9a00000, 0x00000000e9a00000| Untracked 
| 155|0x00000000e9b00000, 0x00000000e9b00000, 0x00000000e9c00000|  0%| F|  |TAMS 0x00000000e9b00000, 0x00000000e9b00000| Untracked 
| 156|0x00000000e9c00000, 0x00000000e9c00000, 0x00000000e9d00000|  0%| F|  |TAMS 0x00000000e9c00000, 0x00000000e9c00000| Untracked 
| 157|0x00000000e9d00000, 0x00000000e9d00000, 0x00000000e9e00000|  0%| F|  |TAMS 0x00000000e9d00000, 0x00000000e9d00000| Untracked 
| 158|0x00000000e9e00000, 0x00000000e9e00000, 0x00000000e9f00000|  0%| F|  |TAMS 0x00000000e9e00000, 0x00000000e9e00000| Untracked 
| 159|0x00000000e9f00000, 0x00000000e9f00000, 0x00000000ea000000|  0%| F|  |TAMS 0x00000000e9f00000, 0x00000000e9f00000| Untracked 
| 160|0x00000000ea000000, 0x00000000ea000000, 0x00000000ea100000|  0%| F|  |TAMS 0x00000000ea000000, 0x00000000ea000000| Untracked 
| 161|0x00000000ea100000, 0x00000000ea100000, 0x00000000ea200000|  0%| F|  |TAMS 0x00000000ea100000, 0x00000000ea100000| Untracked 
| 162|0x00000000ea200000, 0x00000000ea200000, 0x00000000ea300000|  0%| F|  |TAMS 0x00000000ea200000, 0x00000000ea200000| Untracked 
| 163|0x00000000ea300000, 0x00000000ea300000, 0x00000000ea400000|  0%| F|  |TAMS 0x00000000ea300000, 0x00000000ea300000| Untracked 
| 164|0x00000000ea400000, 0x00000000ea400000, 0x00000000ea500000|  0%| F|  |TAMS 0x00000000ea400000, 0x00000000ea400000| Untracked 
| 165|0x00000000ea500000, 0x00000000ea500000, 0x00000000ea600000|  0%| F|  |TAMS 0x00000000ea500000, 0x00000000ea500000| Untracked 
| 166|0x00000000ea600000, 0x00000000ea600000, 0x00000000ea700000|  0%| F|  |TAMS 0x00000000ea600000, 0x00000000ea600000| Untracked 
| 167|0x00000000ea700000, 0x00000000ea700000, 0x00000000ea800000|  0%| F|  |TAMS 0x00000000ea700000, 0x00000000ea700000| Untracked 
| 168|0x00000000ea800000, 0x00000000ea800000, 0x00000000ea900000|  0%| F|  |TAMS 0x00000000ea800000, 0x00000000ea800000| Untracked 
| 169|0x00000000ea900000, 0x00000000ea900000, 0x00000000eaa00000|  0%| F|  |TAMS 0x00000000ea900000, 0x00000000ea900000| Untracked 
| 170|0x00000000eaa00000, 0x00000000eaa00000, 0x00000000eab00000|  0%| F|  |TAMS 0x00000000eaa00000, 0x00000000eaa00000| Untracked 
| 171|0x00000000eab00000, 0x00000000eab00000, 0x00000000eac00000|  0%| F|  |TAMS 0x00000000eab00000, 0x00000000eab00000| Untracked 
| 172|0x00000000eac00000, 0x00000000eac00000, 0x00000000ead00000|  0%| F|  |TAMS 0x00000000eac00000, 0x00000000eac00000| Untracked 
| 173|0x00000000ead00000, 0x00000000ead00000, 0x00000000eae00000|  0%| F|  |TAMS 0x00000000ead00000, 0x00000000ead00000| Untracked 
| 174|0x00000000eae00000, 0x00000000eae00000, 0x00000000eaf00000|  0%| F|  |TAMS 0x00000000eae00000, 0x00000000eae00000| Untracked 
| 175|0x00000000eaf00000, 0x00000000eaf00000, 0x00000000eb000000|  0%| F|  |TAMS 0x00000000eaf00000, 0x00000000eaf00000| Untracked 
| 176|0x00000000eb000000, 0x00000000eb000000, 0x00000000eb100000|  0%| F|  |TAMS 0x00000000eb000000, 0x00000000eb000000| Untracked 
| 177|0x00000000eb100000, 0x00000000eb100000, 0x00000000eb200000|  0%| F|  |TAMS 0x00000000eb100000, 0x00000000eb100000| Untracked 
| 178|0x00000000eb200000, 0x00000000eb200000, 0x00000000eb300000|  0%| F|  |TAMS 0x00000000eb200000, 0x00000000eb200000| Untracked 
| 179|0x00000000eb300000, 0x00000000eb300000, 0x00000000eb400000|  0%| F|  |TAMS 0x00000000eb300000, 0x00000000eb300000| Untracked 
| 180|0x00000000eb400000, 0x00000000eb400000, 0x00000000eb500000|  0%| F|  |TAMS 0x00000000eb400000, 0x00000000eb400000| Untracked 
| 181|0x00000000eb500000, 0x00000000eb500000, 0x00000000eb600000|  0%| F|  |TAMS 0x00000000eb500000, 0x00000000eb500000| Untracked 
| 182|0x00000000eb600000, 0x00000000eb600000, 0x00000000eb700000|  0%| F|  |TAMS 0x00000000eb600000, 0x00000000eb600000| Untracked 
| 183|0x00000000eb700000, 0x00000000eb700000, 0x00000000eb800000|  0%| F|  |TAMS 0x00000000eb700000, 0x00000000eb700000| Untracked 
| 184|0x00000000eb800000, 0x00000000eb800000, 0x00000000eb900000|  0%| F|  |TAMS 0x00000000eb800000, 0x00000000eb800000| Untracked 
| 185|0x00000000eb900000, 0x00000000eb900000, 0x00000000eba00000|  0%| F|  |TAMS 0x00000000eb900000, 0x00000000eb900000| Untracked 
| 186|0x00000000eba00000, 0x00000000eba00000, 0x00000000ebb00000|  0%| F|  |TAMS 0x00000000eba00000, 0x00000000eba00000| Untracked 
| 187|0x00000000ebb00000, 0x00000000ebb00000, 0x00000000ebc00000|  0%| F|  |TAMS 0x00000000ebb00000, 0x00000000ebb00000| Untracked 
| 188|0x00000000ebc00000, 0x00000000ebc00000, 0x00000000ebd00000|  0%| F|  |TAMS 0x00000000ebc00000, 0x00000000ebc00000| Untracked 
| 189|0x00000000ebd00000, 0x00000000ebd00000, 0x00000000ebe00000|  0%| F|  |TAMS 0x00000000ebd00000, 0x00000000ebd00000| Untracked 
| 190|0x00000000ebe00000, 0x00000000ebe00000, 0x00000000ebf00000|  0%| F|  |TAMS 0x00000000ebe00000, 0x00000000ebe00000| Untracked 
| 191|0x00000000ebf00000, 0x00000000ebf00000, 0x00000000ec000000|  0%| F|  |TAMS 0x00000000ebf00000, 0x00000000ebf00000| Untracked 
| 192|0x00000000ec000000, 0x00000000ec000000, 0x00000000ec100000|  0%| F|  |TAMS 0x00000000ec000000, 0x00000000ec000000| Untracked 
| 193|0x00000000ec100000, 0x00000000ec100000, 0x00000000ec200000|  0%| F|  |TAMS 0x00000000ec100000, 0x00000000ec100000| Untracked 
| 194|0x00000000ec200000, 0x00000000ec200000, 0x00000000ec300000|  0%| F|  |TAMS 0x00000000ec200000, 0x00000000ec200000| Untracked 
| 195|0x00000000ec300000, 0x00000000ec300000, 0x00000000ec400000|  0%| F|  |TAMS 0x00000000ec300000, 0x00000000ec300000| Untracked 
| 196|0x00000000ec400000, 0x00000000ec400000, 0x00000000ec500000|  0%| F|  |TAMS 0x00000000ec400000, 0x00000000ec400000| Untracked 
| 197|0x00000000ec500000, 0x00000000ec500000, 0x00000000ec600000|  0%| F|  |TAMS 0x00000000ec500000, 0x00000000ec500000| Untracked 
| 198|0x00000000ec600000, 0x00000000ec600000, 0x00000000ec700000|  0%| F|  |TAMS 0x00000000ec600000, 0x00000000ec600000| Untracked 
| 199|0x00000000ec700000, 0x00000000ec700000, 0x00000000ec800000|  0%| F|  |TAMS 0x00000000ec700000, 0x00000000ec700000| Untracked 
| 200|0x00000000ec800000, 0x00000000ec800000, 0x00000000ec900000|  0%| F|  |TAMS 0x00000000ec800000, 0x00000000ec800000| Untracked 
| 201|0x00000000ec900000, 0x00000000ec900000, 0x00000000eca00000|  0%| F|  |TAMS 0x00000000ec900000, 0x00000000ec900000| Untracked 
| 202|0x00000000eca00000, 0x00000000eca00000, 0x00000000ecb00000|  0%| F|  |TAMS 0x00000000eca00000, 0x00000000eca00000| Untracked 
| 203|0x00000000ecb00000, 0x00000000ecb00000, 0x00000000ecc00000|  0%| F|  |TAMS 0x00000000ecb00000, 0x00000000ecb00000| Untracked 
| 204|0x00000000ecc00000, 0x00000000ecc00000, 0x00000000ecd00000|  0%| F|  |TAMS 0x00000000ecc00000, 0x00000000ecc00000| Untracked 
| 205|0x00000000ecd00000, 0x00000000ecd00000, 0x00000000ece00000|  0%| F|  |TAMS 0x00000000ecd00000, 0x00000000ecd00000| Untracked 
| 206|0x00000000ece00000, 0x00000000ece00000, 0x00000000ecf00000|  0%| F|  |TAMS 0x00000000ece00000, 0x00000000ece00000| Untracked 
| 207|0x00000000ecf00000, 0x00000000ecf00000, 0x00000000ed000000|  0%| F|  |TAMS 0x00000000ecf00000, 0x00000000ecf00000| Untracked 
| 208|0x00000000ed000000, 0x00000000ed000000, 0x00000000ed100000|  0%| F|  |TAMS 0x00000000ed000000, 0x00000000ed000000| Untracked 
| 209|0x00000000ed100000, 0x00000000ed100000, 0x00000000ed200000|  0%| F|  |TAMS 0x00000000ed100000, 0x00000000ed100000| Untracked 
| 210|0x00000000ed200000, 0x00000000ed200000, 0x00000000ed300000|  0%| F|  |TAMS 0x00000000ed200000, 0x00000000ed200000| Untracked 
| 211|0x00000000ed300000, 0x00000000ed300000, 0x00000000ed400000|  0%| F|  |TAMS 0x00000000ed300000, 0x00000000ed300000| Untracked 
| 212|0x00000000ed400000, 0x00000000ed400000, 0x00000000ed500000|  0%| F|  |TAMS 0x00000000ed400000, 0x00000000ed400000| Untracked 
| 213|0x00000000ed500000, 0x00000000ed500000, 0x00000000ed600000|  0%| F|  |TAMS 0x00000000ed500000, 0x00000000ed500000| Untracked 
| 214|0x00000000ed600000, 0x00000000ed600000, 0x00000000ed700000|  0%| F|  |TAMS 0x00000000ed600000, 0x00000000ed600000| Untracked 
| 215|0x00000000ed700000, 0x00000000ed700000, 0x00000000ed800000|  0%| F|  |TAMS 0x00000000ed700000, 0x00000000ed700000| Untracked 
| 216|0x00000000ed800000, 0x00000000ed800000, 0x00000000ed900000|  0%| F|  |TAMS 0x00000000ed800000, 0x00000000ed800000| Untracked 
| 217|0x00000000ed900000, 0x00000000ed900000, 0x00000000eda00000|  0%| F|  |TAMS 0x00000000ed900000, 0x00000000ed900000| Untracked 
| 218|0x00000000eda00000, 0x00000000eda00000, 0x00000000edb00000|  0%| F|  |TAMS 0x00000000eda00000, 0x00000000eda00000| Untracked 
| 219|0x00000000edb00000, 0x00000000edb00000, 0x00000000edc00000|  0%| F|  |TAMS 0x00000000edb00000, 0x00000000edb00000| Untracked 
| 220|0x00000000edc00000, 0x00000000edc00000, 0x00000000edd00000|  0%| F|  |TAMS 0x00000000edc00000, 0x00000000edc00000| Untracked 
| 221|0x00000000edd00000, 0x00000000edd00000, 0x00000000ede00000|  0%| F|  |TAMS 0x00000000edd00000, 0x00000000edd00000| Untracked 
| 222|0x00000000ede00000, 0x00000000ede00000, 0x00000000edf00000|  0%| F|  |TAMS 0x00000000ede00000, 0x00000000ede00000| Untracked 
| 223|0x00000000edf00000, 0x00000000edf00000, 0x00000000ee000000|  0%| F|  |TAMS 0x00000000edf00000, 0x00000000edf00000| Untracked 
| 224|0x00000000ee000000, 0x00000000ee000000, 0x00000000ee100000|  0%| F|  |TAMS 0x00000000ee000000, 0x00000000ee000000| Untracked 
| 225|0x00000000ee100000, 0x00000000ee100000, 0x00000000ee200000|  0%| F|  |TAMS 0x00000000ee100000, 0x00000000ee100000| Untracked 
| 226|0x00000000ee200000, 0x00000000ee200000, 0x00000000ee300000|  0%| F|  |TAMS 0x00000000ee200000, 0x00000000ee200000| Untracked 
| 227|0x00000000ee300000, 0x00000000ee300000, 0x00000000ee400000|  0%| F|  |TAMS 0x00000000ee300000, 0x00000000ee300000| Untracked 
| 228|0x00000000ee400000, 0x00000000ee400000, 0x00000000ee500000|  0%| F|  |TAMS 0x00000000ee400000, 0x00000000ee400000| Untracked 
| 229|0x00000000ee500000, 0x00000000ee500000, 0x00000000ee600000|  0%| F|  |TAMS 0x00000000ee500000, 0x00000000ee500000| Untracked 
| 230|0x00000000ee600000, 0x00000000ee600000, 0x00000000ee700000|  0%| F|  |TAMS 0x00000000ee600000, 0x00000000ee600000| Untracked 
| 231|0x00000000ee700000, 0x00000000ee700000, 0x00000000ee800000|  0%| F|  |TAMS 0x00000000ee700000, 0x00000000ee700000| Untracked 
| 232|0x00000000ee800000, 0x00000000ee800000, 0x00000000ee900000|  0%| F|  |TAMS 0x00000000ee800000, 0x00000000ee800000| Untracked 
| 233|0x00000000ee900000, 0x00000000ee900000, 0x00000000eea00000|  0%| F|  |TAMS 0x00000000ee900000, 0x00000000ee900000| Untracked 
| 234|0x00000000eea00000, 0x00000000eea00000, 0x00000000eeb00000|  0%| F|  |TAMS 0x00000000eea00000, 0x00000000eea00000| Untracked 
| 235|0x00000000eeb00000, 0x00000000eeb00000, 0x00000000eec00000|  0%| F|  |TAMS 0x00000000eeb00000, 0x00000000eeb00000| Untracked 
| 236|0x00000000eec00000, 0x00000000eec80800, 0x00000000eed00000| 50%| E|  |TAMS 0x00000000eec00000, 0x00000000eec00000| Complete 
| 237|0x00000000eed00000, 0x00000000eee00000, 0x00000000eee00000|100%| E|CS|TAMS 0x00000000eed00000, 0x00000000eed00000| Complete 
| 238|0x00000000eee00000, 0x00000000eef00000, 0x00000000eef00000|100%| E|CS|TAMS 0x00000000eee00000, 0x00000000eee00000| Complete 
| 239|0x00000000eef00000, 0x00000000ef000000, 0x00000000ef000000|100%| E|CS|TAMS 0x00000000eef00000, 0x00000000eef00000| Complete 
| 240|0x00000000ef000000, 0x00000000ef100000, 0x00000000ef100000|100%| E|CS|TAMS 0x00000000ef000000, 0x00000000ef000000| Complete 
| 241|0x00000000ef100000, 0x00000000ef200000, 0x00000000ef200000|100%| E|CS|TAMS 0x00000000ef100000, 0x00000000ef100000| Complete 
| 242|0x00000000ef200000, 0x00000000ef300000, 0x00000000ef300000|100%| E|CS|TAMS 0x00000000ef200000, 0x00000000ef200000| Complete 
| 243|0x00000000ef300000, 0x00000000ef400000, 0x00000000ef400000|100%| E|CS|TAMS 0x00000000ef300000, 0x00000000ef300000| Complete 
| 244|0x00000000ef400000, 0x00000000ef500000, 0x00000000ef500000|100%| E|CS|TAMS 0x00000000ef400000, 0x00000000ef400000| Complete 
| 245|0x00000000ef500000, 0x00000000ef600000, 0x00000000ef600000|100%| E|CS|TAMS 0x00000000ef500000, 0x00000000ef500000| Complete 
| 246|0x00000000ef600000, 0x00000000ef700000, 0x00000000ef700000|100%| E|CS|TAMS 0x00000000ef600000, 0x00000000ef600000| Complete 
| 247|0x00000000ef700000, 0x00000000ef800000, 0x00000000ef800000|100%| E|CS|TAMS 0x00000000ef700000, 0x00000000ef700000| Complete 
| 248|0x00000000ef800000, 0x00000000ef900000, 0x00000000ef900000|100%| E|CS|TAMS 0x00000000ef800000, 0x00000000ef800000| Complete 
| 249|0x00000000ef900000, 0x00000000efa00000, 0x00000000efa00000|100%| E|CS|TAMS 0x00000000ef900000, 0x00000000ef900000| Complete 
| 250|0x00000000efa00000, 0x00000000efb00000, 0x00000000efb00000|100%| E|CS|TAMS 0x00000000efa00000, 0x00000000efa00000| Complete 
| 251|0x00000000efb00000, 0x00000000efc00000, 0x00000000efc00000|100%| E|CS|TAMS 0x00000000efb00000, 0x00000000efb00000| Complete 
| 252|0x00000000efc00000, 0x00000000efd00000, 0x00000000efd00000|100%| E|CS|TAMS 0x00000000efc00000, 0x00000000efc00000| Complete 
| 253|0x00000000efd00000, 0x00000000efe00000, 0x00000000efe00000|100%| E|CS|TAMS 0x00000000efd00000, 0x00000000efd00000| Complete 
| 254|0x00000000efe00000, 0x00000000eff00000, 0x00000000eff00000|100%| E|CS|TAMS 0x00000000efe00000, 0x00000000efe00000| Complete 
| 255|0x00000000eff00000, 0x00000000f0000000, 0x00000000f0000000|100%| E|CS|TAMS 0x00000000eff00000, 0x00000000eff00000| Complete 

Card table byte_map: [0x00000166381a0000,0x00000166382a0000] _byte_map_base: 0x0000016637aa0000

Marking Bits (Prev, Next): (CMBitMap*) 0x0000016620609720, (CMBitMap*) 0x0000016620609760
 Prev Bits: [0x00000166383a0000, 0x0000016638ba0000)
 Next Bits: [0x0000016638ba0000, 0x00000166393a0000)

Polling page: 0x000001661e530000

Metaspace:

Usage:
  Non-class:     46.74 MB used.
      Class:      7.35 MB used.
       Both:     54.08 MB used.

Virtual space:
  Non-class space:       48.00 MB reserved,      47.00 MB ( 98%) committed,  6 nodes.
      Class space:      208.00 MB reserved,       7.56 MB (  4%) committed,  1 nodes.
              Both:      256.00 MB reserved,      54.56 MB ( 21%) committed. 

Chunk freelists:
   Non-Class:  80.00 KB
       Class:  481.00 KB
        Both:  561.00 KB

MaxMetaspaceSize: 256.00 MB
CompressedClassSpaceSize: 208.00 MB
 - commit_granule_bytes: 65536.
 - commit_granule_words: 8192.
 - virtual_space_node_default_size: 1048576.
 - enlarge_chunks_in_place: 1.
 - new_chunks_are_fully_committed: 0.
 - uncommit_free_chunks: 1.
 - use_allocation_guard: 0.
 - handle_deallocations: 1.


Internal statistics:

num_allocs_failed_limit: 6.
num_arena_births: 588.
num_arena_deaths: 0.
num_vsnodes_births: 7.
num_vsnodes_deaths: 0.
num_space_committed: 873.
num_space_uncommitted: 0.
num_chunks_returned_to_freelist: 6.
num_chunks_taken_from_freelist: 2782.
num_chunk_merges: 6.
num_chunk_splits: 1821.
num_chunks_enlarged: 1221.
num_purges: 0.

CodeHeap 'non-profiled nmethods': size=120000Kb used=2658Kb max_used=3005Kb free=117341Kb
 bounds [0x0000016630a60000, 0x0000016630d50000, 0x0000016637f90000]
CodeHeap 'profiled nmethods': size=120000Kb used=10538Kb max_used=10752Kb free=109461Kb
 bounds [0x0000016629530000, 0x0000016629fc0000, 0x0000016630a60000]
CodeHeap 'non-nmethods': size=5760Kb used=2352Kb max_used=2463Kb free=3408Kb
 bounds [0x0000016628f90000, 0x0000016629210000, 0x0000016629530000]
 total_blobs=6312 nmethods=5447 adapters=777
 compilation: enabled
              stopped_count=0, restarted_count=0
 full_count=0

Compilation events (20 events):
Event: 33.241 Thread 0x000001663bb8da40 6260       3       java.util.concurrent.SynchronousQueue$TransferStack::shouldSpin (30 bytes)
Event: 33.241 Thread 0x000001663bb8da40 nmethod 6260 0x0000016629c9a790 code [0x0000016629c9a940, 0x0000016629c9abd8]
Event: 33.241 Thread 0x000001663bb8da40 6261       3       java.lang.Thread::onSpinWait (1 bytes)
Event: 33.241 Thread 0x000001663bb8da40 nmethod 6261 0x00000166298d7590 code [0x00000166298d7720, 0x00000166298d7818]
Event: 33.242 Thread 0x000001663bb8d0f0 nmethod 6257 0x0000016630b05190 code [0x0000016630b05340, 0x0000016630b05718]
Event: 33.244 Thread 0x000001663bb8da40 6262       3       java.util.regex.Matcher::start (65 bytes)
Event: 33.244 Thread 0x000001663bb8da40 nmethod 6262 0x0000016629d72e10 code [0x0000016629d73060, 0x0000016629d738c8]
Event: 33.244 Thread 0x000001663bb8da40 6263       1       java.lang.StringLatin1$CharsSpliterator::characteristics (5 bytes)
Event: 33.244 Thread 0x000001663bb8da40 nmethod 6263 0x0000016630b04e90 code [0x0000016630b05020, 0x0000016630b050f8]
Event: 33.245 Thread 0x000001663bb8d0f0 6264       4       org.gradle.internal.logging.text.AbstractLineChoppingStyledTextOutput$StateContext::hasChar (22 bytes)
Event: 33.245 Thread 0x000001663bb8d0f0 nmethod 6264 0x0000016630b04b90 code [0x0000016630b04d00, 0x0000016630b04d98]
Event: 33.245 Thread 0x000001663bb8d0f0 6265       4       org.gradle.internal.logging.text.AbstractLineChoppingStyledTextOutput::doAppend (43 bytes)
Event: 33.246 Thread 0x000001663bb8da40 6266       3       java.util.regex.Matcher::search (154 bytes)
Event: 33.247 Thread 0x000001663bb8da40 nmethod 6266 0x0000016629d72410 code [0x0000016629d72600, 0x0000016629d72bc8]
Event: 33.247 Thread 0x000001663bb8da40 6268       3       java.util.Locale::hasExtensions (13 bytes)
Event: 33.247 Thread 0x000001663bb8da40 nmethod 6268 0x0000016629c9a190 code [0x0000016629c9a320, 0x0000016629c9a498]
Event: 33.250 Thread 0x000001663bb8da40 6271       3       org.gradle.internal.file.DefaultFileHierarchySet$Node::contains (101 bytes)
Event: 33.250 Thread 0x000001663bb8da40 nmethod 6271 0x0000016629d71510 code [0x0000016629d71760, 0x0000016629d72138]
Event: 33.251 Thread 0x000001663bb8da40 6272       3       org.gradle.internal.file.DefaultFileHierarchySet$PrefixFileSet::contains (10 bytes)
Event: 33.251 Thread 0x000001663bb8da40 nmethod 6272 0x0000016629d71110 code [0x0000016629d712c0, 0x0000016629d71428]

GC Heap History (10 events):
Event: 0.404 GC heap before
{Heap before GC invocations=0 (full 0):
 garbage-first heap   total 262144K, used 26624K [0x00000000e0000000, 0x0000000100000000)
  region size 1024K, 21 young (21504K), 0 survivors (0K)
 Metaspace       used 3141K, committed 3328K, reserved 221184K
  class space    used 379K, committed 448K, reserved 212992K
}
Event: 0.407 GC heap after
{Heap after GC invocations=1 (full 0):
 garbage-first heap   total 262144K, used 9549K [0x00000000e0000000, 0x0000000100000000)
  region size 1024K, 3 young (3072K), 3 survivors (3072K)
 Metaspace       used 3141K, committed 3328K, reserved 221184K
  class space    used 379K, committed 448K, reserved 212992K
}
Event: 0.654 GC heap before
{Heap before GC invocations=1 (full 0):
 garbage-first heap   total 262144K, used 33101K [0x00000000e0000000, 0x0000000100000000)
  region size 1024K, 26 young (26624K), 3 survivors (3072K)
 Metaspace       used 4118K, committed 4288K, reserved 221184K
  class space    used 481K, committed 576K, reserved 212992K
}
Event: 0.655 GC heap after
{Heap after GC invocations=2 (full 0):
 garbage-first heap   total 262144K, used 9774K [0x00000000e0000000, 0x0000000100000000)
  region size 1024K, 1 young (1024K), 1 survivors (1024K)
 Metaspace       used 4118K, committed 4288K, reserved 221184K
  class space    used 481K, committed 576K, reserved 212992K
}
Event: 1.985 GC heap before
{Heap before GC invocations=2 (full 0):
 garbage-first heap   total 262144K, used 121390K [0x00000000e0000000, 0x0000000100000000)
  region size 1024K, 110 young (112640K), 1 survivors (1024K)
 Metaspace       used 20956K, committed 21248K, reserved 237568K
  class space    used 3023K, committed 3200K, reserved 212992K
}
Event: 1.991 GC heap after
{Heap after GC invocations=3 (full 0):
 garbage-first heap   total 262144K, used 19705K [0x00000000e0000000, 0x0000000100000000)
  region size 1024K, 11 young (11264K), 11 survivors (11264K)
 Metaspace       used 20956K, committed 21248K, reserved 237568K
  class space    used 3023K, committed 3200K, reserved 212992K
}
Event: 2.947 GC heap before
{Heap before GC invocations=4 (full 0):
 garbage-first heap   total 262144K, used 119033K [0x00000000e0000000, 0x0000000100000000)
  region size 1024K, 106 young (108544K), 11 survivors (11264K)
 Metaspace       used 35159K, committed 35520K, reserved 245760K
  class space    used 4654K, committed 4864K, reserved 212992K
}
Event: 2.954 GC heap after
{Heap after GC invocations=5 (full 0):
 garbage-first heap   total 262144K, used 28631K [0x00000000e0000000, 0x0000000100000000)
  region size 1024K, 19 young (19456K), 19 survivors (19456K)
 Metaspace       used 35159K, committed 35520K, reserved 245760K
  class space    used 4654K, committed 4864K, reserved 212992K
}
Event: 4.640 GC heap before
{Heap before GC invocations=6 (full 0):
 garbage-first heap   total 262144K, used 164823K [0x00000000e0000000, 0x0000000100000000)
  region size 1024K, 153 young (156672K), 19 survivors (19456K)
 Metaspace       used 53480K, committed 53952K, reserved 262144K
  class space    used 7290K, committed 7488K, reserved 212992K
}
Event: 4.656 GC heap after
{Heap after GC invocations=7 (full 0):
 garbage-first heap   total 262144K, used 43879K [0x00000000e0000000, 0x0000000100000000)
  region size 1024K, 20 young (20480K), 20 survivors (20480K)
 Metaspace       used 53480K, committed 53952K, reserved 262144K
  class space    used 7290K, committed 7488K, reserved 212992K
}

Deoptimization events (20 events):
Event: 13.413 Thread 0x000001663fcbc8b0 Uncommon trap: trap_request=0xffffffde fr.pc=0x0000016630ab6b44 relative=0x00000000000001a4
Event: 13.413 Thread 0x000001663fcbc8b0 Uncommon trap: reason=class_check action=maybe_recompile pc=0x0000016630ab6b44 method=java.util.concurrent.locks.AbstractQueuedSynchronizer.acquireShared(I)V @ 2 c2
Event: 13.413 Thread 0x000001663fcbc8b0 DEOPT PACKING pc=0x0000016630ab6b44 sp=0x0000001ea0cfeb70
Event: 13.413 Thread 0x000001663fcbc8b0 DEOPT UNPACKING pc=0x0000016628fdd72e sp=0x0000001ea0cfeb38 mode 2
Event: 13.413 Thread 0x000001663fcbc8b0 Uncommon trap: trap_request=0xffffffde fr.pc=0x0000016630ab6b44 relative=0x00000000000001a4
Event: 13.413 Thread 0x000001663fcbc8b0 Uncommon trap: reason=class_check action=maybe_recompile pc=0x0000016630ab6b44 method=java.util.concurrent.locks.AbstractQueuedSynchronizer.acquireShared(I)V @ 2 c2
Event: 13.413 Thread 0x000001663fcbc8b0 DEOPT PACKING pc=0x0000016630ab6b44 sp=0x0000001ea0cfeb70
Event: 13.413 Thread 0x000001663fcbc8b0 DEOPT UNPACKING pc=0x0000016628fdd72e sp=0x0000001ea0cfeb38 mode 2
Event: 33.221 Thread 0x00000166423e60c0 Uncommon trap: trap_request=0xffffff45 fr.pc=0x0000016630c8dbcc relative=0x000000000000004c
Event: 33.221 Thread 0x00000166423e60c0 Uncommon trap: reason=unstable_if action=reinterpret pc=0x0000016630c8dbcc method=java.lang.Thread.interrupted()Z @ 10 c2
Event: 33.221 Thread 0x00000166423e60c0 DEOPT PACKING pc=0x0000016630c8dbcc sp=0x0000001ea11fa990
Event: 33.221 Thread 0x00000166423e60c0 DEOPT UNPACKING pc=0x0000016628fdd72e sp=0x0000001ea11fa920 mode 2
Event: 33.234 Thread 0x000001663ed97dc0 Uncommon trap: trap_request=0xffffff45 fr.pc=0x0000016630cd5e10 relative=0x00000000000006b0
Event: 33.234 Thread 0x000001663ed97dc0 Uncommon trap: reason=unstable_if action=reinterpret pc=0x0000016630cd5e10 method=java.util.regex.Matcher.search(I)Z @ 76 c2
Event: 33.234 Thread 0x000001663ed97dc0 DEOPT PACKING pc=0x0000016630cd5e10 sp=0x0000001e9eefb4f0
Event: 33.234 Thread 0x000001663ed97dc0 DEOPT UNPACKING pc=0x0000016628fdd72e sp=0x0000001e9eefb4c0 mode 2
Event: 33.237 Thread 0x000001663ed97dc0 Uncommon trap: trap_request=0xfffffff4 fr.pc=0x0000016630d2d130 relative=0x0000000000000090
Event: 33.237 Thread 0x000001663ed97dc0 Uncommon trap: reason=null_check action=make_not_entrant pc=0x0000016630d2d130 method=java.lang.Integer.equals(Ljava/lang/Object;)Z @ 1 c2
Event: 33.237 Thread 0x000001663ed97dc0 DEOPT PACKING pc=0x0000016630d2d130 sp=0x0000001e9eefa490
Event: 33.237 Thread 0x000001663ed97dc0 DEOPT UNPACKING pc=0x0000016628fdd72e sp=0x0000001e9eefa430 mode 2

Classes unloaded (0 events):
No events

Classes redefined (0 events):
No events

Internal exceptions (20 events):
Event: 4.842 Thread 0x00000166423e60c0 Exception <a 'java/lang/ClassNotFoundException'{0x00000000ef6f8e80}: org/gradle/api/internal/file/CompositeFileCollectionCustomizer> (0x00000000ef6f8e80) 
thrown [e:\jenkins\tmp\workspace\build\src\src\hotspot\share\classfile\systemDictionary.cpp, line 256]
Event: 4.843 Thread 0x00000166423e60c0 Exception <a 'java/lang/ClassNotFoundException'{0x00000000ef510f38}: org/gradle/api/internal/file/collections/DefaultConfigurableFileCollectionCustomizer> (0x00000000ef510f38) 
thrown [e:\jenkins\tmp\workspace\build\src\src\hotspot\share\classfile\systemDictionary.cpp, line 256]
Event: 4.849 Thread 0x00000166423e60c0 Exception <a 'java/lang/ClassNotFoundException'{0x00000000ef556f78}: java/io/FileBeanInfo> (0x00000000ef556f78) 
thrown [e:\jenkins\tmp\workspace\build\src\src\hotspot\share\classfile\systemDictionary.cpp, line 256]
Event: 4.849 Thread 0x00000166423e60c0 Exception <a 'java/lang/ClassNotFoundException'{0x00000000ef55c398}: java/io/FileCustomizer> (0x00000000ef55c398) 
thrown [e:\jenkins\tmp\workspace\build\src\src\hotspot\share\classfile\systemDictionary.cpp, line 256]
Event: 4.857 Thread 0x00000166423e60c0 Exception <a 'java/lang/ClassNotFoundException'{0x00000000ef480d90}: java/lang/StringBeanInfo> (0x00000000ef480d90) 
thrown [e:\jenkins\tmp\workspace\build\src\src\hotspot\share\classfile\systemDictionary.cpp, line 256]
Event: 4.857 Thread 0x00000166423e60c0 Exception <a 'java/lang/ClassNotFoundException'{0x00000000ef486238}: java/lang/StringCustomizer> (0x00000000ef486238) 
thrown [e:\jenkins\tmp\workspace\build\src\src\hotspot\share\classfile\systemDictionary.cpp, line 256]
Event: 4.858 Thread 0x00000166423e60c0 Implicit null exception at 0x0000016630d46eef to 0x0000016630d473e4
Event: 4.858 Thread 0x00000166423e60c0 Implicit null exception at 0x0000016630d49d40 to 0x0000016630d4a764
Event: 4.872 Thread 0x00000166423e6b60 Exception <a 'java/lang/NoSuchMethodError'{0x00000000ef390e78}: 'void java.lang.invoke.DirectMethodHandle$Holder.invokeStatic(java.lang.Object, long)'> (0x00000000ef390e78) 
thrown [e:\jenkins\tmp\workspace\build\src\src\hotspot\share\interpreter\linkResolver.cpp, line 790]
Event: 4.873 Thread 0x00000166423e6b60 Exception <a 'java/lang/NoSuchMethodError'{0x00000000ef396700}: 'java.lang.Object java.lang.invoke.DirectMethodHandle$Holder.newInvokeSpecial(java.lang.Object, long)'> (0x00000000ef396700) 
thrown [e:\jenkins\tmp\workspace\build\src\src\hotspot\share\interpreter\linkResolver.cpp, line 790]
Event: 4.874 Thread 0x00000166423e6b60 Exception <a 'java/lang/NoSuchMethodError'{0x00000000ef39d870}: 'java.lang.Object java.lang.invoke.DirectMethodHandle$Holder.invokeStatic(java.lang.Object, java.lang.Object, long, java.lang.Object)'> (0x00000000ef39d870) 
thrown [e:\jenkins\tmp\workspace\build\src\src\hotspot\share\interpreter\linkResolver.cpp, line 790]
Event: 4.874 Thread 0x00000166423e6b60 Exception <a 'java/lang/NoSuchMethodError'{0x00000000ef3a1510}: 'java.lang.Object java.lang.invoke.DirectMethodHandle$Holder.invokeStaticInit(java.lang.Object, java.lang.Object, long, java.lang.Object)'> (0x00000000ef3a1510) 
thrown [e:\jenkins\tmp\workspace\build\src\src\hotspot\share\interpreter\linkResolver.cpp, line 790]
Event: 4.875 Thread 0x00000166423e6b60 Exception <a 'java/lang/NoSuchMethodError'{0x00000000ef3a7e78}: 'java.lang.Object java.lang.invoke.DirectMethodHandle$Holder.newInvokeSpecial(java.lang.Object, java.lang.Object, long)'> (0x00000000ef3a7e78) 
thrown [e:\jenkins\tmp\workspace\build\src\src\hotspot\share\interpreter\linkResolver.cpp, line 790]
Event: 4.875 Thread 0x00000166423e6b60 Exception <a 'java/lang/NoSuchMethodError'{0x00000000ef3abbe8}: 'java.lang.Object java.lang.invoke.Invokers$Holder.linkToTargetMethod(java.lang.Object, long, java.lang.Object)'> (0x00000000ef3abbe8) 
thrown [e:\jenkins\tmp\workspace\build\src\src\hotspot\share\interpreter\linkResolver.cpp, line 790]
Event: 11.042 Thread 0x000001663ed99850 Implicit null exception at 0x0000016630a983f2 to 0x0000016630a98990
Event: 11.042 Thread 0x000001663ed99850 Implicit null exception at 0x0000016630ab22f2 to 0x0000016630ab2894
Event: 33.222 Thread 0x00000166423e60c0 Exception <a 'java/lang/reflect/InvocationTargetException'{0x00000000ef350c28}> (0x00000000ef350c28) 
thrown [e:\jenkins\tmp\workspace\build\src\src\hotspot\share\runtime\reflection.cpp, line 1157]
Event: 33.227 Thread 0x000001663ed97320 Exception <a 'java/lang/NoSuchMethodError'{0x00000000eef7d278}: static Lorg/gradle/internal/build/event/types/DefaultTaskFailureResult;.<clinit>()V> (0x00000000eef7d278) 
thrown [e:\jenkins\tmp\workspace\build\src\src\hotspot\share\prims\jni.cpp, line 1210]
Event: 33.230 Thread 0x000001663ed97320 Exception <a 'java/lang/NoSuchMethodError'{0x00000000eef8bba0}: static Lorg/gradle/internal/build/event/types/DefaultFailure;.<clinit>()V> (0x00000000eef8bba0) 
thrown [e:\jenkins\tmp\workspace\build\src\src\hotspot\share\prims\jni.cpp, line 1210]
Event: 33.237 Thread 0x000001663ed97dc0 Implicit null exception at 0x0000016630d2d0cc to 0x0000016630d2d120

Events (20 events):
Event: 33.224 loading class java/lang/Throwable$PrintStreamOrWriter
Event: 33.224 loading class java/lang/Throwable$PrintStreamOrWriter done
Event: 33.224 loading class java/lang/Throwable$WrappedPrintWriter done
Event: 33.224 loading class java/lang/StackTraceElement$HashedModules
Event: 33.224 loading class java/lang/StackTraceElement$HashedModules done
Event: 33.228 Thread 0x00000166423e95e0 Thread exited: 0x00000166423e95e0
Event: 33.228 Thread 0x00000166423e60c0 Thread exited: 0x00000166423e60c0
Event: 33.228 Thread 0x00000166423e7600 Thread exited: 0x00000166423e7600
Event: 33.228 Thread 0x00000166423e9090 Thread exited: 0x00000166423e9090
Event: 33.228 Thread 0x00000166423e80a0 Thread exited: 0x00000166423e80a0
Event: 33.232 loading class java/util/concurrent/ConcurrentLinkedQueue$Itr
Event: 33.232 loading class java/util/concurrent/ConcurrentLinkedQueue$Itr done
Event: 33.234 loading class java/util/logging/LogRecord
Event: 33.235 loading class java/util/logging/LogRecord done
Event: 33.243 Executing  VM operation: HandshakeAllThreads
Event: 33.243 Executing  VM operation: HandshakeAllThreads done
Event: 33.243 Executing  VM operation: Cleanup
Event: 33.243 Executing  VM operation: Cleanup done
Event: 33.244 Executing  VM operation: HandshakeAllThreads
Event: 33.245 Executing  VM operation: HandshakeAllThreads done


Dynamic libraries:
0x00007ff778500000 - 0x00007ff77850e000 	C:\Program Files\AdoptOpenJDK\jdk-16.0.1.9-hotspot\bin\java.exe
0x00007ffa6ca70000 - 0x00007ffa6cc65000 	C:\WINDOWS\SYSTEM32\ntdll.dll
0x00007ffa6bb50000 - 0x00007ffa6bc0d000 	C:\WINDOWS\System32\KERNEL32.DLL
0x00007ffa6a530000 - 0x00007ffa6a7f9000 	C:\WINDOWS\System32\KERNELBASE.dll
0x00007ffa6a8a0000 - 0x00007ffa6a9a0000 	C:\WINDOWS\System32\ucrtbase.dll
0x00007ffa63d70000 - 0x00007ffa63d88000 	C:\Program Files\AdoptOpenJDK\jdk-16.0.1.9-hotspot\bin\jli.dll
0x00007ffa63c00000 - 0x00007ffa63c19000 	C:\Program Files\AdoptOpenJDK\jdk-16.0.1.9-hotspot\bin\VCRUNTIME140.dll
0x00007ffa6c890000 - 0x00007ffa6ca30000 	C:\WINDOWS\System32\USER32.dll
0x00007ffa6a4b0000 - 0x00007ffa6a4d2000 	C:\WINDOWS\System32\win32u.dll
0x00007ffa497a0000 - 0x00007ffa49a3a000 	C:\WINDOWS\WinSxS\amd64_microsoft.windows.common-controls_6595b64144ccf1df_6.0.19041.1083_none_60bbe31371f34e71\COMCTL32.dll
0x00007ffa6c280000 - 0x00007ffa6c2aa000 	C:\WINDOWS\System32\GDI32.dll
0x00007ffa6a3a0000 - 0x00007ffa6a4ab000 	C:\WINDOWS\System32\gdi32full.dll
0x00007ffa6c130000 - 0x00007ffa6c1ce000 	C:\WINDOWS\System32\msvcrt.dll
0x00007ffa6a800000 - 0x00007ffa6a89d000 	C:\WINDOWS\System32\msvcp_win.dll
0x00007ffa6b070000 - 0x00007ffa6b0a0000 	C:\WINDOWS\System32\IMM32.DLL
0x00007ffa65570000 - 0x00007ffa6557c000 	C:\Program Files\AdoptOpenJDK\jdk-16.0.1.9-hotspot\bin\vcruntime140_1.dll
0x00007ffa5a610000 - 0x00007ffa5a6a1000 	C:\Program Files\AdoptOpenJDK\jdk-16.0.1.9-hotspot\bin\msvcp140.dll
0x00007ffa06350000 - 0x00007ffa06f88000 	C:\Program Files\AdoptOpenJDK\jdk-16.0.1.9-hotspot\bin\server\jvm.dll
0x00007ffa6c6d0000 - 0x00007ffa6c77c000 	C:\WINDOWS\System32\ADVAPI32.dll
0x00007ffa6afc0000 - 0x00007ffa6b05b000 	C:\WINDOWS\System32\sechost.dll
0x00007ffa6c4b0000 - 0x00007ffa6c5da000 	C:\WINDOWS\System32\RPCRT4.dll
0x00007ffa6b840000 - 0x00007ffa6b848000 	C:\WINDOWS\System32\PSAPI.DLL
0x00007ffa44d10000 - 0x00007ffa44d19000 	C:\WINDOWS\SYSTEM32\WSOCK32.dll
0x00007ffa4d770000 - 0x00007ffa4d797000 	C:\WINDOWS\SYSTEM32\WINMM.dll
0x00007ffa62420000 - 0x00007ffa6242a000 	C:\WINDOWS\SYSTEM32\VERSION.dll
0x00007ffa6c660000 - 0x00007ffa6c6cb000 	C:\WINDOWS\System32\WS2_32.dll
0x00007ffa68100000 - 0x00007ffa68112000 	C:\WINDOWS\SYSTEM32\kernel.appcore.dll
0x00007ffa63f30000 - 0x00007ffa63f3a000 	C:\Program Files\AdoptOpenJDK\jdk-16.0.1.9-hotspot\bin\jimage.dll
0x00007ffa64fb0000 - 0x00007ffa65194000 	C:\WINDOWS\SYSTEM32\DBGHELP.DLL
0x00007ffa64da0000 - 0x00007ffa64dcc000 	C:\WINDOWS\SYSTEM32\dbgcore.DLL
0x00007ffa6aa50000 - 0x00007ffa6aad3000 	C:\WINDOWS\System32\bcryptPrimitives.dll
0x00007ffa5b280000 - 0x00007ffa5b2a5000 	C:\Program Files\AdoptOpenJDK\jdk-16.0.1.9-hotspot\bin\java.dll
0x00007ffa6b100000 - 0x00007ffa6b83f000 	C:\WINDOWS\System32\SHELL32.dll
0x00007ffa68300000 - 0x00007ffa68a91000 	C:\WINDOWS\SYSTEM32\windows.storage.dll
0x00007ffa6bdd0000 - 0x00007ffa6c125000 	C:\WINDOWS\System32\combase.dll
0x00007ffa69c20000 - 0x00007ffa69c4c000 	C:\WINDOWS\SYSTEM32\Wldp.dll
0x00007ffa6c1d0000 - 0x00007ffa6c27e000 	C:\WINDOWS\System32\SHCORE.dll
0x00007ffa6c780000 - 0x00007ffa6c7d5000 	C:\WINDOWS\System32\shlwapi.dll
0x00007ffa6a0f0000 - 0x00007ffa6a10f000 	C:\WINDOWS\SYSTEM32\profapi.dll
0x00007ffa5f850000 - 0x00007ffa5f869000 	C:\Program Files\AdoptOpenJDK\jdk-16.0.1.9-hotspot\bin\net.dll
0x00007ffa63580000 - 0x00007ffa6368a000 	C:\WINDOWS\SYSTEM32\WINHTTP.dll
0x00007ffa69980000 - 0x00007ffa699ea000 	C:\WINDOWS\system32\mswsock.dll
0x00007ffa5b260000 - 0x00007ffa5b273000 	C:\Program Files\AdoptOpenJDK\jdk-16.0.1.9-hotspot\bin\nio.dll
0x00007ffa5ae10000 - 0x00007ffa5ae28000 	C:\Program Files\AdoptOpenJDK\jdk-16.0.1.9-hotspot\bin\zip.dll
0x00007ffa63920000 - 0x00007ffa63930000 	C:\Program Files\AdoptOpenJDK\jdk-16.0.1.9-hotspot\bin\verify.dll
0x00007ffa5aef0000 - 0x00007ffa5af17000 	C:\Users\80010-02-10\.gradle\native\49d0259a56938c7f99b2704e745ce422c4f750a7a20b539a32ccef96729676b1\windows-amd64\native-platform.dll
0x00007ffa09520000 - 0x00007ffa096b6000 	C:\Users\80010-02-10\.gradle\native\12488b8bf47d2d4c9fbf2f6322a914ad602e24e48041cd04a747c6da556b65c4\windows-amd64\native-platform-file-events.dll
0x00007ffa627f0000 - 0x00007ffa627f9000 	C:\Program Files\AdoptOpenJDK\jdk-16.0.1.9-hotspot\bin\management.dll
0x00007ffa5f730000 - 0x00007ffa5f73b000 	C:\Program Files\AdoptOpenJDK\jdk-16.0.1.9-hotspot\bin\management_ext.dll
0x00007ffa69b60000 - 0x00007ffa69b78000 	C:\WINDOWS\SYSTEM32\CRYPTSP.dll
0x00007ffa69250000 - 0x00007ffa69284000 	C:\WINDOWS\system32\rsaenh.dll
0x00007ffa6a310000 - 0x00007ffa6a337000 	C:\WINDOWS\System32\bcrypt.dll
0x00007ffa6a0b0000 - 0x00007ffa6a0de000 	C:\WINDOWS\SYSTEM32\USERENV.dll
0x00007ffa69b80000 - 0x00007ffa69b8c000 	C:\WINDOWS\SYSTEM32\CRYPTBASE.dll
0x00007ffa69600000 - 0x00007ffa6963b000 	C:\WINDOWS\SYSTEM32\IPHLPAPI.DLL
0x00007ffa6b060000 - 0x00007ffa6b068000 	C:\WINDOWS\System32\NSI.dll
0x00007ffa659a0000 - 0x00007ffa659b7000 	C:\WINDOWS\SYSTEM32\dhcpcsvc6.DLL
0x00007ffa65950000 - 0x00007ffa6596d000 	C:\WINDOWS\SYSTEM32\dhcpcsvc.DLL
0x00007ffa69640000 - 0x00007ffa6970c000 	C:\WINDOWS\SYSTEM32\DNSAPI.dll
0x00007ffa5cfb0000 - 0x00007ffa5cfbe000 	C:\Program Files\AdoptOpenJDK\jdk-16.0.1.9-hotspot\bin\sunmscapi.dll
0x00007ffa6a1b0000 - 0x00007ffa6a30f000 	C:\WINDOWS\System32\CRYPT32.dll
0x00007ffa69c90000 - 0x00007ffa69cb7000 	C:\WINDOWS\SYSTEM32\ncrypt.dll
0x00007ffa69c50000 - 0x00007ffa69c8b000 	C:\WINDOWS\SYSTEM32\NTASN1.dll
0x00007ffa5ce80000 - 0x00007ffa5ce87000 	C:\WINDOWS\system32\wshunix.dll

dbghelp: loaded successfully - version: 4.0.5 - missing functions: none
symbol engine: initialized successfully - sym options: 0x614 - pdb path: .;C:\Program Files\AdoptOpenJDK\jdk-16.0.1.9-hotspot\bin;C:\WINDOWS\SYSTEM32;C:\WINDOWS\WinSxS\amd64_microsoft.windows.common-controls_6595b64144ccf1df_6.0.19041.1083_none_60bbe31371f34e71;C:\Program Files\AdoptOpenJDK\jdk-16.0.1.9-hotspot\bin\server;C:\Users\80010-02-10\.gradle\native\49d0259a56938c7f99b2704e745ce422c4f750a7a20b539a32ccef96729676b1\windows-amd64;C:\Users\80010-02-10\.gradle\native\12488b8bf47d2d4c9fbf2f6322a914ad602e24e48041cd04a747c6da556b65c4\windows-amd64

VM Arguments:
jvm_args: --add-opens=java.base/java.util=ALL-UNNAMED --add-opens=java.base/java.lang=ALL-UNNAMED --add-opens=java.base/java.lang.invoke=ALL-UNNAMED --add-opens=java.base/java.util=ALL-UNNAMED --add-opens=java.prefs/java.util.prefs=ALL-UNNAMED --add-opens=java.prefs/java.util.prefs=ALL-UNNAMED --add-opens=java.base/java.nio.charset=ALL-UNNAMED --add-opens=java.base/java.net=ALL-UNNAMED --add-opens=java.base/java.util.concurrent.atomic=ALL-UNNAMED -XX:MaxMetaspaceSize=256m -XX:+HeapDumpOnOutOfMemoryError -Xms256m -Xmx512m -Dfile.encoding=windows-1252 -Duser.country=FR -Duser.language=fr -Duser.variant 
java_command: org.gradle.launcher.daemon.bootstrap.GradleDaemon 7.0
java_class_path (initial): C:\Users\80010-02-10\.gradle\wrapper\dists\gradle-7.0-bin\2p9ebqfz6ilrfozi676ogco7n\gradle-7.0\lib\gradle-launcher-7.0.jar
Launcher Type: SUN_STANDARD

[Global flags]
     intx CICompilerCount                          = 3                                         {product} {ergonomic}
   size_t CompressedClassSpaceSize                 = 218103808                                 {product} {ergonomic}
     uint ConcGCThreads                            = 2                                         {product} {ergonomic}
     uint G1ConcRefinementThreads                  = 6                                         {product} {ergonomic}
   size_t G1HeapRegionSize                         = 1048576                                   {product} {ergonomic}
    uintx GCDrainStackTargetSize                   = 64                                        {product} {ergonomic}
     bool HeapDumpOnOutOfMemoryError               = true                                   {manageable} {command line}
   size_t InitialHeapSize                          = 268435456                                 {product} {command line}
   size_t MarkStackSize                            = 4194304                                   {product} {ergonomic}
   size_t MaxHeapSize                              = 536870912                                 {product} {command line}
   size_t MaxMetaspaceSize                         = 268435456                                 {product} {command line}
   size_t MaxNewSize                               = 321912832                                 {product} {ergonomic}
   size_t MinHeapDeltaBytes                        = 1048576                                   {product} {ergonomic}
   size_t MinHeapSize                              = 268435456                                 {product} {command line}
    uintx NonNMethodCodeHeapSize                   = 5832780                                {pd product} {ergonomic}
    uintx NonProfiledCodeHeapSize                  = 122912730                              {pd product} {ergonomic}
    uintx ProfiledCodeHeapSize                     = 122912730                              {pd product} {ergonomic}
    uintx ReservedCodeCacheSize                    = 251658240                              {pd product} {ergonomic}
     bool SegmentedCodeCache                       = true                                      {product} {ergonomic}
   size_t SoftMaxHeapSize                          = 536870912                              {manageable} {ergonomic}
     bool UseCompressedClassPointers               = true                           {product lp64_product} {ergonomic}
     bool UseCompressedOops                        = true                           {product lp64_product} {ergonomic}
     bool UseG1GC                                  = true                                      {product} {ergonomic}
     bool UseLargePagesIndividualAllocation        = false                                  {pd product} {ergonomic}

Logging:
Log output configuration:
 #0: stdout all=warning uptime,level,tags
 #1: stderr all=off uptime,level,tags

Environment Variables:
JAVA_HOME=C:\Program Files\AdoptOpenJDK\jdk-16.0.1.9-hotspot\
PATH=C:\Program Files\AdoptOpenJDK\jdk-16.0.1.9-hotspot\bin;C:\Program Files (x86)\Common Files\Oracle\Java\javapath;C:\WINDOWS\system32;C:\WINDOWS;C:\WINDOWS\System32\Wbem;C:\WINDOWS\System32\WindowsPowerShell\v1.0\;C:\WINDOWS\System32\OpenSSH\;C:\Program Files (x86)\Microsoft VS Code\bin;C:\Program Files\dotnet\;C:\Program Files\Microsoft SQL Server\130\Tools\Binn\;C:\Program Files\Microsoft SQL Server\Client SDK\ODBC\170\Tools\Binn\;C:\ProgramData\ComposerSetup\bin;C:\Program Files\Symfony;C:\php-7.4.20;C:\Program Files\Git\cmd;C:\Users\80010-02-10\AppData\Local\Microsoft\WindowsApps;C:\Users\80010-02-10\AppData\Roaming\Composer\vendor\bin;C:\Program Files\JetBrains\PhpStorm 2021.1.3\bin;;C:\Program Files\JetBrains\IntelliJ IDEA 2021.1.3\bin;
USERNAME=80010-02-10
OS=Windows_NT
PROCESSOR_IDENTIFIER=Intel64 Family 6 Model 158 Stepping 10, GenuineIntel



---------------  S Y S T E M  ---------------

OS:
 Windows 10 , 64 bit Build 19041 (10.0.19041.1023)
OS uptime: 9 days 2:07 hours

CPU: total 6 (initial active 6) (6 cores per cpu, 1 threads per core) family 6 model 158 stepping 10 microcode 0xb4, cx8, cmov, fxsr, mmx, 3dnowpref, sse, sse2, sse3, ssse3, sse4.1, sse4.2, popcnt, lzcnt, tsc, tscinvbit, avx, avx2, aes, erms, clmul, bmi1, bmi2, adx, fma, vzeroupper, clflush, clflushopt

Memory: 4k page, system-wide physical 16219M (8028M free)
TotalPageFile size 18651M (AvailPageFile size 7447M)
current process WorkingSet (physical memory assigned to process): 367M, peak: 400M
current process commit charge ("private bytes"): 459M, peak: 491M

vm_info: OpenJDK 64-Bit Server VM (16.0.1+9) for windows-amd64 JRE (16.0.1+9), built on Apr 21 2021 12:30:27 by "" with MS VC++ 16.7 (VS2019)

END.
